<testsuites id="" name="" tests="95" failures="82" skipped="0" errors="0" time="505.65558899999996">
<testsuite name="auth.spec.ts" timestamp="2025-08-23T20:20:14.003Z" hostname="chromium" tests="6" failures="4" skipped="0" time="164.068" errors="0">
<testcase name="ðŸ” Authentication â€º should redirect to login when not authenticated" classname="auth.spec.ts" time="18.272">
</testcase>
<testcase name="ðŸ” Authentication â€º should display login form" classname="auth.spec.ts" time="29.411">
<failure message="auth.spec.ts:13:3 should display login form" type="FAILURE">
<![CDATA[  [chromium] â€º auth.spec.ts:13:3 â€º ðŸ” Authentication â€º should display login form â”€â”€â”€â”€â”€â”€â”€â”€â”€â”€â”€â”€â”€â”€â”€â”€â”€â”€â”€

    Error: expect(locator).toBeVisible() failed

    Locator:  locator('input[type="email"]')
    Expected: visible
    Received: <element(s) not found>
    Timeout:  5000ms

    Call log:
      - Expect "toBeVisible" with timeout 5000ms
      - waiting for locator('input[type="email"]')


      15 |     
      16 |     // Check login form elements
    > 17 |     await expect(page.locator('input[type="email"]')).toBeVisible();
         |                                                       ^
      18 |     await expect(page.locator('input[type="password"]')).toBeVisible();
      19 |     await expect(page.locator('button[type="submit"]')).toBeVisible();
      20 |   });
        at C:\Users\SERVICE-INFO\IA\loft-algerie\tests\e2e\auth.spec.ts:17:55

    attachment #1: screenshot (image/png) â”€â”€â”€â”€â”€â”€â”€â”€â”€â”€â”€â”€â”€â”€â”€â”€â”€â”€â”€â”€â”€â”€â”€â”€â”€â”€â”€â”€â”€â”€â”€â”€â”€â”€â”€â”€â”€â”€â”€â”€â”€â”€â”€â”€â”€â”€â”€â”€â”€â”€â”€â”€â”€â”€â”€â”€â”€â”€
    ..\..\test-results\auth-ðŸ”-Authentication-should-display-login-form-chromium\test-failed-1.png
    â”€â”€â”€â”€â”€â”€â”€â”€â”€â”€â”€â”€â”€â”€â”€â”€â”€â”€â”€â”€â”€â”€â”€â”€â”€â”€â”€â”€â”€â”€â”€â”€â”€â”€â”€â”€â”€â”€â”€â”€â”€â”€â”€â”€â”€â”€â”€â”€â”€â”€â”€â”€â”€â”€â”€â”€â”€â”€â”€â”€â”€â”€â”€â”€â”€â”€â”€â”€â”€â”€â”€â”€â”€â”€â”€â”€â”€â”€â”€â”€â”€â”€â”€â”€â”€â”€â”€â”€â”€â”€â”€â”€â”€â”€â”€â”€

    attachment #2: video (video/webm) â”€â”€â”€â”€â”€â”€â”€â”€â”€â”€â”€â”€â”€â”€â”€â”€â”€â”€â”€â”€â”€â”€â”€â”€â”€â”€â”€â”€â”€â”€â”€â”€â”€â”€â”€â”€â”€â”€â”€â”€â”€â”€â”€â”€â”€â”€â”€â”€â”€â”€â”€â”€â”€â”€â”€â”€â”€â”€â”€â”€â”€â”€
    ..\..\test-results\auth-ðŸ”-Authentication-should-display-login-form-chromium\video.webm
    â”€â”€â”€â”€â”€â”€â”€â”€â”€â”€â”€â”€â”€â”€â”€â”€â”€â”€â”€â”€â”€â”€â”€â”€â”€â”€â”€â”€â”€â”€â”€â”€â”€â”€â”€â”€â”€â”€â”€â”€â”€â”€â”€â”€â”€â”€â”€â”€â”€â”€â”€â”€â”€â”€â”€â”€â”€â”€â”€â”€â”€â”€â”€â”€â”€â”€â”€â”€â”€â”€â”€â”€â”€â”€â”€â”€â”€â”€â”€â”€â”€â”€â”€â”€â”€â”€â”€â”€â”€â”€â”€â”€â”€â”€â”€â”€

    Error Context: ..\..\test-results\auth-ðŸ”-Authentication-should-display-login-form-chromium\error-context.md
]]>
</failure>
<system-out>
<![CDATA[
[[ATTACHMENT|auth-ðŸ”-Authentication-should-display-login-form-chromium\test-failed-1.png]]

[[ATTACHMENT|auth-ðŸ”-Authentication-should-display-login-form-chromium\video.webm]]

[[ATTACHMENT|auth-ðŸ”-Authentication-should-display-login-form-chromium\error-context.md]]
]]>
</system-out>
</testcase>
<testcase name="ðŸ” Authentication â€º should show validation errors for empty form" classname="auth.spec.ts" time="30.378">
<failure message="auth.spec.ts:22:3 should show validation errors for empty form" type="FAILURE">
<![CDATA[  [chromium] â€º auth.spec.ts:22:3 â€º ðŸ” Authentication â€º should show validation errors for empty form 

    Test timeout of 30000ms exceeded.

    Error: page.click: Test timeout of 30000ms exceeded.
    Call log:
      - waiting for locator('button[type="submit"]')


      24 |     
      25 |     // Try to submit empty form
    > 26 |     await page.click('button[type="submit"]');
         |                ^
      27 |     
      28 |     // Should show validation errors
      29 |     await expect(page.locator('text=Email is required')).toBeVisible();
        at C:\Users\SERVICE-INFO\IA\loft-algerie\tests\e2e\auth.spec.ts:26:16

    attachment #1: screenshot (image/png) â”€â”€â”€â”€â”€â”€â”€â”€â”€â”€â”€â”€â”€â”€â”€â”€â”€â”€â”€â”€â”€â”€â”€â”€â”€â”€â”€â”€â”€â”€â”€â”€â”€â”€â”€â”€â”€â”€â”€â”€â”€â”€â”€â”€â”€â”€â”€â”€â”€â”€â”€â”€â”€â”€â”€â”€â”€â”€
    ..\..\test-results\auth-ðŸ”-Authentication-sho-28a5c-ation-errors-for-empty-form-chromium\test-failed-1.png
    â”€â”€â”€â”€â”€â”€â”€â”€â”€â”€â”€â”€â”€â”€â”€â”€â”€â”€â”€â”€â”€â”€â”€â”€â”€â”€â”€â”€â”€â”€â”€â”€â”€â”€â”€â”€â”€â”€â”€â”€â”€â”€â”€â”€â”€â”€â”€â”€â”€â”€â”€â”€â”€â”€â”€â”€â”€â”€â”€â”€â”€â”€â”€â”€â”€â”€â”€â”€â”€â”€â”€â”€â”€â”€â”€â”€â”€â”€â”€â”€â”€â”€â”€â”€â”€â”€â”€â”€â”€â”€â”€â”€â”€â”€â”€â”€

    attachment #2: video (video/webm) â”€â”€â”€â”€â”€â”€â”€â”€â”€â”€â”€â”€â”€â”€â”€â”€â”€â”€â”€â”€â”€â”€â”€â”€â”€â”€â”€â”€â”€â”€â”€â”€â”€â”€â”€â”€â”€â”€â”€â”€â”€â”€â”€â”€â”€â”€â”€â”€â”€â”€â”€â”€â”€â”€â”€â”€â”€â”€â”€â”€â”€â”€
    ..\..\test-results\auth-ðŸ”-Authentication-sho-28a5c-ation-errors-for-empty-form-chromium\video.webm
    â”€â”€â”€â”€â”€â”€â”€â”€â”€â”€â”€â”€â”€â”€â”€â”€â”€â”€â”€â”€â”€â”€â”€â”€â”€â”€â”€â”€â”€â”€â”€â”€â”€â”€â”€â”€â”€â”€â”€â”€â”€â”€â”€â”€â”€â”€â”€â”€â”€â”€â”€â”€â”€â”€â”€â”€â”€â”€â”€â”€â”€â”€â”€â”€â”€â”€â”€â”€â”€â”€â”€â”€â”€â”€â”€â”€â”€â”€â”€â”€â”€â”€â”€â”€â”€â”€â”€â”€â”€â”€â”€â”€â”€â”€â”€â”€

    Error Context: ..\..\test-results\auth-ðŸ”-Authentication-sho-28a5c-ation-errors-for-empty-form-chromium\error-context.md
]]>
</failure>
<system-out>
<![CDATA[
[[ATTACHMENT|auth-ðŸ”-Authentication-sho-28a5c-ation-errors-for-empty-form-chromium\test-failed-1.png]]

[[ATTACHMENT|auth-ðŸ”-Authentication-sho-28a5c-ation-errors-for-empty-form-chromium\video.webm]]

[[ATTACHMENT|auth-ðŸ”-Authentication-sho-28a5c-ation-errors-for-empty-form-chromium\error-context.md]]
]]>
</system-out>
</testcase>
<testcase name="ðŸ” Authentication â€º should show error for invalid credentials" classname="auth.spec.ts" time="31.235">
<failure message="auth.spec.ts:33:3 should show error for invalid credentials" type="FAILURE">
<![CDATA[  [chromium] â€º auth.spec.ts:33:3 â€º ðŸ” Authentication â€º should show error for invalid credentials â”€â”€â”€

    Test timeout of 30000ms exceeded.

    Error: page.fill: Test timeout of 30000ms exceeded.
    Call log:
      - waiting for locator('input[type="email"]')


      35 |     
      36 |     // Fill invalid credentials
    > 37 |     await page.fill('input[type="email"]', 'invalid@example.com');
         |                ^
      38 |     await page.fill('input[type="password"]', 'wrongpassword');
      39 |     await page.click('button[type="submit"]');
      40 |     
        at C:\Users\SERVICE-INFO\IA\loft-algerie\tests\e2e\auth.spec.ts:37:16

    attachment #1: screenshot (image/png) â”€â”€â”€â”€â”€â”€â”€â”€â”€â”€â”€â”€â”€â”€â”€â”€â”€â”€â”€â”€â”€â”€â”€â”€â”€â”€â”€â”€â”€â”€â”€â”€â”€â”€â”€â”€â”€â”€â”€â”€â”€â”€â”€â”€â”€â”€â”€â”€â”€â”€â”€â”€â”€â”€â”€â”€â”€â”€
    ..\..\test-results\auth-ðŸ”-Authentication-sho-49446-ror-for-invalid-credentials-chromium\test-failed-1.png
    â”€â”€â”€â”€â”€â”€â”€â”€â”€â”€â”€â”€â”€â”€â”€â”€â”€â”€â”€â”€â”€â”€â”€â”€â”€â”€â”€â”€â”€â”€â”€â”€â”€â”€â”€â”€â”€â”€â”€â”€â”€â”€â”€â”€â”€â”€â”€â”€â”€â”€â”€â”€â”€â”€â”€â”€â”€â”€â”€â”€â”€â”€â”€â”€â”€â”€â”€â”€â”€â”€â”€â”€â”€â”€â”€â”€â”€â”€â”€â”€â”€â”€â”€â”€â”€â”€â”€â”€â”€â”€â”€â”€â”€â”€â”€â”€

    attachment #2: video (video/webm) â”€â”€â”€â”€â”€â”€â”€â”€â”€â”€â”€â”€â”€â”€â”€â”€â”€â”€â”€â”€â”€â”€â”€â”€â”€â”€â”€â”€â”€â”€â”€â”€â”€â”€â”€â”€â”€â”€â”€â”€â”€â”€â”€â”€â”€â”€â”€â”€â”€â”€â”€â”€â”€â”€â”€â”€â”€â”€â”€â”€â”€â”€
    ..\..\test-results\auth-ðŸ”-Authentication-sho-49446-ror-for-invalid-credentials-chromium\video.webm
    â”€â”€â”€â”€â”€â”€â”€â”€â”€â”€â”€â”€â”€â”€â”€â”€â”€â”€â”€â”€â”€â”€â”€â”€â”€â”€â”€â”€â”€â”€â”€â”€â”€â”€â”€â”€â”€â”€â”€â”€â”€â”€â”€â”€â”€â”€â”€â”€â”€â”€â”€â”€â”€â”€â”€â”€â”€â”€â”€â”€â”€â”€â”€â”€â”€â”€â”€â”€â”€â”€â”€â”€â”€â”€â”€â”€â”€â”€â”€â”€â”€â”€â”€â”€â”€â”€â”€â”€â”€â”€â”€â”€â”€â”€â”€â”€

    Error Context: ..\..\test-results\auth-ðŸ”-Authentication-sho-49446-ror-for-invalid-credentials-chromium\error-context.md
]]>
</failure>
<system-out>
<![CDATA[
[[ATTACHMENT|auth-ðŸ”-Authentication-sho-49446-ror-for-invalid-credentials-chromium\test-failed-1.png]]

[[ATTACHMENT|auth-ðŸ”-Authentication-sho-49446-ror-for-invalid-credentials-chromium\video.webm]]

[[ATTACHMENT|auth-ðŸ”-Authentication-sho-49446-ror-for-invalid-credentials-chromium\error-context.md]]
]]>
</system-out>
</testcase>
<testcase name="ðŸ” Authentication â€º should navigate to register page" classname="auth.spec.ts" time="30.732">
<failure message="auth.spec.ts:45:3 should navigate to register page" type="FAILURE">
<![CDATA[  [chromium] â€º auth.spec.ts:45:3 â€º ðŸ” Authentication â€º should navigate to register page â”€â”€â”€â”€â”€â”€â”€â”€â”€â”€â”€â”€

    Test timeout of 30000ms exceeded.

    Error: page.click: Test timeout of 30000ms exceeded.
    Call log:
      - waiting for locator('text=Create an account')


      47 |     
      48 |     // Click register link
    > 49 |     await page.click('text=Create an account');
         |                ^
      50 |     await expect(page).toHaveURL(/.*\/register/);
      51 |   });
      52 |
        at C:\Users\SERVICE-INFO\IA\loft-algerie\tests\e2e\auth.spec.ts:49:16

    attachment #1: screenshot (image/png) â”€â”€â”€â”€â”€â”€â”€â”€â”€â”€â”€â”€â”€â”€â”€â”€â”€â”€â”€â”€â”€â”€â”€â”€â”€â”€â”€â”€â”€â”€â”€â”€â”€â”€â”€â”€â”€â”€â”€â”€â”€â”€â”€â”€â”€â”€â”€â”€â”€â”€â”€â”€â”€â”€â”€â”€â”€â”€
    ..\..\test-results\auth-ðŸ”-Authentication-should-navigate-to-register-page-chromium\test-failed-1.png
    â”€â”€â”€â”€â”€â”€â”€â”€â”€â”€â”€â”€â”€â”€â”€â”€â”€â”€â”€â”€â”€â”€â”€â”€â”€â”€â”€â”€â”€â”€â”€â”€â”€â”€â”€â”€â”€â”€â”€â”€â”€â”€â”€â”€â”€â”€â”€â”€â”€â”€â”€â”€â”€â”€â”€â”€â”€â”€â”€â”€â”€â”€â”€â”€â”€â”€â”€â”€â”€â”€â”€â”€â”€â”€â”€â”€â”€â”€â”€â”€â”€â”€â”€â”€â”€â”€â”€â”€â”€â”€â”€â”€â”€â”€â”€â”€

    attachment #2: video (video/webm) â”€â”€â”€â”€â”€â”€â”€â”€â”€â”€â”€â”€â”€â”€â”€â”€â”€â”€â”€â”€â”€â”€â”€â”€â”€â”€â”€â”€â”€â”€â”€â”€â”€â”€â”€â”€â”€â”€â”€â”€â”€â”€â”€â”€â”€â”€â”€â”€â”€â”€â”€â”€â”€â”€â”€â”€â”€â”€â”€â”€â”€â”€
    ..\..\test-results\auth-ðŸ”-Authentication-should-navigate-to-register-page-chromium\video.webm
    â”€â”€â”€â”€â”€â”€â”€â”€â”€â”€â”€â”€â”€â”€â”€â”€â”€â”€â”€â”€â”€â”€â”€â”€â”€â”€â”€â”€â”€â”€â”€â”€â”€â”€â”€â”€â”€â”€â”€â”€â”€â”€â”€â”€â”€â”€â”€â”€â”€â”€â”€â”€â”€â”€â”€â”€â”€â”€â”€â”€â”€â”€â”€â”€â”€â”€â”€â”€â”€â”€â”€â”€â”€â”€â”€â”€â”€â”€â”€â”€â”€â”€â”€â”€â”€â”€â”€â”€â”€â”€â”€â”€â”€â”€â”€â”€

    Error Context: ..\..\test-results\auth-ðŸ”-Authentication-should-navigate-to-register-page-chromium\error-context.md
]]>
</failure>
<system-out>
<![CDATA[
[[ATTACHMENT|auth-ðŸ”-Authentication-should-navigate-to-register-page-chromium\test-failed-1.png]]

[[ATTACHMENT|auth-ðŸ”-Authentication-should-navigate-to-register-page-chromium\video.webm]]

[[ATTACHMENT|auth-ðŸ”-Authentication-should-navigate-to-register-page-chromium\error-context.md]]
]]>
</system-out>
</testcase>
<testcase name="ðŸ” Authentication â€º should display register form" classname="auth.spec.ts" time="24.04">
</testcase>
</testsuite>
<testsuite name="dashboard.spec.ts" timestamp="2025-08-23T20:20:14.003Z" hostname="chromium" tests="7" failures="6" skipped="0" time="153.764" errors="0">
<testcase name="ðŸ“Š Dashboard â€º should display dashboard stats cards" classname="dashboard.spec.ts" time="24.62">
<failure message="dashboard.spec.ts:11:3 should display dashboard stats cards" type="FAILURE">
<![CDATA[  [chromium] â€º dashboard.spec.ts:11:3 â€º ðŸ“Š Dashboard â€º should display dashboard stats cards â”€â”€â”€â”€â”€â”€â”€â”€

    Error: expect(locator).toBeVisible() failed

    Locator:  locator('[data-testid="stats-cards"]')
    Expected: visible
    Received: <element(s) not found>
    Timeout:  5000ms

    Call log:
      - Expect "toBeVisible" with timeout 5000ms
      - waiting for locator('[data-testid="stats-cards"]')


      13 |     
      14 |     // Check stats cards are visible
    > 15 |     await expect(page.locator('[data-testid="stats-cards"]')).toBeVisible();
         |                                                               ^
      16 |     
      17 |     // Check individual stat cards
      18 |     await expect(page.locator('text=Total Lofts')).toBeVisible();
        at C:\Users\SERVICE-INFO\IA\loft-algerie\tests\e2e\dashboard.spec.ts:15:63

    attachment #1: screenshot (image/png) â”€â”€â”€â”€â”€â”€â”€â”€â”€â”€â”€â”€â”€â”€â”€â”€â”€â”€â”€â”€â”€â”€â”€â”€â”€â”€â”€â”€â”€â”€â”€â”€â”€â”€â”€â”€â”€â”€â”€â”€â”€â”€â”€â”€â”€â”€â”€â”€â”€â”€â”€â”€â”€â”€â”€â”€â”€â”€
    ..\..\test-results\dashboard-ðŸ“Š-Dashboard-should-display-dashboard-stats-cards-chromium\test-failed-1.png
    â”€â”€â”€â”€â”€â”€â”€â”€â”€â”€â”€â”€â”€â”€â”€â”€â”€â”€â”€â”€â”€â”€â”€â”€â”€â”€â”€â”€â”€â”€â”€â”€â”€â”€â”€â”€â”€â”€â”€â”€â”€â”€â”€â”€â”€â”€â”€â”€â”€â”€â”€â”€â”€â”€â”€â”€â”€â”€â”€â”€â”€â”€â”€â”€â”€â”€â”€â”€â”€â”€â”€â”€â”€â”€â”€â”€â”€â”€â”€â”€â”€â”€â”€â”€â”€â”€â”€â”€â”€â”€â”€â”€â”€â”€â”€â”€

    attachment #2: video (video/webm) â”€â”€â”€â”€â”€â”€â”€â”€â”€â”€â”€â”€â”€â”€â”€â”€â”€â”€â”€â”€â”€â”€â”€â”€â”€â”€â”€â”€â”€â”€â”€â”€â”€â”€â”€â”€â”€â”€â”€â”€â”€â”€â”€â”€â”€â”€â”€â”€â”€â”€â”€â”€â”€â”€â”€â”€â”€â”€â”€â”€â”€â”€
    ..\..\test-results\dashboard-ðŸ“Š-Dashboard-should-display-dashboard-stats-cards-chromium\video.webm
    â”€â”€â”€â”€â”€â”€â”€â”€â”€â”€â”€â”€â”€â”€â”€â”€â”€â”€â”€â”€â”€â”€â”€â”€â”€â”€â”€â”€â”€â”€â”€â”€â”€â”€â”€â”€â”€â”€â”€â”€â”€â”€â”€â”€â”€â”€â”€â”€â”€â”€â”€â”€â”€â”€â”€â”€â”€â”€â”€â”€â”€â”€â”€â”€â”€â”€â”€â”€â”€â”€â”€â”€â”€â”€â”€â”€â”€â”€â”€â”€â”€â”€â”€â”€â”€â”€â”€â”€â”€â”€â”€â”€â”€â”€â”€â”€

    Error Context: ..\..\test-results\dashboard-ðŸ“Š-Dashboard-should-display-dashboard-stats-cards-chromium\error-context.md
]]>
</failure>
<system-out>
<![CDATA[
[[ATTACHMENT|dashboard-ðŸ“Š-Dashboard-should-display-dashboard-stats-cards-chromium\test-failed-1.png]]

[[ATTACHMENT|dashboard-ðŸ“Š-Dashboard-should-display-dashboard-stats-cards-chromium\video.webm]]

[[ATTACHMENT|dashboard-ðŸ“Š-Dashboard-should-display-dashboard-stats-cards-chromium\error-context.md]]
]]>
</system-out>
</testcase>
<testcase name="ðŸ“Š Dashboard â€º should display recent activities" classname="dashboard.spec.ts" time="22.602">
<failure message="dashboard.spec.ts:24:3 should display recent activities" type="FAILURE">
<![CDATA[  [chromium] â€º dashboard.spec.ts:24:3 â€º ðŸ“Š Dashboard â€º should display recent activities â”€â”€â”€â”€â”€â”€â”€â”€â”€â”€â”€â”€

    Error: expect(locator).toBeVisible() failed

    Locator:  locator('text=ActivitÃ©s RÃ©centes')
    Expected: visible
    Received: <element(s) not found>
    Timeout:  5000ms

    Call log:
      - Expect "toBeVisible" with timeout 5000ms
      - waiting for locator('text=ActivitÃ©s RÃ©centes')


      26 |     
      27 |     // Check recent activities section
    > 28 |     await expect(page.locator('text=ActivitÃ©s RÃ©centes')).toBeVisible();
         |                                                           ^
      29 |     await expect(page.locator('[data-testid="recent-activities"]')).toBeVisible();
      30 |   });
      31 |
        at C:\Users\SERVICE-INFO\IA\loft-algerie\tests\e2e\dashboard.spec.ts:28:59

    attachment #1: screenshot (image/png) â”€â”€â”€â”€â”€â”€â”€â”€â”€â”€â”€â”€â”€â”€â”€â”€â”€â”€â”€â”€â”€â”€â”€â”€â”€â”€â”€â”€â”€â”€â”€â”€â”€â”€â”€â”€â”€â”€â”€â”€â”€â”€â”€â”€â”€â”€â”€â”€â”€â”€â”€â”€â”€â”€â”€â”€â”€â”€
    ..\..\test-results\dashboard-ðŸ“Š-Dashboard-should-display-recent-activities-chromium\test-failed-1.png
    â”€â”€â”€â”€â”€â”€â”€â”€â”€â”€â”€â”€â”€â”€â”€â”€â”€â”€â”€â”€â”€â”€â”€â”€â”€â”€â”€â”€â”€â”€â”€â”€â”€â”€â”€â”€â”€â”€â”€â”€â”€â”€â”€â”€â”€â”€â”€â”€â”€â”€â”€â”€â”€â”€â”€â”€â”€â”€â”€â”€â”€â”€â”€â”€â”€â”€â”€â”€â”€â”€â”€â”€â”€â”€â”€â”€â”€â”€â”€â”€â”€â”€â”€â”€â”€â”€â”€â”€â”€â”€â”€â”€â”€â”€â”€â”€

    attachment #2: video (video/webm) â”€â”€â”€â”€â”€â”€â”€â”€â”€â”€â”€â”€â”€â”€â”€â”€â”€â”€â”€â”€â”€â”€â”€â”€â”€â”€â”€â”€â”€â”€â”€â”€â”€â”€â”€â”€â”€â”€â”€â”€â”€â”€â”€â”€â”€â”€â”€â”€â”€â”€â”€â”€â”€â”€â”€â”€â”€â”€â”€â”€â”€â”€
    ..\..\test-results\dashboard-ðŸ“Š-Dashboard-should-display-recent-activities-chromium\video.webm
    â”€â”€â”€â”€â”€â”€â”€â”€â”€â”€â”€â”€â”€â”€â”€â”€â”€â”€â”€â”€â”€â”€â”€â”€â”€â”€â”€â”€â”€â”€â”€â”€â”€â”€â”€â”€â”€â”€â”€â”€â”€â”€â”€â”€â”€â”€â”€â”€â”€â”€â”€â”€â”€â”€â”€â”€â”€â”€â”€â”€â”€â”€â”€â”€â”€â”€â”€â”€â”€â”€â”€â”€â”€â”€â”€â”€â”€â”€â”€â”€â”€â”€â”€â”€â”€â”€â”€â”€â”€â”€â”€â”€â”€â”€â”€â”€

    Error Context: ..\..\test-results\dashboard-ðŸ“Š-Dashboard-should-display-recent-activities-chromium\error-context.md
]]>
</failure>
<system-out>
<![CDATA[
[[ATTACHMENT|dashboard-ðŸ“Š-Dashboard-should-display-recent-activities-chromium\test-failed-1.png]]

[[ATTACHMENT|dashboard-ðŸ“Š-Dashboard-should-display-recent-activities-chromium\video.webm]]

[[ATTACHMENT|dashboard-ðŸ“Š-Dashboard-should-display-recent-activities-chromium\error-context.md]]
]]>
</system-out>
</testcase>
<testcase name="ðŸ“Š Dashboard â€º should display charts and analytics" classname="dashboard.spec.ts" time="18.65">
<failure message="dashboard.spec.ts:32:3 should display charts and analytics" type="FAILURE">
<![CDATA[  [chromium] â€º dashboard.spec.ts:32:3 â€º ðŸ“Š Dashboard â€º should display charts and analytics â”€â”€â”€â”€â”€â”€â”€â”€â”€

    Error: expect(locator).toBeVisible() failed

    Locator:  locator('[data-testid="revenue-chart"]')
    Expected: visible
    Received: <element(s) not found>
    Timeout:  5000ms

    Call log:
      - Expect "toBeVisible" with timeout 5000ms
      - waiting for locator('[data-testid="revenue-chart"]')


      34 |     
      35 |     // Check charts section
    > 36 |     await expect(page.locator('[data-testid="revenue-chart"]')).toBeVisible();
         |                                                                 ^
      37 |     await expect(page.locator('[data-testid="occupancy-chart"]')).toBeVisible();
      38 |   });
      39 |
        at C:\Users\SERVICE-INFO\IA\loft-algerie\tests\e2e\dashboard.spec.ts:36:65

    attachment #1: screenshot (image/png) â”€â”€â”€â”€â”€â”€â”€â”€â”€â”€â”€â”€â”€â”€â”€â”€â”€â”€â”€â”€â”€â”€â”€â”€â”€â”€â”€â”€â”€â”€â”€â”€â”€â”€â”€â”€â”€â”€â”€â”€â”€â”€â”€â”€â”€â”€â”€â”€â”€â”€â”€â”€â”€â”€â”€â”€â”€â”€
    ..\..\test-results\dashboard-ðŸ“Š-Dashboard-should-display-charts-and-analytics-chromium\test-failed-1.png
    â”€â”€â”€â”€â”€â”€â”€â”€â”€â”€â”€â”€â”€â”€â”€â”€â”€â”€â”€â”€â”€â”€â”€â”€â”€â”€â”€â”€â”€â”€â”€â”€â”€â”€â”€â”€â”€â”€â”€â”€â”€â”€â”€â”€â”€â”€â”€â”€â”€â”€â”€â”€â”€â”€â”€â”€â”€â”€â”€â”€â”€â”€â”€â”€â”€â”€â”€â”€â”€â”€â”€â”€â”€â”€â”€â”€â”€â”€â”€â”€â”€â”€â”€â”€â”€â”€â”€â”€â”€â”€â”€â”€â”€â”€â”€â”€

    attachment #2: video (video/webm) â”€â”€â”€â”€â”€â”€â”€â”€â”€â”€â”€â”€â”€â”€â”€â”€â”€â”€â”€â”€â”€â”€â”€â”€â”€â”€â”€â”€â”€â”€â”€â”€â”€â”€â”€â”€â”€â”€â”€â”€â”€â”€â”€â”€â”€â”€â”€â”€â”€â”€â”€â”€â”€â”€â”€â”€â”€â”€â”€â”€â”€â”€
    ..\..\test-results\dashboard-ðŸ“Š-Dashboard-should-display-charts-and-analytics-chromium\video.webm
    â”€â”€â”€â”€â”€â”€â”€â”€â”€â”€â”€â”€â”€â”€â”€â”€â”€â”€â”€â”€â”€â”€â”€â”€â”€â”€â”€â”€â”€â”€â”€â”€â”€â”€â”€â”€â”€â”€â”€â”€â”€â”€â”€â”€â”€â”€â”€â”€â”€â”€â”€â”€â”€â”€â”€â”€â”€â”€â”€â”€â”€â”€â”€â”€â”€â”€â”€â”€â”€â”€â”€â”€â”€â”€â”€â”€â”€â”€â”€â”€â”€â”€â”€â”€â”€â”€â”€â”€â”€â”€â”€â”€â”€â”€â”€â”€

    Error Context: ..\..\test-results\dashboard-ðŸ“Š-Dashboard-should-display-charts-and-analytics-chromium\error-context.md
]]>
</failure>
<system-out>
<![CDATA[
[[ATTACHMENT|dashboard-ðŸ“Š-Dashboard-should-display-charts-and-analytics-chromium\test-failed-1.png]]

[[ATTACHMENT|dashboard-ðŸ“Š-Dashboard-should-display-charts-and-analytics-chromium\video.webm]]

[[ATTACHMENT|dashboard-ðŸ“Š-Dashboard-should-display-charts-and-analytics-chromium\error-context.md]]
]]>
</system-out>
</testcase>
<testcase name="ðŸ“Š Dashboard â€º should be responsive on mobile" classname="dashboard.spec.ts" time="30.648">
<failure message="dashboard.spec.ts:40:3 should be responsive on mobile" type="FAILURE">
<![CDATA[  [chromium] â€º dashboard.spec.ts:40:3 â€º ðŸ“Š Dashboard â€º should be responsive on mobile â”€â”€â”€â”€â”€â”€â”€â”€â”€â”€â”€â”€â”€â”€

    Test timeout of 30000ms exceeded.

    Error: locator.boundingBox: Test timeout of 30000ms exceeded.
    Call log:
      - waiting for locator('[data-testid="stats-card"]').first()


      47 |     const secondCard = statsCards.nth(1);
      48 |     
    > 49 |     const firstCardBox = await firstCard.boundingBox();
         |                                          ^
      50 |     const secondCardBox = await secondCard.boundingBox();
      51 |     
      52 |     // Second card should be below first card on mobile
        at C:\Users\SERVICE-INFO\IA\loft-algerie\tests\e2e\dashboard.spec.ts:49:42

    attachment #1: screenshot (image/png) â”€â”€â”€â”€â”€â”€â”€â”€â”€â”€â”€â”€â”€â”€â”€â”€â”€â”€â”€â”€â”€â”€â”€â”€â”€â”€â”€â”€â”€â”€â”€â”€â”€â”€â”€â”€â”€â”€â”€â”€â”€â”€â”€â”€â”€â”€â”€â”€â”€â”€â”€â”€â”€â”€â”€â”€â”€â”€
    ..\..\test-results\dashboard-ðŸ“Š-Dashboard-should-be-responsive-on-mobile-chromium\test-failed-1.png
    â”€â”€â”€â”€â”€â”€â”€â”€â”€â”€â”€â”€â”€â”€â”€â”€â”€â”€â”€â”€â”€â”€â”€â”€â”€â”€â”€â”€â”€â”€â”€â”€â”€â”€â”€â”€â”€â”€â”€â”€â”€â”€â”€â”€â”€â”€â”€â”€â”€â”€â”€â”€â”€â”€â”€â”€â”€â”€â”€â”€â”€â”€â”€â”€â”€â”€â”€â”€â”€â”€â”€â”€â”€â”€â”€â”€â”€â”€â”€â”€â”€â”€â”€â”€â”€â”€â”€â”€â”€â”€â”€â”€â”€â”€â”€â”€

    attachment #2: video (video/webm) â”€â”€â”€â”€â”€â”€â”€â”€â”€â”€â”€â”€â”€â”€â”€â”€â”€â”€â”€â”€â”€â”€â”€â”€â”€â”€â”€â”€â”€â”€â”€â”€â”€â”€â”€â”€â”€â”€â”€â”€â”€â”€â”€â”€â”€â”€â”€â”€â”€â”€â”€â”€â”€â”€â”€â”€â”€â”€â”€â”€â”€â”€
    ..\..\test-results\dashboard-ðŸ“Š-Dashboard-should-be-responsive-on-mobile-chromium\video.webm
    â”€â”€â”€â”€â”€â”€â”€â”€â”€â”€â”€â”€â”€â”€â”€â”€â”€â”€â”€â”€â”€â”€â”€â”€â”€â”€â”€â”€â”€â”€â”€â”€â”€â”€â”€â”€â”€â”€â”€â”€â”€â”€â”€â”€â”€â”€â”€â”€â”€â”€â”€â”€â”€â”€â”€â”€â”€â”€â”€â”€â”€â”€â”€â”€â”€â”€â”€â”€â”€â”€â”€â”€â”€â”€â”€â”€â”€â”€â”€â”€â”€â”€â”€â”€â”€â”€â”€â”€â”€â”€â”€â”€â”€â”€â”€â”€

    Error Context: ..\..\test-results\dashboard-ðŸ“Š-Dashboard-should-be-responsive-on-mobile-chromium\error-context.md
]]>
</failure>
<system-out>
<![CDATA[
[[ATTACHMENT|dashboard-ðŸ“Š-Dashboard-should-be-responsive-on-mobile-chromium\test-failed-1.png]]

[[ATTACHMENT|dashboard-ðŸ“Š-Dashboard-should-be-responsive-on-mobile-chromium\video.webm]]

[[ATTACHMENT|dashboard-ðŸ“Š-Dashboard-should-be-responsive-on-mobile-chromium\error-context.md]]
]]>
</system-out>
</testcase>
<testcase name="ðŸ“Š Dashboard â€º should navigate to detailed views from dashboard" classname="dashboard.spec.ts" time="30.274">
<failure message="dashboard.spec.ts:56:3 should navigate to detailed views from dashboard" type="FAILURE">
<![CDATA[  [chromium] â€º dashboard.spec.ts:56:3 â€º ðŸ“Š Dashboard â€º should navigate to detailed views from dashboard 

    Test timeout of 30000ms exceeded.

    Error: page.click: Test timeout of 30000ms exceeded.
    Call log:
      - waiting for locator('[data-testid="lofts-stat-card"]')


      58 |     
      59 |     // Click on lofts stat card
    > 60 |     await page.click('[data-testid="lofts-stat-card"]');
         |                ^
      61 |     await expect(page).toHaveURL(/.*\/lofts/);
      62 |     
      63 |     // Go back to dashboard
        at C:\Users\SERVICE-INFO\IA\loft-algerie\tests\e2e\dashboard.spec.ts:60:16

    attachment #1: screenshot (image/png) â”€â”€â”€â”€â”€â”€â”€â”€â”€â”€â”€â”€â”€â”€â”€â”€â”€â”€â”€â”€â”€â”€â”€â”€â”€â”€â”€â”€â”€â”€â”€â”€â”€â”€â”€â”€â”€â”€â”€â”€â”€â”€â”€â”€â”€â”€â”€â”€â”€â”€â”€â”€â”€â”€â”€â”€â”€â”€
    ..\..\test-results\dashboard-ðŸ“Š-Dashboard-sho-00fc2-tailed-views-from-dashboard-chromium\test-failed-1.png
    â”€â”€â”€â”€â”€â”€â”€â”€â”€â”€â”€â”€â”€â”€â”€â”€â”€â”€â”€â”€â”€â”€â”€â”€â”€â”€â”€â”€â”€â”€â”€â”€â”€â”€â”€â”€â”€â”€â”€â”€â”€â”€â”€â”€â”€â”€â”€â”€â”€â”€â”€â”€â”€â”€â”€â”€â”€â”€â”€â”€â”€â”€â”€â”€â”€â”€â”€â”€â”€â”€â”€â”€â”€â”€â”€â”€â”€â”€â”€â”€â”€â”€â”€â”€â”€â”€â”€â”€â”€â”€â”€â”€â”€â”€â”€â”€

    attachment #2: video (video/webm) â”€â”€â”€â”€â”€â”€â”€â”€â”€â”€â”€â”€â”€â”€â”€â”€â”€â”€â”€â”€â”€â”€â”€â”€â”€â”€â”€â”€â”€â”€â”€â”€â”€â”€â”€â”€â”€â”€â”€â”€â”€â”€â”€â”€â”€â”€â”€â”€â”€â”€â”€â”€â”€â”€â”€â”€â”€â”€â”€â”€â”€â”€
    ..\..\test-results\dashboard-ðŸ“Š-Dashboard-sho-00fc2-tailed-views-from-dashboard-chromium\video.webm
    â”€â”€â”€â”€â”€â”€â”€â”€â”€â”€â”€â”€â”€â”€â”€â”€â”€â”€â”€â”€â”€â”€â”€â”€â”€â”€â”€â”€â”€â”€â”€â”€â”€â”€â”€â”€â”€â”€â”€â”€â”€â”€â”€â”€â”€â”€â”€â”€â”€â”€â”€â”€â”€â”€â”€â”€â”€â”€â”€â”€â”€â”€â”€â”€â”€â”€â”€â”€â”€â”€â”€â”€â”€â”€â”€â”€â”€â”€â”€â”€â”€â”€â”€â”€â”€â”€â”€â”€â”€â”€â”€â”€â”€â”€â”€â”€

    Error Context: ..\..\test-results\dashboard-ðŸ“Š-Dashboard-sho-00fc2-tailed-views-from-dashboard-chromium\error-context.md
]]>
</failure>
<system-out>
<![CDATA[
[[ATTACHMENT|dashboard-ðŸ“Š-Dashboard-sho-00fc2-tailed-views-from-dashboard-chromium\test-failed-1.png]]

[[ATTACHMENT|dashboard-ðŸ“Š-Dashboard-sho-00fc2-tailed-views-from-dashboard-chromium\video.webm]]

[[ATTACHMENT|dashboard-ðŸ“Š-Dashboard-sho-00fc2-tailed-views-from-dashboard-chromium\error-context.md]]
]]>
</system-out>
</testcase>
<testcase name="ðŸ“Š Dashboard â€º should display user greeting" classname="dashboard.spec.ts" time="16.95">
<failure message="dashboard.spec.ts:71:3 should display user greeting" type="FAILURE">
<![CDATA[  [chromium] â€º dashboard.spec.ts:71:3 â€º ðŸ“Š Dashboard â€º should display user greeting â”€â”€â”€â”€â”€â”€â”€â”€â”€â”€â”€â”€â”€â”€â”€â”€

    Error: expect(locator).toBeVisible() failed

    Locator:  locator('text=Bonjour')
    Expected: visible
    Received: <element(s) not found>
    Timeout:  5000ms

    Call log:
      - Expect "toBeVisible" with timeout 5000ms
      - waiting for locator('text=Bonjour')


      73 |     
      74 |     // Should show personalized greeting
    > 75 |     await expect(page.locator('text=Bonjour')).toBeVisible();
         |                                                ^
      76 |     await expect(page.locator('[data-testid="user-name"]')).toBeVisible();
      77 |   });
      78 |
        at C:\Users\SERVICE-INFO\IA\loft-algerie\tests\e2e\dashboard.spec.ts:75:48

    attachment #1: screenshot (image/png) â”€â”€â”€â”€â”€â”€â”€â”€â”€â”€â”€â”€â”€â”€â”€â”€â”€â”€â”€â”€â”€â”€â”€â”€â”€â”€â”€â”€â”€â”€â”€â”€â”€â”€â”€â”€â”€â”€â”€â”€â”€â”€â”€â”€â”€â”€â”€â”€â”€â”€â”€â”€â”€â”€â”€â”€â”€â”€
    ..\..\test-results\dashboard-ðŸ“Š-Dashboard-should-display-user-greeting-chromium\test-failed-1.png
    â”€â”€â”€â”€â”€â”€â”€â”€â”€â”€â”€â”€â”€â”€â”€â”€â”€â”€â”€â”€â”€â”€â”€â”€â”€â”€â”€â”€â”€â”€â”€â”€â”€â”€â”€â”€â”€â”€â”€â”€â”€â”€â”€â”€â”€â”€â”€â”€â”€â”€â”€â”€â”€â”€â”€â”€â”€â”€â”€â”€â”€â”€â”€â”€â”€â”€â”€â”€â”€â”€â”€â”€â”€â”€â”€â”€â”€â”€â”€â”€â”€â”€â”€â”€â”€â”€â”€â”€â”€â”€â”€â”€â”€â”€â”€â”€

    attachment #2: video (video/webm) â”€â”€â”€â”€â”€â”€â”€â”€â”€â”€â”€â”€â”€â”€â”€â”€â”€â”€â”€â”€â”€â”€â”€â”€â”€â”€â”€â”€â”€â”€â”€â”€â”€â”€â”€â”€â”€â”€â”€â”€â”€â”€â”€â”€â”€â”€â”€â”€â”€â”€â”€â”€â”€â”€â”€â”€â”€â”€â”€â”€â”€â”€
    ..\..\test-results\dashboard-ðŸ“Š-Dashboard-should-display-user-greeting-chromium\video.webm
    â”€â”€â”€â”€â”€â”€â”€â”€â”€â”€â”€â”€â”€â”€â”€â”€â”€â”€â”€â”€â”€â”€â”€â”€â”€â”€â”€â”€â”€â”€â”€â”€â”€â”€â”€â”€â”€â”€â”€â”€â”€â”€â”€â”€â”€â”€â”€â”€â”€â”€â”€â”€â”€â”€â”€â”€â”€â”€â”€â”€â”€â”€â”€â”€â”€â”€â”€â”€â”€â”€â”€â”€â”€â”€â”€â”€â”€â”€â”€â”€â”€â”€â”€â”€â”€â”€â”€â”€â”€â”€â”€â”€â”€â”€â”€â”€

    Error Context: ..\..\test-results\dashboard-ðŸ“Š-Dashboard-should-display-user-greeting-chromium\error-context.md
]]>
</failure>
<system-out>
<![CDATA[
[[ATTACHMENT|dashboard-ðŸ“Š-Dashboard-should-display-user-greeting-chromium\test-failed-1.png]]

[[ATTACHMENT|dashboard-ðŸ“Š-Dashboard-should-display-user-greeting-chromium\video.webm]]

[[ATTACHMENT|dashboard-ðŸ“Š-Dashboard-should-display-user-greeting-chromium\error-context.md]]
]]>
</system-out>
</testcase>
<testcase name="ðŸ“Š Dashboard â€º should show notifications badge" classname="dashboard.spec.ts" time="10.02">
</testcase>
</testsuite>
<testsuite name="navigation.spec.ts" timestamp="2025-08-23T20:20:14.003Z" hostname="chromium" tests="6" failures="6" skipped="0" time="151.515" errors="0">
<testcase name="ðŸ§­ Navigation â€º should display homepage correctly" classname="navigation.spec.ts" time="15.125">
<failure message="navigation.spec.ts:12:3 should display homepage correctly" type="FAILURE">
<![CDATA[  [chromium] â€º navigation.spec.ts:12:3 â€º ðŸ§­ Navigation â€º should display homepage correctly â”€â”€â”€â”€â”€â”€â”€â”€â”€

    Error: expect(locator).toContainText(expected) failed

    Locator: locator('h1')
    Expected string: "Loft AlgÃ©rie"
    Received: <element(s) not found>
    Timeout: 5000ms

    Call log:
      - Expect "toContainText" with timeout 5000ms
      - waiting for locator('h1')


      14 |     
      15 |     // Check main elements
    > 16 |     await expect(page.locator('h1')).toContainText('Loft AlgÃ©rie');
         |                                      ^
      17 |     await expect(page.locator('text=SystÃ¨me de gestion immobiliÃ¨re')).toBeVisible();
      18 |     
      19 |     // Check navigation cards
        at C:\Users\SERVICE-INFO\IA\loft-algerie\tests\e2e\navigation.spec.ts:16:38

    attachment #1: screenshot (image/png) â”€â”€â”€â”€â”€â”€â”€â”€â”€â”€â”€â”€â”€â”€â”€â”€â”€â”€â”€â”€â”€â”€â”€â”€â”€â”€â”€â”€â”€â”€â”€â”€â”€â”€â”€â”€â”€â”€â”€â”€â”€â”€â”€â”€â”€â”€â”€â”€â”€â”€â”€â”€â”€â”€â”€â”€â”€â”€
    ..\..\test-results\navigation-ðŸ§­-Navigation-should-display-homepage-correctly-chromium\test-failed-1.png
    â”€â”€â”€â”€â”€â”€â”€â”€â”€â”€â”€â”€â”€â”€â”€â”€â”€â”€â”€â”€â”€â”€â”€â”€â”€â”€â”€â”€â”€â”€â”€â”€â”€â”€â”€â”€â”€â”€â”€â”€â”€â”€â”€â”€â”€â”€â”€â”€â”€â”€â”€â”€â”€â”€â”€â”€â”€â”€â”€â”€â”€â”€â”€â”€â”€â”€â”€â”€â”€â”€â”€â”€â”€â”€â”€â”€â”€â”€â”€â”€â”€â”€â”€â”€â”€â”€â”€â”€â”€â”€â”€â”€â”€â”€â”€â”€

    attachment #2: video (video/webm) â”€â”€â”€â”€â”€â”€â”€â”€â”€â”€â”€â”€â”€â”€â”€â”€â”€â”€â”€â”€â”€â”€â”€â”€â”€â”€â”€â”€â”€â”€â”€â”€â”€â”€â”€â”€â”€â”€â”€â”€â”€â”€â”€â”€â”€â”€â”€â”€â”€â”€â”€â”€â”€â”€â”€â”€â”€â”€â”€â”€â”€â”€
    ..\..\test-results\navigation-ðŸ§­-Navigation-should-display-homepage-correctly-chromium\video.webm
    â”€â”€â”€â”€â”€â”€â”€â”€â”€â”€â”€â”€â”€â”€â”€â”€â”€â”€â”€â”€â”€â”€â”€â”€â”€â”€â”€â”€â”€â”€â”€â”€â”€â”€â”€â”€â”€â”€â”€â”€â”€â”€â”€â”€â”€â”€â”€â”€â”€â”€â”€â”€â”€â”€â”€â”€â”€â”€â”€â”€â”€â”€â”€â”€â”€â”€â”€â”€â”€â”€â”€â”€â”€â”€â”€â”€â”€â”€â”€â”€â”€â”€â”€â”€â”€â”€â”€â”€â”€â”€â”€â”€â”€â”€â”€â”€

    Error Context: ..\..\test-results\navigation-ðŸ§­-Navigation-should-display-homepage-correctly-chromium\error-context.md
]]>
</failure>
<system-out>
<![CDATA[
[[ATTACHMENT|navigation-ðŸ§­-Navigation-should-display-homepage-correctly-chromium\test-failed-1.png]]

[[ATTACHMENT|navigation-ðŸ§­-Navigation-should-display-homepage-correctly-chromium\video.webm]]

[[ATTACHMENT|navigation-ðŸ§­-Navigation-should-display-homepage-correctly-chromium\error-context.md]]
]]>
</system-out>
</testcase>
<testcase name="ðŸ§­ Navigation â€º should navigate to different sections from homepage" classname="navigation.spec.ts" time="30.383">
<failure message="navigation.spec.ts:26:3 should navigate to different sections from homepage" type="FAILURE">
<![CDATA[  [chromium] â€º navigation.spec.ts:26:3 â€º ðŸ§­ Navigation â€º should navigate to different sections from homepage 

    Test timeout of 30000ms exceeded.

    Error: page.click: Test timeout of 30000ms exceeded.
    Call log:
      - waiting for locator('text=Voir les Lofts')


      28 |     
      29 |     // Test navigation to lofts
    > 30 |     await page.click('text=Voir les Lofts');
         |                ^
      31 |     await expect(page).toHaveURL(/.*\/lofts/);
      32 |     
      33 |     // Go back to homepage
        at C:\Users\SERVICE-INFO\IA\loft-algerie\tests\e2e\navigation.spec.ts:30:16

    attachment #1: screenshot (image/png) â”€â”€â”€â”€â”€â”€â”€â”€â”€â”€â”€â”€â”€â”€â”€â”€â”€â”€â”€â”€â”€â”€â”€â”€â”€â”€â”€â”€â”€â”€â”€â”€â”€â”€â”€â”€â”€â”€â”€â”€â”€â”€â”€â”€â”€â”€â”€â”€â”€â”€â”€â”€â”€â”€â”€â”€â”€â”€
    ..\..\test-results\navigation-ðŸ§­-Navigation-s-d22cd-rent-sections-from-homepage-chromium\test-failed-1.png
    â”€â”€â”€â”€â”€â”€â”€â”€â”€â”€â”€â”€â”€â”€â”€â”€â”€â”€â”€â”€â”€â”€â”€â”€â”€â”€â”€â”€â”€â”€â”€â”€â”€â”€â”€â”€â”€â”€â”€â”€â”€â”€â”€â”€â”€â”€â”€â”€â”€â”€â”€â”€â”€â”€â”€â”€â”€â”€â”€â”€â”€â”€â”€â”€â”€â”€â”€â”€â”€â”€â”€â”€â”€â”€â”€â”€â”€â”€â”€â”€â”€â”€â”€â”€â”€â”€â”€â”€â”€â”€â”€â”€â”€â”€â”€â”€

    attachment #2: video (video/webm) â”€â”€â”€â”€â”€â”€â”€â”€â”€â”€â”€â”€â”€â”€â”€â”€â”€â”€â”€â”€â”€â”€â”€â”€â”€â”€â”€â”€â”€â”€â”€â”€â”€â”€â”€â”€â”€â”€â”€â”€â”€â”€â”€â”€â”€â”€â”€â”€â”€â”€â”€â”€â”€â”€â”€â”€â”€â”€â”€â”€â”€â”€
    ..\..\test-results\navigation-ðŸ§­-Navigation-s-d22cd-rent-sections-from-homepage-chromium\video.webm
    â”€â”€â”€â”€â”€â”€â”€â”€â”€â”€â”€â”€â”€â”€â”€â”€â”€â”€â”€â”€â”€â”€â”€â”€â”€â”€â”€â”€â”€â”€â”€â”€â”€â”€â”€â”€â”€â”€â”€â”€â”€â”€â”€â”€â”€â”€â”€â”€â”€â”€â”€â”€â”€â”€â”€â”€â”€â”€â”€â”€â”€â”€â”€â”€â”€â”€â”€â”€â”€â”€â”€â”€â”€â”€â”€â”€â”€â”€â”€â”€â”€â”€â”€â”€â”€â”€â”€â”€â”€â”€â”€â”€â”€â”€â”€â”€

    Error Context: ..\..\test-results\navigation-ðŸ§­-Navigation-s-d22cd-rent-sections-from-homepage-chromium\error-context.md
]]>
</failure>
<system-out>
<![CDATA[
[[ATTACHMENT|navigation-ðŸ§­-Navigation-s-d22cd-rent-sections-from-homepage-chromium\test-failed-1.png]]

[[ATTACHMENT|navigation-ðŸ§­-Navigation-s-d22cd-rent-sections-from-homepage-chromium\video.webm]]

[[ATTACHMENT|navigation-ðŸ§­-Navigation-s-d22cd-rent-sections-from-homepage-chromium\error-context.md]]
]]>
</system-out>
</testcase>
<testcase name="ðŸ§­ Navigation â€º should display responsive navigation" classname="navigation.spec.ts" time="19.483">
<failure message="navigation.spec.ts:48:3 should display responsive navigation" type="FAILURE">
<![CDATA[  [chromium] â€º navigation.spec.ts:48:3 â€º ðŸ§­ Navigation â€º should display responsive navigation â”€â”€â”€â”€â”€â”€

    Error: expect(locator).toBeVisible() failed

    Locator:  locator('[data-testid="sidebar"]')
    Expected: visible
    Received: <element(s) not found>
    Timeout:  5000ms

    Call log:
      - Expect "toBeVisible" with timeout 5000ms
      - waiting for locator('[data-testid="sidebar"]')


      52 |     
      53 |     // Should show sidebar on desktop
    > 54 |     await expect(page.locator('[data-testid="sidebar"]')).toBeVisible();
         |                                                           ^
      55 |     
      56 |     // Test mobile navigation
      57 |     await page.setViewportSize({ width: 375, height: 667 });
        at C:\Users\SERVICE-INFO\IA\loft-algerie\tests\e2e\navigation.spec.ts:54:59

    attachment #1: screenshot (image/png) â”€â”€â”€â”€â”€â”€â”€â”€â”€â”€â”€â”€â”€â”€â”€â”€â”€â”€â”€â”€â”€â”€â”€â”€â”€â”€â”€â”€â”€â”€â”€â”€â”€â”€â”€â”€â”€â”€â”€â”€â”€â”€â”€â”€â”€â”€â”€â”€â”€â”€â”€â”€â”€â”€â”€â”€â”€â”€
    ..\..\test-results\navigation-ðŸ§­-Navigation-s-63103-splay-responsive-navigation-chromium\test-failed-1.png
    â”€â”€â”€â”€â”€â”€â”€â”€â”€â”€â”€â”€â”€â”€â”€â”€â”€â”€â”€â”€â”€â”€â”€â”€â”€â”€â”€â”€â”€â”€â”€â”€â”€â”€â”€â”€â”€â”€â”€â”€â”€â”€â”€â”€â”€â”€â”€â”€â”€â”€â”€â”€â”€â”€â”€â”€â”€â”€â”€â”€â”€â”€â”€â”€â”€â”€â”€â”€â”€â”€â”€â”€â”€â”€â”€â”€â”€â”€â”€â”€â”€â”€â”€â”€â”€â”€â”€â”€â”€â”€â”€â”€â”€â”€â”€â”€

    attachment #2: video (video/webm) â”€â”€â”€â”€â”€â”€â”€â”€â”€â”€â”€â”€â”€â”€â”€â”€â”€â”€â”€â”€â”€â”€â”€â”€â”€â”€â”€â”€â”€â”€â”€â”€â”€â”€â”€â”€â”€â”€â”€â”€â”€â”€â”€â”€â”€â”€â”€â”€â”€â”€â”€â”€â”€â”€â”€â”€â”€â”€â”€â”€â”€â”€
    ..\..\test-results\navigation-ðŸ§­-Navigation-s-63103-splay-responsive-navigation-chromium\video.webm
    â”€â”€â”€â”€â”€â”€â”€â”€â”€â”€â”€â”€â”€â”€â”€â”€â”€â”€â”€â”€â”€â”€â”€â”€â”€â”€â”€â”€â”€â”€â”€â”€â”€â”€â”€â”€â”€â”€â”€â”€â”€â”€â”€â”€â”€â”€â”€â”€â”€â”€â”€â”€â”€â”€â”€â”€â”€â”€â”€â”€â”€â”€â”€â”€â”€â”€â”€â”€â”€â”€â”€â”€â”€â”€â”€â”€â”€â”€â”€â”€â”€â”€â”€â”€â”€â”€â”€â”€â”€â”€â”€â”€â”€â”€â”€â”€

    Error Context: ..\..\test-results\navigation-ðŸ§­-Navigation-s-63103-splay-responsive-navigation-chromium\error-context.md
]]>
</failure>
<system-out>
<![CDATA[
[[ATTACHMENT|navigation-ðŸ§­-Navigation-s-63103-splay-responsive-navigation-chromium\test-failed-1.png]]

[[ATTACHMENT|navigation-ðŸ§­-Navigation-s-63103-splay-responsive-navigation-chromium\video.webm]]

[[ATTACHMENT|navigation-ðŸ§­-Navigation-s-63103-splay-responsive-navigation-chromium\error-context.md]]
]]>
</system-out>
</testcase>
<testcase name="ðŸ§­ Navigation â€º should open mobile menu" classname="navigation.spec.ts" time="32.293">
<failure message="navigation.spec.ts:67:3 should open mobile menu" type="FAILURE">
<![CDATA[  [chromium] â€º navigation.spec.ts:67:3 â€º ðŸ§­ Navigation â€º should open mobile menu â”€â”€â”€â”€â”€â”€â”€â”€â”€â”€â”€â”€â”€â”€â”€â”€â”€â”€â”€

    Test timeout of 30000ms exceeded.

    Error: page.click: Test timeout of 30000ms exceeded.
    Call log:
      - waiting for locator('[data-testid="menu-button"]')


      70 |     
      71 |     // Click menu button
    > 72 |     await page.click('[data-testid="menu-button"]');
         |                ^
      73 |     
      74 |     // Should show mobile navigation
      75 |     await expect(page.locator('[data-testid="mobile-nav"]')).toBeVisible();
        at C:\Users\SERVICE-INFO\IA\loft-algerie\tests\e2e\navigation.spec.ts:72:16

    attachment #1: screenshot (image/png) â”€â”€â”€â”€â”€â”€â”€â”€â”€â”€â”€â”€â”€â”€â”€â”€â”€â”€â”€â”€â”€â”€â”€â”€â”€â”€â”€â”€â”€â”€â”€â”€â”€â”€â”€â”€â”€â”€â”€â”€â”€â”€â”€â”€â”€â”€â”€â”€â”€â”€â”€â”€â”€â”€â”€â”€â”€â”€
    ..\..\test-results\navigation-ðŸ§­-Navigation-should-open-mobile-menu-chromium\test-failed-1.png
    â”€â”€â”€â”€â”€â”€â”€â”€â”€â”€â”€â”€â”€â”€â”€â”€â”€â”€â”€â”€â”€â”€â”€â”€â”€â”€â”€â”€â”€â”€â”€â”€â”€â”€â”€â”€â”€â”€â”€â”€â”€â”€â”€â”€â”€â”€â”€â”€â”€â”€â”€â”€â”€â”€â”€â”€â”€â”€â”€â”€â”€â”€â”€â”€â”€â”€â”€â”€â”€â”€â”€â”€â”€â”€â”€â”€â”€â”€â”€â”€â”€â”€â”€â”€â”€â”€â”€â”€â”€â”€â”€â”€â”€â”€â”€â”€

    attachment #2: video (video/webm) â”€â”€â”€â”€â”€â”€â”€â”€â”€â”€â”€â”€â”€â”€â”€â”€â”€â”€â”€â”€â”€â”€â”€â”€â”€â”€â”€â”€â”€â”€â”€â”€â”€â”€â”€â”€â”€â”€â”€â”€â”€â”€â”€â”€â”€â”€â”€â”€â”€â”€â”€â”€â”€â”€â”€â”€â”€â”€â”€â”€â”€â”€
    ..\..\test-results\navigation-ðŸ§­-Navigation-should-open-mobile-menu-chromium\video.webm
    â”€â”€â”€â”€â”€â”€â”€â”€â”€â”€â”€â”€â”€â”€â”€â”€â”€â”€â”€â”€â”€â”€â”€â”€â”€â”€â”€â”€â”€â”€â”€â”€â”€â”€â”€â”€â”€â”€â”€â”€â”€â”€â”€â”€â”€â”€â”€â”€â”€â”€â”€â”€â”€â”€â”€â”€â”€â”€â”€â”€â”€â”€â”€â”€â”€â”€â”€â”€â”€â”€â”€â”€â”€â”€â”€â”€â”€â”€â”€â”€â”€â”€â”€â”€â”€â”€â”€â”€â”€â”€â”€â”€â”€â”€â”€â”€

    Error Context: ..\..\test-results\navigation-ðŸ§­-Navigation-should-open-mobile-menu-chromium\error-context.md
]]>
</failure>
<system-out>
<![CDATA[
[[ATTACHMENT|navigation-ðŸ§­-Navigation-should-open-mobile-menu-chromium\test-failed-1.png]]

[[ATTACHMENT|navigation-ðŸ§­-Navigation-should-open-mobile-menu-chromium\video.webm]]

[[ATTACHMENT|navigation-ðŸ§­-Navigation-should-open-mobile-menu-chromium\error-context.md]]
]]>
</system-out>
</testcase>
<testcase name="ðŸ§­ Navigation â€º should display language selector" classname="navigation.spec.ts" time="23.75">
<failure message="navigation.spec.ts:78:3 should display language selector" type="FAILURE">
<![CDATA[  [chromium] â€º navigation.spec.ts:78:3 â€º ðŸ§­ Navigation â€º should display language selector â”€â”€â”€â”€â”€â”€â”€â”€â”€â”€

    Error: expect(locator).toBeVisible() failed

    Locator:  locator('[data-testid="language-selector"]')
    Expected: visible
    Received: <element(s) not found>
    Timeout:  5000ms

    Call log:
      - Expect "toBeVisible" with timeout 5000ms
      - waiting for locator('[data-testid="language-selector"]')


      80 |     
      81 |     // Should show language selector
    > 82 |     await expect(page.locator('[data-testid="language-selector"]')).toBeVisible();
         |                                                                     ^
      83 |     
      84 |     // Click language selector
      85 |     await page.click('[data-testid="language-selector"]');
        at C:\Users\SERVICE-INFO\IA\loft-algerie\tests\e2e\navigation.spec.ts:82:69

    attachment #1: screenshot (image/png) â”€â”€â”€â”€â”€â”€â”€â”€â”€â”€â”€â”€â”€â”€â”€â”€â”€â”€â”€â”€â”€â”€â”€â”€â”€â”€â”€â”€â”€â”€â”€â”€â”€â”€â”€â”€â”€â”€â”€â”€â”€â”€â”€â”€â”€â”€â”€â”€â”€â”€â”€â”€â”€â”€â”€â”€â”€â”€
    ..\..\test-results\navigation-ðŸ§­-Navigation-should-display-language-selector-chromium\test-failed-1.png
    â”€â”€â”€â”€â”€â”€â”€â”€â”€â”€â”€â”€â”€â”€â”€â”€â”€â”€â”€â”€â”€â”€â”€â”€â”€â”€â”€â”€â”€â”€â”€â”€â”€â”€â”€â”€â”€â”€â”€â”€â”€â”€â”€â”€â”€â”€â”€â”€â”€â”€â”€â”€â”€â”€â”€â”€â”€â”€â”€â”€â”€â”€â”€â”€â”€â”€â”€â”€â”€â”€â”€â”€â”€â”€â”€â”€â”€â”€â”€â”€â”€â”€â”€â”€â”€â”€â”€â”€â”€â”€â”€â”€â”€â”€â”€â”€

    attachment #2: video (video/webm) â”€â”€â”€â”€â”€â”€â”€â”€â”€â”€â”€â”€â”€â”€â”€â”€â”€â”€â”€â”€â”€â”€â”€â”€â”€â”€â”€â”€â”€â”€â”€â”€â”€â”€â”€â”€â”€â”€â”€â”€â”€â”€â”€â”€â”€â”€â”€â”€â”€â”€â”€â”€â”€â”€â”€â”€â”€â”€â”€â”€â”€â”€
    ..\..\test-results\navigation-ðŸ§­-Navigation-should-display-language-selector-chromium\video.webm
    â”€â”€â”€â”€â”€â”€â”€â”€â”€â”€â”€â”€â”€â”€â”€â”€â”€â”€â”€â”€â”€â”€â”€â”€â”€â”€â”€â”€â”€â”€â”€â”€â”€â”€â”€â”€â”€â”€â”€â”€â”€â”€â”€â”€â”€â”€â”€â”€â”€â”€â”€â”€â”€â”€â”€â”€â”€â”€â”€â”€â”€â”€â”€â”€â”€â”€â”€â”€â”€â”€â”€â”€â”€â”€â”€â”€â”€â”€â”€â”€â”€â”€â”€â”€â”€â”€â”€â”€â”€â”€â”€â”€â”€â”€â”€â”€

    Error Context: ..\..\test-results\navigation-ðŸ§­-Navigation-should-display-language-selector-chromium\error-context.md
]]>
</failure>
<system-out>
<![CDATA[
[[ATTACHMENT|navigation-ðŸ§­-Navigation-should-display-language-selector-chromium\test-failed-1.png]]

[[ATTACHMENT|navigation-ðŸ§­-Navigation-should-display-language-selector-chromium\video.webm]]

[[ATTACHMENT|navigation-ðŸ§­-Navigation-should-display-language-selector-chromium\error-context.md]]
]]>
</system-out>
</testcase>
<testcase name="ðŸ§­ Navigation â€º should change language" classname="navigation.spec.ts" time="30.481">
<failure message="navigation.spec.ts:93:3 should change language" type="FAILURE">
<![CDATA[  [chromium] â€º navigation.spec.ts:93:3 â€º ðŸ§­ Navigation â€º should change language â”€â”€â”€â”€â”€â”€â”€â”€â”€â”€â”€â”€â”€â”€â”€â”€â”€â”€â”€â”€

    Test timeout of 30000ms exceeded.

    Error: page.click: Test timeout of 30000ms exceeded.
    Call log:
      - waiting for locator('[data-testid="language-selector"]')


       95 |     
       96 |     // Click language selector
    >  97 |     await page.click('[data-testid="language-selector"]');
          |                ^
       98 |     
       99 |     // Select English
      100 |     await page.click('text=English');
        at C:\Users\SERVICE-INFO\IA\loft-algerie\tests\e2e\navigation.spec.ts:97:16

    attachment #1: screenshot (image/png) â”€â”€â”€â”€â”€â”€â”€â”€â”€â”€â”€â”€â”€â”€â”€â”€â”€â”€â”€â”€â”€â”€â”€â”€â”€â”€â”€â”€â”€â”€â”€â”€â”€â”€â”€â”€â”€â”€â”€â”€â”€â”€â”€â”€â”€â”€â”€â”€â”€â”€â”€â”€â”€â”€â”€â”€â”€â”€
    ..\..\test-results\navigation-ðŸ§­-Navigation-should-change-language-chromium\test-failed-1.png
    â”€â”€â”€â”€â”€â”€â”€â”€â”€â”€â”€â”€â”€â”€â”€â”€â”€â”€â”€â”€â”€â”€â”€â”€â”€â”€â”€â”€â”€â”€â”€â”€â”€â”€â”€â”€â”€â”€â”€â”€â”€â”€â”€â”€â”€â”€â”€â”€â”€â”€â”€â”€â”€â”€â”€â”€â”€â”€â”€â”€â”€â”€â”€â”€â”€â”€â”€â”€â”€â”€â”€â”€â”€â”€â”€â”€â”€â”€â”€â”€â”€â”€â”€â”€â”€â”€â”€â”€â”€â”€â”€â”€â”€â”€â”€â”€

    attachment #2: video (video/webm) â”€â”€â”€â”€â”€â”€â”€â”€â”€â”€â”€â”€â”€â”€â”€â”€â”€â”€â”€â”€â”€â”€â”€â”€â”€â”€â”€â”€â”€â”€â”€â”€â”€â”€â”€â”€â”€â”€â”€â”€â”€â”€â”€â”€â”€â”€â”€â”€â”€â”€â”€â”€â”€â”€â”€â”€â”€â”€â”€â”€â”€â”€
    ..\..\test-results\navigation-ðŸ§­-Navigation-should-change-language-chromium\video.webm
    â”€â”€â”€â”€â”€â”€â”€â”€â”€â”€â”€â”€â”€â”€â”€â”€â”€â”€â”€â”€â”€â”€â”€â”€â”€â”€â”€â”€â”€â”€â”€â”€â”€â”€â”€â”€â”€â”€â”€â”€â”€â”€â”€â”€â”€â”€â”€â”€â”€â”€â”€â”€â”€â”€â”€â”€â”€â”€â”€â”€â”€â”€â”€â”€â”€â”€â”€â”€â”€â”€â”€â”€â”€â”€â”€â”€â”€â”€â”€â”€â”€â”€â”€â”€â”€â”€â”€â”€â”€â”€â”€â”€â”€â”€â”€â”€

    Error Context: ..\..\test-results\navigation-ðŸ§­-Navigation-should-change-language-chromium\error-context.md
]]>
</failure>
<system-out>
<![CDATA[
[[ATTACHMENT|navigation-ðŸ§­-Navigation-should-change-language-chromium\test-failed-1.png]]

[[ATTACHMENT|navigation-ðŸ§­-Navigation-should-change-language-chromium\video.webm]]

[[ATTACHMENT|navigation-ðŸ§­-Navigation-should-change-language-chromium\error-context.md]]
]]>
</system-out>
</testcase>
</testsuite>
<testsuite name="auth.spec.ts" timestamp="2025-08-23T20:20:14.003Z" hostname="firefox" tests="6" failures="4" skipped="0" time="167.31" errors="0">
<testcase name="ðŸ” Authentication â€º should redirect to login when not authenticated" classname="auth.spec.ts" time="25.052">
</testcase>
<testcase name="ðŸ” Authentication â€º should display login form" classname="auth.spec.ts" time="30.229">
<failure message="auth.spec.ts:13:3 should display login form" type="FAILURE">
<![CDATA[  [firefox] â€º auth.spec.ts:13:3 â€º ðŸ” Authentication â€º should display login form â”€â”€â”€â”€â”€â”€â”€â”€â”€â”€â”€â”€â”€â”€â”€â”€â”€â”€â”€â”€

    Test timeout of 30000ms exceeded.

    Error: expect(locator).toBeVisible() failed

    Locator:  locator('input[type="email"]')
    Expected: visible
    Received: <element(s) not found>

    Call log:
      - Expect "toBeVisible" with timeout 5000ms
      - waiting for locator('input[type="email"]')


      15 |     
      16 |     // Check login form elements
    > 17 |     await expect(page.locator('input[type="email"]')).toBeVisible();
         |                                                       ^
      18 |     await expect(page.locator('input[type="password"]')).toBeVisible();
      19 |     await expect(page.locator('button[type="submit"]')).toBeVisible();
      20 |   });
        at C:\Users\SERVICE-INFO\IA\loft-algerie\tests\e2e\auth.spec.ts:17:55

    attachment #1: screenshot (image/png) â”€â”€â”€â”€â”€â”€â”€â”€â”€â”€â”€â”€â”€â”€â”€â”€â”€â”€â”€â”€â”€â”€â”€â”€â”€â”€â”€â”€â”€â”€â”€â”€â”€â”€â”€â”€â”€â”€â”€â”€â”€â”€â”€â”€â”€â”€â”€â”€â”€â”€â”€â”€â”€â”€â”€â”€â”€â”€
    ..\..\test-results\auth-ðŸ”-Authentication-should-display-login-form-firefox\test-failed-1.png
    â”€â”€â”€â”€â”€â”€â”€â”€â”€â”€â”€â”€â”€â”€â”€â”€â”€â”€â”€â”€â”€â”€â”€â”€â”€â”€â”€â”€â”€â”€â”€â”€â”€â”€â”€â”€â”€â”€â”€â”€â”€â”€â”€â”€â”€â”€â”€â”€â”€â”€â”€â”€â”€â”€â”€â”€â”€â”€â”€â”€â”€â”€â”€â”€â”€â”€â”€â”€â”€â”€â”€â”€â”€â”€â”€â”€â”€â”€â”€â”€â”€â”€â”€â”€â”€â”€â”€â”€â”€â”€â”€â”€â”€â”€â”€â”€

    attachment #2: video (video/webm) â”€â”€â”€â”€â”€â”€â”€â”€â”€â”€â”€â”€â”€â”€â”€â”€â”€â”€â”€â”€â”€â”€â”€â”€â”€â”€â”€â”€â”€â”€â”€â”€â”€â”€â”€â”€â”€â”€â”€â”€â”€â”€â”€â”€â”€â”€â”€â”€â”€â”€â”€â”€â”€â”€â”€â”€â”€â”€â”€â”€â”€â”€
    ..\..\test-results\auth-ðŸ”-Authentication-should-display-login-form-firefox\video.webm
    â”€â”€â”€â”€â”€â”€â”€â”€â”€â”€â”€â”€â”€â”€â”€â”€â”€â”€â”€â”€â”€â”€â”€â”€â”€â”€â”€â”€â”€â”€â”€â”€â”€â”€â”€â”€â”€â”€â”€â”€â”€â”€â”€â”€â”€â”€â”€â”€â”€â”€â”€â”€â”€â”€â”€â”€â”€â”€â”€â”€â”€â”€â”€â”€â”€â”€â”€â”€â”€â”€â”€â”€â”€â”€â”€â”€â”€â”€â”€â”€â”€â”€â”€â”€â”€â”€â”€â”€â”€â”€â”€â”€â”€â”€â”€â”€

    Error Context: ..\..\test-results\auth-ðŸ”-Authentication-should-display-login-form-firefox\error-context.md
]]>
</failure>
<system-out>
<![CDATA[
[[ATTACHMENT|auth-ðŸ”-Authentication-should-display-login-form-firefox\test-failed-1.png]]

[[ATTACHMENT|auth-ðŸ”-Authentication-should-display-login-form-firefox\video.webm]]

[[ATTACHMENT|auth-ðŸ”-Authentication-should-display-login-form-firefox\error-context.md]]
]]>
</system-out>
</testcase>
<testcase name="ðŸ” Authentication â€º should show validation errors for empty form" classname="auth.spec.ts" time="30.225">
<failure message="auth.spec.ts:22:3 should show validation errors for empty form" type="FAILURE">
<![CDATA[  [firefox] â€º auth.spec.ts:22:3 â€º ðŸ” Authentication â€º should show validation errors for empty form â”€

    Test timeout of 30000ms exceeded.

    Error: page.click: Test timeout of 30000ms exceeded.
    Call log:
      - waiting for locator('button[type="submit"]')


      24 |     
      25 |     // Try to submit empty form
    > 26 |     await page.click('button[type="submit"]');
         |                ^
      27 |     
      28 |     // Should show validation errors
      29 |     await expect(page.locator('text=Email is required')).toBeVisible();
        at C:\Users\SERVICE-INFO\IA\loft-algerie\tests\e2e\auth.spec.ts:26:16

    attachment #1: screenshot (image/png) â”€â”€â”€â”€â”€â”€â”€â”€â”€â”€â”€â”€â”€â”€â”€â”€â”€â”€â”€â”€â”€â”€â”€â”€â”€â”€â”€â”€â”€â”€â”€â”€â”€â”€â”€â”€â”€â”€â”€â”€â”€â”€â”€â”€â”€â”€â”€â”€â”€â”€â”€â”€â”€â”€â”€â”€â”€â”€
    ..\..\test-results\auth-ðŸ”-Authentication-sho-28a5c-ation-errors-for-empty-form-firefox\test-failed-1.png
    â”€â”€â”€â”€â”€â”€â”€â”€â”€â”€â”€â”€â”€â”€â”€â”€â”€â”€â”€â”€â”€â”€â”€â”€â”€â”€â”€â”€â”€â”€â”€â”€â”€â”€â”€â”€â”€â”€â”€â”€â”€â”€â”€â”€â”€â”€â”€â”€â”€â”€â”€â”€â”€â”€â”€â”€â”€â”€â”€â”€â”€â”€â”€â”€â”€â”€â”€â”€â”€â”€â”€â”€â”€â”€â”€â”€â”€â”€â”€â”€â”€â”€â”€â”€â”€â”€â”€â”€â”€â”€â”€â”€â”€â”€â”€â”€

    attachment #2: video (video/webm) â”€â”€â”€â”€â”€â”€â”€â”€â”€â”€â”€â”€â”€â”€â”€â”€â”€â”€â”€â”€â”€â”€â”€â”€â”€â”€â”€â”€â”€â”€â”€â”€â”€â”€â”€â”€â”€â”€â”€â”€â”€â”€â”€â”€â”€â”€â”€â”€â”€â”€â”€â”€â”€â”€â”€â”€â”€â”€â”€â”€â”€â”€
    ..\..\test-results\auth-ðŸ”-Authentication-sho-28a5c-ation-errors-for-empty-form-firefox\video.webm
    â”€â”€â”€â”€â”€â”€â”€â”€â”€â”€â”€â”€â”€â”€â”€â”€â”€â”€â”€â”€â”€â”€â”€â”€â”€â”€â”€â”€â”€â”€â”€â”€â”€â”€â”€â”€â”€â”€â”€â”€â”€â”€â”€â”€â”€â”€â”€â”€â”€â”€â”€â”€â”€â”€â”€â”€â”€â”€â”€â”€â”€â”€â”€â”€â”€â”€â”€â”€â”€â”€â”€â”€â”€â”€â”€â”€â”€â”€â”€â”€â”€â”€â”€â”€â”€â”€â”€â”€â”€â”€â”€â”€â”€â”€â”€â”€

    Error Context: ..\..\test-results\auth-ðŸ”-Authentication-sho-28a5c-ation-errors-for-empty-form-firefox\error-context.md
]]>
</failure>
<system-out>
<![CDATA[
[[ATTACHMENT|auth-ðŸ”-Authentication-sho-28a5c-ation-errors-for-empty-form-firefox\test-failed-1.png]]

[[ATTACHMENT|auth-ðŸ”-Authentication-sho-28a5c-ation-errors-for-empty-form-firefox\video.webm]]

[[ATTACHMENT|auth-ðŸ”-Authentication-sho-28a5c-ation-errors-for-empty-form-firefox\error-context.md]]
]]>
</system-out>
</testcase>
<testcase name="ðŸ” Authentication â€º should show error for invalid credentials" classname="auth.spec.ts" time="30.185">
<failure message="auth.spec.ts:33:3 should show error for invalid credentials" type="FAILURE">
<![CDATA[  [firefox] â€º auth.spec.ts:33:3 â€º ðŸ” Authentication â€º should show error for invalid credentials â”€â”€â”€â”€

    Test timeout of 30000ms exceeded.

    Error: page.fill: Test timeout of 30000ms exceeded.
    Call log:
      - waiting for locator('input[type="email"]')


      35 |     
      36 |     // Fill invalid credentials
    > 37 |     await page.fill('input[type="email"]', 'invalid@example.com');
         |                ^
      38 |     await page.fill('input[type="password"]', 'wrongpassword');
      39 |     await page.click('button[type="submit"]');
      40 |     
        at C:\Users\SERVICE-INFO\IA\loft-algerie\tests\e2e\auth.spec.ts:37:16

    attachment #1: screenshot (image/png) â”€â”€â”€â”€â”€â”€â”€â”€â”€â”€â”€â”€â”€â”€â”€â”€â”€â”€â”€â”€â”€â”€â”€â”€â”€â”€â”€â”€â”€â”€â”€â”€â”€â”€â”€â”€â”€â”€â”€â”€â”€â”€â”€â”€â”€â”€â”€â”€â”€â”€â”€â”€â”€â”€â”€â”€â”€â”€
    ..\..\test-results\auth-ðŸ”-Authentication-sho-49446-ror-for-invalid-credentials-firefox\test-failed-1.png
    â”€â”€â”€â”€â”€â”€â”€â”€â”€â”€â”€â”€â”€â”€â”€â”€â”€â”€â”€â”€â”€â”€â”€â”€â”€â”€â”€â”€â”€â”€â”€â”€â”€â”€â”€â”€â”€â”€â”€â”€â”€â”€â”€â”€â”€â”€â”€â”€â”€â”€â”€â”€â”€â”€â”€â”€â”€â”€â”€â”€â”€â”€â”€â”€â”€â”€â”€â”€â”€â”€â”€â”€â”€â”€â”€â”€â”€â”€â”€â”€â”€â”€â”€â”€â”€â”€â”€â”€â”€â”€â”€â”€â”€â”€â”€â”€

    attachment #2: video (video/webm) â”€â”€â”€â”€â”€â”€â”€â”€â”€â”€â”€â”€â”€â”€â”€â”€â”€â”€â”€â”€â”€â”€â”€â”€â”€â”€â”€â”€â”€â”€â”€â”€â”€â”€â”€â”€â”€â”€â”€â”€â”€â”€â”€â”€â”€â”€â”€â”€â”€â”€â”€â”€â”€â”€â”€â”€â”€â”€â”€â”€â”€â”€
    ..\..\test-results\auth-ðŸ”-Authentication-sho-49446-ror-for-invalid-credentials-firefox\video.webm
    â”€â”€â”€â”€â”€â”€â”€â”€â”€â”€â”€â”€â”€â”€â”€â”€â”€â”€â”€â”€â”€â”€â”€â”€â”€â”€â”€â”€â”€â”€â”€â”€â”€â”€â”€â”€â”€â”€â”€â”€â”€â”€â”€â”€â”€â”€â”€â”€â”€â”€â”€â”€â”€â”€â”€â”€â”€â”€â”€â”€â”€â”€â”€â”€â”€â”€â”€â”€â”€â”€â”€â”€â”€â”€â”€â”€â”€â”€â”€â”€â”€â”€â”€â”€â”€â”€â”€â”€â”€â”€â”€â”€â”€â”€â”€â”€

    Error Context: ..\..\test-results\auth-ðŸ”-Authentication-sho-49446-ror-for-invalid-credentials-firefox\error-context.md
]]>
</failure>
<system-out>
<![CDATA[
[[ATTACHMENT|auth-ðŸ”-Authentication-sho-49446-ror-for-invalid-credentials-firefox\test-failed-1.png]]

[[ATTACHMENT|auth-ðŸ”-Authentication-sho-49446-ror-for-invalid-credentials-firefox\video.webm]]

[[ATTACHMENT|auth-ðŸ”-Authentication-sho-49446-ror-for-invalid-credentials-firefox\error-context.md]]
]]>
</system-out>
</testcase>
<testcase name="ðŸ” Authentication â€º should navigate to register page" classname="auth.spec.ts" time="30.247">
<failure message="auth.spec.ts:45:3 should navigate to register page" type="FAILURE">
<![CDATA[  [firefox] â€º auth.spec.ts:45:3 â€º ðŸ” Authentication â€º should navigate to register page â”€â”€â”€â”€â”€â”€â”€â”€â”€â”€â”€â”€â”€

    Test timeout of 30000ms exceeded.

    Error: page.click: Test timeout of 30000ms exceeded.
    Call log:
      - waiting for locator('text=Create an account')


      47 |     
      48 |     // Click register link
    > 49 |     await page.click('text=Create an account');
         |                ^
      50 |     await expect(page).toHaveURL(/.*\/register/);
      51 |   });
      52 |
        at C:\Users\SERVICE-INFO\IA\loft-algerie\tests\e2e\auth.spec.ts:49:16

    attachment #1: screenshot (image/png) â”€â”€â”€â”€â”€â”€â”€â”€â”€â”€â”€â”€â”€â”€â”€â”€â”€â”€â”€â”€â”€â”€â”€â”€â”€â”€â”€â”€â”€â”€â”€â”€â”€â”€â”€â”€â”€â”€â”€â”€â”€â”€â”€â”€â”€â”€â”€â”€â”€â”€â”€â”€â”€â”€â”€â”€â”€â”€
    ..\..\test-results\auth-ðŸ”-Authentication-should-navigate-to-register-page-firefox\test-failed-1.png
    â”€â”€â”€â”€â”€â”€â”€â”€â”€â”€â”€â”€â”€â”€â”€â”€â”€â”€â”€â”€â”€â”€â”€â”€â”€â”€â”€â”€â”€â”€â”€â”€â”€â”€â”€â”€â”€â”€â”€â”€â”€â”€â”€â”€â”€â”€â”€â”€â”€â”€â”€â”€â”€â”€â”€â”€â”€â”€â”€â”€â”€â”€â”€â”€â”€â”€â”€â”€â”€â”€â”€â”€â”€â”€â”€â”€â”€â”€â”€â”€â”€â”€â”€â”€â”€â”€â”€â”€â”€â”€â”€â”€â”€â”€â”€â”€

    attachment #2: video (video/webm) â”€â”€â”€â”€â”€â”€â”€â”€â”€â”€â”€â”€â”€â”€â”€â”€â”€â”€â”€â”€â”€â”€â”€â”€â”€â”€â”€â”€â”€â”€â”€â”€â”€â”€â”€â”€â”€â”€â”€â”€â”€â”€â”€â”€â”€â”€â”€â”€â”€â”€â”€â”€â”€â”€â”€â”€â”€â”€â”€â”€â”€â”€
    ..\..\test-results\auth-ðŸ”-Authentication-should-navigate-to-register-page-firefox\video.webm
    â”€â”€â”€â”€â”€â”€â”€â”€â”€â”€â”€â”€â”€â”€â”€â”€â”€â”€â”€â”€â”€â”€â”€â”€â”€â”€â”€â”€â”€â”€â”€â”€â”€â”€â”€â”€â”€â”€â”€â”€â”€â”€â”€â”€â”€â”€â”€â”€â”€â”€â”€â”€â”€â”€â”€â”€â”€â”€â”€â”€â”€â”€â”€â”€â”€â”€â”€â”€â”€â”€â”€â”€â”€â”€â”€â”€â”€â”€â”€â”€â”€â”€â”€â”€â”€â”€â”€â”€â”€â”€â”€â”€â”€â”€â”€â”€

    Error Context: ..\..\test-results\auth-ðŸ”-Authentication-should-navigate-to-register-page-firefox\error-context.md
]]>
</failure>
<system-out>
<![CDATA[
[[ATTACHMENT|auth-ðŸ”-Authentication-should-navigate-to-register-page-firefox\test-failed-1.png]]

[[ATTACHMENT|auth-ðŸ”-Authentication-should-navigate-to-register-page-firefox\video.webm]]

[[ATTACHMENT|auth-ðŸ”-Authentication-should-navigate-to-register-page-firefox\error-context.md]]
]]>
</system-out>
</testcase>
<testcase name="ðŸ” Authentication â€º should display register form" classname="auth.spec.ts" time="21.372">
</testcase>
</testsuite>
<testsuite name="dashboard.spec.ts" timestamp="2025-08-23T20:20:14.003Z" hostname="firefox" tests="7" failures="7" skipped="0" time="221.59" errors="0">
<testcase name="ðŸ“Š Dashboard â€º should display dashboard stats cards" classname="dashboard.spec.ts" time="30.53">
<failure message="dashboard.spec.ts:11:3 should display dashboard stats cards" type="FAILURE">
<![CDATA[  [firefox] â€º dashboard.spec.ts:11:3 â€º ðŸ“Š Dashboard â€º should display dashboard stats cards â”€â”€â”€â”€â”€â”€â”€â”€â”€

    Test timeout of 30000ms exceeded.

    Error: page.goto: Test timeout of 30000ms exceeded.
    Call log:
      - navigating to "http://localhost:3000/dashboard", waiting until "load"


      10 |
      11 |   test('should display dashboard stats cards', async ({ page }) => {
    > 12 |     await page.goto('/dashboard');
         |                ^
      13 |     
      14 |     // Check stats cards are visible
      15 |     await expect(page.locator('[data-testid="stats-cards"]')).toBeVisible();
        at C:\Users\SERVICE-INFO\IA\loft-algerie\tests\e2e\dashboard.spec.ts:12:16

    attachment #1: screenshot (image/png) â”€â”€â”€â”€â”€â”€â”€â”€â”€â”€â”€â”€â”€â”€â”€â”€â”€â”€â”€â”€â”€â”€â”€â”€â”€â”€â”€â”€â”€â”€â”€â”€â”€â”€â”€â”€â”€â”€â”€â”€â”€â”€â”€â”€â”€â”€â”€â”€â”€â”€â”€â”€â”€â”€â”€â”€â”€â”€
    ..\..\test-results\dashboard-ðŸ“Š-Dashboard-should-display-dashboard-stats-cards-firefox\test-failed-1.png
    â”€â”€â”€â”€â”€â”€â”€â”€â”€â”€â”€â”€â”€â”€â”€â”€â”€â”€â”€â”€â”€â”€â”€â”€â”€â”€â”€â”€â”€â”€â”€â”€â”€â”€â”€â”€â”€â”€â”€â”€â”€â”€â”€â”€â”€â”€â”€â”€â”€â”€â”€â”€â”€â”€â”€â”€â”€â”€â”€â”€â”€â”€â”€â”€â”€â”€â”€â”€â”€â”€â”€â”€â”€â”€â”€â”€â”€â”€â”€â”€â”€â”€â”€â”€â”€â”€â”€â”€â”€â”€â”€â”€â”€â”€â”€â”€

    attachment #2: video (video/webm) â”€â”€â”€â”€â”€â”€â”€â”€â”€â”€â”€â”€â”€â”€â”€â”€â”€â”€â”€â”€â”€â”€â”€â”€â”€â”€â”€â”€â”€â”€â”€â”€â”€â”€â”€â”€â”€â”€â”€â”€â”€â”€â”€â”€â”€â”€â”€â”€â”€â”€â”€â”€â”€â”€â”€â”€â”€â”€â”€â”€â”€â”€
    ..\..\test-results\dashboard-ðŸ“Š-Dashboard-should-display-dashboard-stats-cards-firefox\video.webm
    â”€â”€â”€â”€â”€â”€â”€â”€â”€â”€â”€â”€â”€â”€â”€â”€â”€â”€â”€â”€â”€â”€â”€â”€â”€â”€â”€â”€â”€â”€â”€â”€â”€â”€â”€â”€â”€â”€â”€â”€â”€â”€â”€â”€â”€â”€â”€â”€â”€â”€â”€â”€â”€â”€â”€â”€â”€â”€â”€â”€â”€â”€â”€â”€â”€â”€â”€â”€â”€â”€â”€â”€â”€â”€â”€â”€â”€â”€â”€â”€â”€â”€â”€â”€â”€â”€â”€â”€â”€â”€â”€â”€â”€â”€â”€â”€

    Error Context: ..\..\test-results\dashboard-ðŸ“Š-Dashboard-should-display-dashboard-stats-cards-firefox\error-context.md
]]>
</failure>
<system-out>
<![CDATA[
[[ATTACHMENT|dashboard-ðŸ“Š-Dashboard-should-display-dashboard-stats-cards-firefox\test-failed-1.png]]

[[ATTACHMENT|dashboard-ðŸ“Š-Dashboard-should-display-dashboard-stats-cards-firefox\video.webm]]

[[ATTACHMENT|dashboard-ðŸ“Š-Dashboard-should-display-dashboard-stats-cards-firefox\error-context.md]]
]]>
</system-out>
</testcase>
<testcase name="ðŸ“Š Dashboard â€º should display recent activities" classname="dashboard.spec.ts" time="30.186">
<failure message="dashboard.spec.ts:24:3 should display recent activities" type="FAILURE">
<![CDATA[  [firefox] â€º dashboard.spec.ts:24:3 â€º ðŸ“Š Dashboard â€º should display recent activities â”€â”€â”€â”€â”€â”€â”€â”€â”€â”€â”€â”€â”€

    Test timeout of 30000ms exceeded.

    Error: expect(locator).toBeVisible() failed

    Locator:  locator('text=ActivitÃ©s RÃ©centes')
    Expected: visible
    Received: <element(s) not found>

    Call log:
      - Expect "toBeVisible" with timeout 5000ms
      - waiting for locator('text=ActivitÃ©s RÃ©centes')


      26 |     
      27 |     // Check recent activities section
    > 28 |     await expect(page.locator('text=ActivitÃ©s RÃ©centes')).toBeVisible();
         |                                                           ^
      29 |     await expect(page.locator('[data-testid="recent-activities"]')).toBeVisible();
      30 |   });
      31 |
        at C:\Users\SERVICE-INFO\IA\loft-algerie\tests\e2e\dashboard.spec.ts:28:59

    attachment #1: screenshot (image/png) â”€â”€â”€â”€â”€â”€â”€â”€â”€â”€â”€â”€â”€â”€â”€â”€â”€â”€â”€â”€â”€â”€â”€â”€â”€â”€â”€â”€â”€â”€â”€â”€â”€â”€â”€â”€â”€â”€â”€â”€â”€â”€â”€â”€â”€â”€â”€â”€â”€â”€â”€â”€â”€â”€â”€â”€â”€â”€
    ..\..\test-results\dashboard-ðŸ“Š-Dashboard-should-display-recent-activities-firefox\test-failed-1.png
    â”€â”€â”€â”€â”€â”€â”€â”€â”€â”€â”€â”€â”€â”€â”€â”€â”€â”€â”€â”€â”€â”€â”€â”€â”€â”€â”€â”€â”€â”€â”€â”€â”€â”€â”€â”€â”€â”€â”€â”€â”€â”€â”€â”€â”€â”€â”€â”€â”€â”€â”€â”€â”€â”€â”€â”€â”€â”€â”€â”€â”€â”€â”€â”€â”€â”€â”€â”€â”€â”€â”€â”€â”€â”€â”€â”€â”€â”€â”€â”€â”€â”€â”€â”€â”€â”€â”€â”€â”€â”€â”€â”€â”€â”€â”€â”€

    attachment #2: video (video/webm) â”€â”€â”€â”€â”€â”€â”€â”€â”€â”€â”€â”€â”€â”€â”€â”€â”€â”€â”€â”€â”€â”€â”€â”€â”€â”€â”€â”€â”€â”€â”€â”€â”€â”€â”€â”€â”€â”€â”€â”€â”€â”€â”€â”€â”€â”€â”€â”€â”€â”€â”€â”€â”€â”€â”€â”€â”€â”€â”€â”€â”€â”€
    ..\..\test-results\dashboard-ðŸ“Š-Dashboard-should-display-recent-activities-firefox\video.webm
    â”€â”€â”€â”€â”€â”€â”€â”€â”€â”€â”€â”€â”€â”€â”€â”€â”€â”€â”€â”€â”€â”€â”€â”€â”€â”€â”€â”€â”€â”€â”€â”€â”€â”€â”€â”€â”€â”€â”€â”€â”€â”€â”€â”€â”€â”€â”€â”€â”€â”€â”€â”€â”€â”€â”€â”€â”€â”€â”€â”€â”€â”€â”€â”€â”€â”€â”€â”€â”€â”€â”€â”€â”€â”€â”€â”€â”€â”€â”€â”€â”€â”€â”€â”€â”€â”€â”€â”€â”€â”€â”€â”€â”€â”€â”€â”€

    Error Context: ..\..\test-results\dashboard-ðŸ“Š-Dashboard-should-display-recent-activities-firefox\error-context.md
]]>
</failure>
<system-out>
<![CDATA[
[[ATTACHMENT|dashboard-ðŸ“Š-Dashboard-should-display-recent-activities-firefox\test-failed-1.png]]

[[ATTACHMENT|dashboard-ðŸ“Š-Dashboard-should-display-recent-activities-firefox\video.webm]]

[[ATTACHMENT|dashboard-ðŸ“Š-Dashboard-should-display-recent-activities-firefox\error-context.md]]
]]>
</system-out>
</testcase>
<testcase name="ðŸ“Š Dashboard â€º should display charts and analytics" classname="dashboard.spec.ts" time="30.118">
<failure message="dashboard.spec.ts:32:3 should display charts and analytics" type="FAILURE">
<![CDATA[  [firefox] â€º dashboard.spec.ts:32:3 â€º ðŸ“Š Dashboard â€º should display charts and analytics â”€â”€â”€â”€â”€â”€â”€â”€â”€â”€

    Test timeout of 30000ms exceeded.

    Error: expect(locator).toBeVisible() failed

    Locator:  locator('[data-testid="revenue-chart"]')
    Expected: visible
    Received: <element(s) not found>

    Call log:
      - Expect "toBeVisible" with timeout 5000ms
      - waiting for locator('[data-testid="revenue-chart"]')


      34 |     
      35 |     // Check charts section
    > 36 |     await expect(page.locator('[data-testid="revenue-chart"]')).toBeVisible();
         |                                                                 ^
      37 |     await expect(page.locator('[data-testid="occupancy-chart"]')).toBeVisible();
      38 |   });
      39 |
        at C:\Users\SERVICE-INFO\IA\loft-algerie\tests\e2e\dashboard.spec.ts:36:65

    attachment #1: screenshot (image/png) â”€â”€â”€â”€â”€â”€â”€â”€â”€â”€â”€â”€â”€â”€â”€â”€â”€â”€â”€â”€â”€â”€â”€â”€â”€â”€â”€â”€â”€â”€â”€â”€â”€â”€â”€â”€â”€â”€â”€â”€â”€â”€â”€â”€â”€â”€â”€â”€â”€â”€â”€â”€â”€â”€â”€â”€â”€â”€
    ..\..\test-results\dashboard-ðŸ“Š-Dashboard-should-display-charts-and-analytics-firefox\test-failed-1.png
    â”€â”€â”€â”€â”€â”€â”€â”€â”€â”€â”€â”€â”€â”€â”€â”€â”€â”€â”€â”€â”€â”€â”€â”€â”€â”€â”€â”€â”€â”€â”€â”€â”€â”€â”€â”€â”€â”€â”€â”€â”€â”€â”€â”€â”€â”€â”€â”€â”€â”€â”€â”€â”€â”€â”€â”€â”€â”€â”€â”€â”€â”€â”€â”€â”€â”€â”€â”€â”€â”€â”€â”€â”€â”€â”€â”€â”€â”€â”€â”€â”€â”€â”€â”€â”€â”€â”€â”€â”€â”€â”€â”€â”€â”€â”€â”€

    attachment #2: video (video/webm) â”€â”€â”€â”€â”€â”€â”€â”€â”€â”€â”€â”€â”€â”€â”€â”€â”€â”€â”€â”€â”€â”€â”€â”€â”€â”€â”€â”€â”€â”€â”€â”€â”€â”€â”€â”€â”€â”€â”€â”€â”€â”€â”€â”€â”€â”€â”€â”€â”€â”€â”€â”€â”€â”€â”€â”€â”€â”€â”€â”€â”€â”€
    ..\..\test-results\dashboard-ðŸ“Š-Dashboard-should-display-charts-and-analytics-firefox\video.webm
    â”€â”€â”€â”€â”€â”€â”€â”€â”€â”€â”€â”€â”€â”€â”€â”€â”€â”€â”€â”€â”€â”€â”€â”€â”€â”€â”€â”€â”€â”€â”€â”€â”€â”€â”€â”€â”€â”€â”€â”€â”€â”€â”€â”€â”€â”€â”€â”€â”€â”€â”€â”€â”€â”€â”€â”€â”€â”€â”€â”€â”€â”€â”€â”€â”€â”€â”€â”€â”€â”€â”€â”€â”€â”€â”€â”€â”€â”€â”€â”€â”€â”€â”€â”€â”€â”€â”€â”€â”€â”€â”€â”€â”€â”€â”€â”€

    Error Context: ..\..\test-results\dashboard-ðŸ“Š-Dashboard-should-display-charts-and-analytics-firefox\error-context.md
]]>
</failure>
<system-out>
<![CDATA[
[[ATTACHMENT|dashboard-ðŸ“Š-Dashboard-should-display-charts-and-analytics-firefox\test-failed-1.png]]

[[ATTACHMENT|dashboard-ðŸ“Š-Dashboard-should-display-charts-and-analytics-firefox\video.webm]]

[[ATTACHMENT|dashboard-ðŸ“Š-Dashboard-should-display-charts-and-analytics-firefox\error-context.md]]
]]>
</system-out>
</testcase>
<testcase name="ðŸ“Š Dashboard â€º should be responsive on mobile" classname="dashboard.spec.ts" time="33.671">
<failure message="dashboard.spec.ts:40:3 should be responsive on mobile" type="FAILURE">
<![CDATA[  [firefox] â€º dashboard.spec.ts:40:3 â€º ðŸ“Š Dashboard â€º should be responsive on mobile â”€â”€â”€â”€â”€â”€â”€â”€â”€â”€â”€â”€â”€â”€â”€

    Test timeout of 30000ms exceeded.

    Error: page.goto: Test timeout of 30000ms exceeded.
    Call log:
      - navigating to "http://localhost:3000/dashboard", waiting until "load"


      40 |   test('should be responsive on mobile', async ({ page }) => {
      41 |     await page.setViewportSize({ width: 375, height: 667 });
    > 42 |     await page.goto('/dashboard');
         |                ^
      43 |     
      44 |     // Stats cards should stack vertically on mobile
      45 |     const statsCards = page.locator('[data-testid="stats-card"]');
        at C:\Users\SERVICE-INFO\IA\loft-algerie\tests\e2e\dashboard.spec.ts:42:16

    attachment #1: screenshot (image/png) â”€â”€â”€â”€â”€â”€â”€â”€â”€â”€â”€â”€â”€â”€â”€â”€â”€â”€â”€â”€â”€â”€â”€â”€â”€â”€â”€â”€â”€â”€â”€â”€â”€â”€â”€â”€â”€â”€â”€â”€â”€â”€â”€â”€â”€â”€â”€â”€â”€â”€â”€â”€â”€â”€â”€â”€â”€â”€
    ..\..\test-results\dashboard-ðŸ“Š-Dashboard-should-be-responsive-on-mobile-firefox\test-failed-1.png
    â”€â”€â”€â”€â”€â”€â”€â”€â”€â”€â”€â”€â”€â”€â”€â”€â”€â”€â”€â”€â”€â”€â”€â”€â”€â”€â”€â”€â”€â”€â”€â”€â”€â”€â”€â”€â”€â”€â”€â”€â”€â”€â”€â”€â”€â”€â”€â”€â”€â”€â”€â”€â”€â”€â”€â”€â”€â”€â”€â”€â”€â”€â”€â”€â”€â”€â”€â”€â”€â”€â”€â”€â”€â”€â”€â”€â”€â”€â”€â”€â”€â”€â”€â”€â”€â”€â”€â”€â”€â”€â”€â”€â”€â”€â”€â”€

    attachment #2: video (video/webm) â”€â”€â”€â”€â”€â”€â”€â”€â”€â”€â”€â”€â”€â”€â”€â”€â”€â”€â”€â”€â”€â”€â”€â”€â”€â”€â”€â”€â”€â”€â”€â”€â”€â”€â”€â”€â”€â”€â”€â”€â”€â”€â”€â”€â”€â”€â”€â”€â”€â”€â”€â”€â”€â”€â”€â”€â”€â”€â”€â”€â”€â”€
    ..\..\test-results\dashboard-ðŸ“Š-Dashboard-should-be-responsive-on-mobile-firefox\video.webm
    â”€â”€â”€â”€â”€â”€â”€â”€â”€â”€â”€â”€â”€â”€â”€â”€â”€â”€â”€â”€â”€â”€â”€â”€â”€â”€â”€â”€â”€â”€â”€â”€â”€â”€â”€â”€â”€â”€â”€â”€â”€â”€â”€â”€â”€â”€â”€â”€â”€â”€â”€â”€â”€â”€â”€â”€â”€â”€â”€â”€â”€â”€â”€â”€â”€â”€â”€â”€â”€â”€â”€â”€â”€â”€â”€â”€â”€â”€â”€â”€â”€â”€â”€â”€â”€â”€â”€â”€â”€â”€â”€â”€â”€â”€â”€â”€

    Error Context: ..\..\test-results\dashboard-ðŸ“Š-Dashboard-should-be-responsive-on-mobile-firefox\error-context.md
]]>
</failure>
<system-out>
<![CDATA[
[[ATTACHMENT|dashboard-ðŸ“Š-Dashboard-should-be-responsive-on-mobile-firefox\test-failed-1.png]]

[[ATTACHMENT|dashboard-ðŸ“Š-Dashboard-should-be-responsive-on-mobile-firefox\video.webm]]

[[ATTACHMENT|dashboard-ðŸ“Š-Dashboard-should-be-responsive-on-mobile-firefox\error-context.md]]
]]>
</system-out>
</testcase>
<testcase name="ðŸ“Š Dashboard â€º should navigate to detailed views from dashboard" classname="dashboard.spec.ts" time="33.509">
<failure message="dashboard.spec.ts:56:3 should navigate to detailed views from dashboard" type="FAILURE">
<![CDATA[  [firefox] â€º dashboard.spec.ts:56:3 â€º ðŸ“Š Dashboard â€º should navigate to detailed views from dashboard 

    Test timeout of 30000ms exceeded while running "beforeEach" hook.

      2 |
      3 | test.describe('ðŸ“Š Dashboard', () => {
    > 4 |   test.beforeEach(async ({ page }) => {
        |        ^
      5 |     // Mock authentication
      6 |     await page.goto('/login');
      7 |     // Add your authentication logic here
        at C:\Users\SERVICE-INFO\IA\loft-algerie\tests\e2e\dashboard.spec.ts:4:8

    attachment #1: screenshot (image/png) â”€â”€â”€â”€â”€â”€â”€â”€â”€â”€â”€â”€â”€â”€â”€â”€â”€â”€â”€â”€â”€â”€â”€â”€â”€â”€â”€â”€â”€â”€â”€â”€â”€â”€â”€â”€â”€â”€â”€â”€â”€â”€â”€â”€â”€â”€â”€â”€â”€â”€â”€â”€â”€â”€â”€â”€â”€â”€
    ..\..\test-results\dashboard-ðŸ“Š-Dashboard-sho-00fc2-tailed-views-from-dashboard-firefox\test-failed-1.png
    â”€â”€â”€â”€â”€â”€â”€â”€â”€â”€â”€â”€â”€â”€â”€â”€â”€â”€â”€â”€â”€â”€â”€â”€â”€â”€â”€â”€â”€â”€â”€â”€â”€â”€â”€â”€â”€â”€â”€â”€â”€â”€â”€â”€â”€â”€â”€â”€â”€â”€â”€â”€â”€â”€â”€â”€â”€â”€â”€â”€â”€â”€â”€â”€â”€â”€â”€â”€â”€â”€â”€â”€â”€â”€â”€â”€â”€â”€â”€â”€â”€â”€â”€â”€â”€â”€â”€â”€â”€â”€â”€â”€â”€â”€â”€â”€

    attachment #2: video (video/webm) â”€â”€â”€â”€â”€â”€â”€â”€â”€â”€â”€â”€â”€â”€â”€â”€â”€â”€â”€â”€â”€â”€â”€â”€â”€â”€â”€â”€â”€â”€â”€â”€â”€â”€â”€â”€â”€â”€â”€â”€â”€â”€â”€â”€â”€â”€â”€â”€â”€â”€â”€â”€â”€â”€â”€â”€â”€â”€â”€â”€â”€â”€
    ..\..\test-results\dashboard-ðŸ“Š-Dashboard-sho-00fc2-tailed-views-from-dashboard-firefox\video.webm
    â”€â”€â”€â”€â”€â”€â”€â”€â”€â”€â”€â”€â”€â”€â”€â”€â”€â”€â”€â”€â”€â”€â”€â”€â”€â”€â”€â”€â”€â”€â”€â”€â”€â”€â”€â”€â”€â”€â”€â”€â”€â”€â”€â”€â”€â”€â”€â”€â”€â”€â”€â”€â”€â”€â”€â”€â”€â”€â”€â”€â”€â”€â”€â”€â”€â”€â”€â”€â”€â”€â”€â”€â”€â”€â”€â”€â”€â”€â”€â”€â”€â”€â”€â”€â”€â”€â”€â”€â”€â”€â”€â”€â”€â”€â”€â”€
]]>
</failure>
<system-out>
<![CDATA[
[[ATTACHMENT|dashboard-ðŸ“Š-Dashboard-sho-00fc2-tailed-views-from-dashboard-firefox\test-failed-1.png]]

[[ATTACHMENT|dashboard-ðŸ“Š-Dashboard-sho-00fc2-tailed-views-from-dashboard-firefox\video.webm]]
]]>
</system-out>
</testcase>
<testcase name="ðŸ“Š Dashboard â€º should display user greeting" classname="dashboard.spec.ts" time="30.264">
<failure message="dashboard.spec.ts:71:3 should display user greeting" type="FAILURE">
<![CDATA[  [firefox] â€º dashboard.spec.ts:71:3 â€º ðŸ“Š Dashboard â€º should display user greeting â”€â”€â”€â”€â”€â”€â”€â”€â”€â”€â”€â”€â”€â”€â”€â”€â”€

    Test timeout of 30000ms exceeded while running "beforeEach" hook.

      2 |
      3 | test.describe('ðŸ“Š Dashboard', () => {
    > 4 |   test.beforeEach(async ({ page }) => {
        |        ^
      5 |     // Mock authentication
      6 |     await page.goto('/login');
      7 |     // Add your authentication logic here
        at C:\Users\SERVICE-INFO\IA\loft-algerie\tests\e2e\dashboard.spec.ts:4:8

    attachment #1: screenshot (image/png) â”€â”€â”€â”€â”€â”€â”€â”€â”€â”€â”€â”€â”€â”€â”€â”€â”€â”€â”€â”€â”€â”€â”€â”€â”€â”€â”€â”€â”€â”€â”€â”€â”€â”€â”€â”€â”€â”€â”€â”€â”€â”€â”€â”€â”€â”€â”€â”€â”€â”€â”€â”€â”€â”€â”€â”€â”€â”€
    ..\..\test-results\dashboard-ðŸ“Š-Dashboard-should-display-user-greeting-firefox\test-failed-1.png
    â”€â”€â”€â”€â”€â”€â”€â”€â”€â”€â”€â”€â”€â”€â”€â”€â”€â”€â”€â”€â”€â”€â”€â”€â”€â”€â”€â”€â”€â”€â”€â”€â”€â”€â”€â”€â”€â”€â”€â”€â”€â”€â”€â”€â”€â”€â”€â”€â”€â”€â”€â”€â”€â”€â”€â”€â”€â”€â”€â”€â”€â”€â”€â”€â”€â”€â”€â”€â”€â”€â”€â”€â”€â”€â”€â”€â”€â”€â”€â”€â”€â”€â”€â”€â”€â”€â”€â”€â”€â”€â”€â”€â”€â”€â”€â”€

    attachment #2: video (video/webm) â”€â”€â”€â”€â”€â”€â”€â”€â”€â”€â”€â”€â”€â”€â”€â”€â”€â”€â”€â”€â”€â”€â”€â”€â”€â”€â”€â”€â”€â”€â”€â”€â”€â”€â”€â”€â”€â”€â”€â”€â”€â”€â”€â”€â”€â”€â”€â”€â”€â”€â”€â”€â”€â”€â”€â”€â”€â”€â”€â”€â”€â”€
    ..\..\test-results\dashboard-ðŸ“Š-Dashboard-should-display-user-greeting-firefox\video.webm
    â”€â”€â”€â”€â”€â”€â”€â”€â”€â”€â”€â”€â”€â”€â”€â”€â”€â”€â”€â”€â”€â”€â”€â”€â”€â”€â”€â”€â”€â”€â”€â”€â”€â”€â”€â”€â”€â”€â”€â”€â”€â”€â”€â”€â”€â”€â”€â”€â”€â”€â”€â”€â”€â”€â”€â”€â”€â”€â”€â”€â”€â”€â”€â”€â”€â”€â”€â”€â”€â”€â”€â”€â”€â”€â”€â”€â”€â”€â”€â”€â”€â”€â”€â”€â”€â”€â”€â”€â”€â”€â”€â”€â”€â”€â”€â”€

    Error Context: ..\..\test-results\dashboard-ðŸ“Š-Dashboard-should-display-user-greeting-firefox\error-context.md
]]>
</failure>
<system-out>
<![CDATA[
[[ATTACHMENT|dashboard-ðŸ“Š-Dashboard-should-display-user-greeting-firefox\test-failed-1.png]]

[[ATTACHMENT|dashboard-ðŸ“Š-Dashboard-should-display-user-greeting-firefox\video.webm]]

[[ATTACHMENT|dashboard-ðŸ“Š-Dashboard-should-display-user-greeting-firefox\error-context.md]]
]]>
</system-out>
</testcase>
<testcase name="ðŸ“Š Dashboard â€º should show notifications badge" classname="dashboard.spec.ts" time="33.312">
<failure message="dashboard.spec.ts:79:3 should show notifications badge" type="FAILURE">
<![CDATA[  [firefox] â€º dashboard.spec.ts:79:3 â€º ðŸ“Š Dashboard â€º should show notifications badge â”€â”€â”€â”€â”€â”€â”€â”€â”€â”€â”€â”€â”€â”€

    Test timeout of 30000ms exceeded.

    Error: page.goto: Test timeout of 30000ms exceeded.
    Call log:
      - navigating to "http://localhost:3000/dashboard", waiting until "load"


      78 |
      79 |   test('should show notifications badge', async ({ page }) => {
    > 80 |     await page.goto('/dashboard');
         |                ^
      81 |     
      82 |     // Check if notifications are visible in sidebar
      83 |     const notificationBadge = page.locator('[data-testid="notification-badge"]');
        at C:\Users\SERVICE-INFO\IA\loft-algerie\tests\e2e\dashboard.spec.ts:80:16

    attachment #1: screenshot (image/png) â”€â”€â”€â”€â”€â”€â”€â”€â”€â”€â”€â”€â”€â”€â”€â”€â”€â”€â”€â”€â”€â”€â”€â”€â”€â”€â”€â”€â”€â”€â”€â”€â”€â”€â”€â”€â”€â”€â”€â”€â”€â”€â”€â”€â”€â”€â”€â”€â”€â”€â”€â”€â”€â”€â”€â”€â”€â”€
    ..\..\test-results\dashboard-ðŸ“Š-Dashboard-should-show-notifications-badge-firefox\test-failed-1.png
    â”€â”€â”€â”€â”€â”€â”€â”€â”€â”€â”€â”€â”€â”€â”€â”€â”€â”€â”€â”€â”€â”€â”€â”€â”€â”€â”€â”€â”€â”€â”€â”€â”€â”€â”€â”€â”€â”€â”€â”€â”€â”€â”€â”€â”€â”€â”€â”€â”€â”€â”€â”€â”€â”€â”€â”€â”€â”€â”€â”€â”€â”€â”€â”€â”€â”€â”€â”€â”€â”€â”€â”€â”€â”€â”€â”€â”€â”€â”€â”€â”€â”€â”€â”€â”€â”€â”€â”€â”€â”€â”€â”€â”€â”€â”€â”€

    attachment #2: video (video/webm) â”€â”€â”€â”€â”€â”€â”€â”€â”€â”€â”€â”€â”€â”€â”€â”€â”€â”€â”€â”€â”€â”€â”€â”€â”€â”€â”€â”€â”€â”€â”€â”€â”€â”€â”€â”€â”€â”€â”€â”€â”€â”€â”€â”€â”€â”€â”€â”€â”€â”€â”€â”€â”€â”€â”€â”€â”€â”€â”€â”€â”€â”€
    ..\..\test-results\dashboard-ðŸ“Š-Dashboard-should-show-notifications-badge-firefox\video.webm
    â”€â”€â”€â”€â”€â”€â”€â”€â”€â”€â”€â”€â”€â”€â”€â”€â”€â”€â”€â”€â”€â”€â”€â”€â”€â”€â”€â”€â”€â”€â”€â”€â”€â”€â”€â”€â”€â”€â”€â”€â”€â”€â”€â”€â”€â”€â”€â”€â”€â”€â”€â”€â”€â”€â”€â”€â”€â”€â”€â”€â”€â”€â”€â”€â”€â”€â”€â”€â”€â”€â”€â”€â”€â”€â”€â”€â”€â”€â”€â”€â”€â”€â”€â”€â”€â”€â”€â”€â”€â”€â”€â”€â”€â”€â”€â”€

    Error Context: ..\..\test-results\dashboard-ðŸ“Š-Dashboard-should-show-notifications-badge-firefox\error-context.md
]]>
</failure>
<system-out>
<![CDATA[
[[ATTACHMENT|dashboard-ðŸ“Š-Dashboard-should-show-notifications-badge-firefox\test-failed-1.png]]

[[ATTACHMENT|dashboard-ðŸ“Š-Dashboard-should-show-notifications-badge-firefox\video.webm]]

[[ATTACHMENT|dashboard-ðŸ“Š-Dashboard-should-show-notifications-badge-firefox\error-context.md]]
]]>
</system-out>
</testcase>
</testsuite>
<testsuite name="navigation.spec.ts" timestamp="2025-08-23T20:20:14.003Z" hostname="firefox" tests="6" failures="6" skipped="0" time="178.857" errors="0">
<testcase name="ðŸ§­ Navigation â€º should display homepage correctly" classname="navigation.spec.ts" time="27.287">
<failure message="navigation.spec.ts:12:3 should display homepage correctly" type="FAILURE">
<![CDATA[  [firefox] â€º navigation.spec.ts:12:3 â€º ðŸ§­ Navigation â€º should display homepage correctly â”€â”€â”€â”€â”€â”€â”€â”€â”€â”€

    Error: expect(locator).toContainText(expected) failed

    Locator: locator('h1')
    Expected string: "Loft AlgÃ©rie"
    Received: <element(s) not found>
    Timeout: 5000ms

    Call log:
      - Expect "toContainText" with timeout 5000ms
      - waiting for locator('h1')


      14 |     
      15 |     // Check main elements
    > 16 |     await expect(page.locator('h1')).toContainText('Loft AlgÃ©rie');
         |                                      ^
      17 |     await expect(page.locator('text=SystÃ¨me de gestion immobiliÃ¨re')).toBeVisible();
      18 |     
      19 |     // Check navigation cards
        at C:\Users\SERVICE-INFO\IA\loft-algerie\tests\e2e\navigation.spec.ts:16:38

    attachment #1: screenshot (image/png) â”€â”€â”€â”€â”€â”€â”€â”€â”€â”€â”€â”€â”€â”€â”€â”€â”€â”€â”€â”€â”€â”€â”€â”€â”€â”€â”€â”€â”€â”€â”€â”€â”€â”€â”€â”€â”€â”€â”€â”€â”€â”€â”€â”€â”€â”€â”€â”€â”€â”€â”€â”€â”€â”€â”€â”€â”€â”€
    ..\..\test-results\navigation-ðŸ§­-Navigation-should-display-homepage-correctly-firefox\test-failed-1.png
    â”€â”€â”€â”€â”€â”€â”€â”€â”€â”€â”€â”€â”€â”€â”€â”€â”€â”€â”€â”€â”€â”€â”€â”€â”€â”€â”€â”€â”€â”€â”€â”€â”€â”€â”€â”€â”€â”€â”€â”€â”€â”€â”€â”€â”€â”€â”€â”€â”€â”€â”€â”€â”€â”€â”€â”€â”€â”€â”€â”€â”€â”€â”€â”€â”€â”€â”€â”€â”€â”€â”€â”€â”€â”€â”€â”€â”€â”€â”€â”€â”€â”€â”€â”€â”€â”€â”€â”€â”€â”€â”€â”€â”€â”€â”€â”€

    attachment #2: video (video/webm) â”€â”€â”€â”€â”€â”€â”€â”€â”€â”€â”€â”€â”€â”€â”€â”€â”€â”€â”€â”€â”€â”€â”€â”€â”€â”€â”€â”€â”€â”€â”€â”€â”€â”€â”€â”€â”€â”€â”€â”€â”€â”€â”€â”€â”€â”€â”€â”€â”€â”€â”€â”€â”€â”€â”€â”€â”€â”€â”€â”€â”€â”€
    ..\..\test-results\navigation-ðŸ§­-Navigation-should-display-homepage-correctly-firefox\video.webm
    â”€â”€â”€â”€â”€â”€â”€â”€â”€â”€â”€â”€â”€â”€â”€â”€â”€â”€â”€â”€â”€â”€â”€â”€â”€â”€â”€â”€â”€â”€â”€â”€â”€â”€â”€â”€â”€â”€â”€â”€â”€â”€â”€â”€â”€â”€â”€â”€â”€â”€â”€â”€â”€â”€â”€â”€â”€â”€â”€â”€â”€â”€â”€â”€â”€â”€â”€â”€â”€â”€â”€â”€â”€â”€â”€â”€â”€â”€â”€â”€â”€â”€â”€â”€â”€â”€â”€â”€â”€â”€â”€â”€â”€â”€â”€â”€

    Error Context: ..\..\test-results\navigation-ðŸ§­-Navigation-should-display-homepage-correctly-firefox\error-context.md
]]>
</failure>
<system-out>
<![CDATA[
[[ATTACHMENT|navigation-ðŸ§­-Navigation-should-display-homepage-correctly-firefox\test-failed-1.png]]

[[ATTACHMENT|navigation-ðŸ§­-Navigation-should-display-homepage-correctly-firefox\video.webm]]

[[ATTACHMENT|navigation-ðŸ§­-Navigation-should-display-homepage-correctly-firefox\error-context.md]]
]]>
</system-out>
</testcase>
<testcase name="ðŸ§­ Navigation â€º should navigate to different sections from homepage" classname="navigation.spec.ts" time="30.46">
<failure message="navigation.spec.ts:26:3 should navigate to different sections from homepage" type="FAILURE">
<![CDATA[  [firefox] â€º navigation.spec.ts:26:3 â€º ðŸ§­ Navigation â€º should navigate to different sections from homepage 

    Test timeout of 30000ms exceeded.

    Error: page.click: Test timeout of 30000ms exceeded.
    Call log:
      - waiting for locator('text=Voir les Lofts')


      28 |     
      29 |     // Test navigation to lofts
    > 30 |     await page.click('text=Voir les Lofts');
         |                ^
      31 |     await expect(page).toHaveURL(/.*\/lofts/);
      32 |     
      33 |     // Go back to homepage
        at C:\Users\SERVICE-INFO\IA\loft-algerie\tests\e2e\navigation.spec.ts:30:16

    attachment #1: screenshot (image/png) â”€â”€â”€â”€â”€â”€â”€â”€â”€â”€â”€â”€â”€â”€â”€â”€â”€â”€â”€â”€â”€â”€â”€â”€â”€â”€â”€â”€â”€â”€â”€â”€â”€â”€â”€â”€â”€â”€â”€â”€â”€â”€â”€â”€â”€â”€â”€â”€â”€â”€â”€â”€â”€â”€â”€â”€â”€â”€
    ..\..\test-results\navigation-ðŸ§­-Navigation-s-d22cd-rent-sections-from-homepage-firefox\test-failed-1.png
    â”€â”€â”€â”€â”€â”€â”€â”€â”€â”€â”€â”€â”€â”€â”€â”€â”€â”€â”€â”€â”€â”€â”€â”€â”€â”€â”€â”€â”€â”€â”€â”€â”€â”€â”€â”€â”€â”€â”€â”€â”€â”€â”€â”€â”€â”€â”€â”€â”€â”€â”€â”€â”€â”€â”€â”€â”€â”€â”€â”€â”€â”€â”€â”€â”€â”€â”€â”€â”€â”€â”€â”€â”€â”€â”€â”€â”€â”€â”€â”€â”€â”€â”€â”€â”€â”€â”€â”€â”€â”€â”€â”€â”€â”€â”€â”€

    attachment #2: video (video/webm) â”€â”€â”€â”€â”€â”€â”€â”€â”€â”€â”€â”€â”€â”€â”€â”€â”€â”€â”€â”€â”€â”€â”€â”€â”€â”€â”€â”€â”€â”€â”€â”€â”€â”€â”€â”€â”€â”€â”€â”€â”€â”€â”€â”€â”€â”€â”€â”€â”€â”€â”€â”€â”€â”€â”€â”€â”€â”€â”€â”€â”€â”€
    ..\..\test-results\navigation-ðŸ§­-Navigation-s-d22cd-rent-sections-from-homepage-firefox\video.webm
    â”€â”€â”€â”€â”€â”€â”€â”€â”€â”€â”€â”€â”€â”€â”€â”€â”€â”€â”€â”€â”€â”€â”€â”€â”€â”€â”€â”€â”€â”€â”€â”€â”€â”€â”€â”€â”€â”€â”€â”€â”€â”€â”€â”€â”€â”€â”€â”€â”€â”€â”€â”€â”€â”€â”€â”€â”€â”€â”€â”€â”€â”€â”€â”€â”€â”€â”€â”€â”€â”€â”€â”€â”€â”€â”€â”€â”€â”€â”€â”€â”€â”€â”€â”€â”€â”€â”€â”€â”€â”€â”€â”€â”€â”€â”€â”€

    Error Context: ..\..\test-results\navigation-ðŸ§­-Navigation-s-d22cd-rent-sections-from-homepage-firefox\error-context.md
]]>
</failure>
<system-out>
<![CDATA[
[[ATTACHMENT|navigation-ðŸ§­-Navigation-s-d22cd-rent-sections-from-homepage-firefox\test-failed-1.png]]

[[ATTACHMENT|navigation-ðŸ§­-Navigation-s-d22cd-rent-sections-from-homepage-firefox\video.webm]]

[[ATTACHMENT|navigation-ðŸ§­-Navigation-s-d22cd-rent-sections-from-homepage-firefox\error-context.md]]
]]>
</system-out>
</testcase>
<testcase name="ðŸ§­ Navigation â€º should display responsive navigation" classname="navigation.spec.ts" time="30.207">
<failure message="navigation.spec.ts:48:3 should display responsive navigation" type="FAILURE">
<![CDATA[  [firefox] â€º navigation.spec.ts:48:3 â€º ðŸ§­ Navigation â€º should display responsive navigation â”€â”€â”€â”€â”€â”€â”€

    Test timeout of 30000ms exceeded.

    Error: page.goto: Test timeout of 30000ms exceeded.
    Call log:
      - navigating to "http://localhost:3000/dashboard", waiting until "load"


      49 |     // Test desktop navigation
      50 |     await page.setViewportSize({ width: 1200, height: 800 });
    > 51 |     await page.goto('/dashboard');
         |                ^
      52 |     
      53 |     // Should show sidebar on desktop
      54 |     await expect(page.locator('[data-testid="sidebar"]')).toBeVisible();
        at C:\Users\SERVICE-INFO\IA\loft-algerie\tests\e2e\navigation.spec.ts:51:16

    attachment #1: screenshot (image/png) â”€â”€â”€â”€â”€â”€â”€â”€â”€â”€â”€â”€â”€â”€â”€â”€â”€â”€â”€â”€â”€â”€â”€â”€â”€â”€â”€â”€â”€â”€â”€â”€â”€â”€â”€â”€â”€â”€â”€â”€â”€â”€â”€â”€â”€â”€â”€â”€â”€â”€â”€â”€â”€â”€â”€â”€â”€â”€
    ..\..\test-results\navigation-ðŸ§­-Navigation-s-63103-splay-responsive-navigation-firefox\test-failed-1.png
    â”€â”€â”€â”€â”€â”€â”€â”€â”€â”€â”€â”€â”€â”€â”€â”€â”€â”€â”€â”€â”€â”€â”€â”€â”€â”€â”€â”€â”€â”€â”€â”€â”€â”€â”€â”€â”€â”€â”€â”€â”€â”€â”€â”€â”€â”€â”€â”€â”€â”€â”€â”€â”€â”€â”€â”€â”€â”€â”€â”€â”€â”€â”€â”€â”€â”€â”€â”€â”€â”€â”€â”€â”€â”€â”€â”€â”€â”€â”€â”€â”€â”€â”€â”€â”€â”€â”€â”€â”€â”€â”€â”€â”€â”€â”€â”€

    attachment #2: video (video/webm) â”€â”€â”€â”€â”€â”€â”€â”€â”€â”€â”€â”€â”€â”€â”€â”€â”€â”€â”€â”€â”€â”€â”€â”€â”€â”€â”€â”€â”€â”€â”€â”€â”€â”€â”€â”€â”€â”€â”€â”€â”€â”€â”€â”€â”€â”€â”€â”€â”€â”€â”€â”€â”€â”€â”€â”€â”€â”€â”€â”€â”€â”€
    ..\..\test-results\navigation-ðŸ§­-Navigation-s-63103-splay-responsive-navigation-firefox\video.webm
    â”€â”€â”€â”€â”€â”€â”€â”€â”€â”€â”€â”€â”€â”€â”€â”€â”€â”€â”€â”€â”€â”€â”€â”€â”€â”€â”€â”€â”€â”€â”€â”€â”€â”€â”€â”€â”€â”€â”€â”€â”€â”€â”€â”€â”€â”€â”€â”€â”€â”€â”€â”€â”€â”€â”€â”€â”€â”€â”€â”€â”€â”€â”€â”€â”€â”€â”€â”€â”€â”€â”€â”€â”€â”€â”€â”€â”€â”€â”€â”€â”€â”€â”€â”€â”€â”€â”€â”€â”€â”€â”€â”€â”€â”€â”€â”€

    Error Context: ..\..\test-results\navigation-ðŸ§­-Navigation-s-63103-splay-responsive-navigation-firefox\error-context.md
]]>
</failure>
<system-out>
<![CDATA[
[[ATTACHMENT|navigation-ðŸ§­-Navigation-s-63103-splay-responsive-navigation-firefox\test-failed-1.png]]

[[ATTACHMENT|navigation-ðŸ§­-Navigation-s-63103-splay-responsive-navigation-firefox\video.webm]]

[[ATTACHMENT|navigation-ðŸ§­-Navigation-s-63103-splay-responsive-navigation-firefox\error-context.md]]
]]>
</system-out>
</testcase>
<testcase name="ðŸ§­ Navigation â€º should open mobile menu" classname="navigation.spec.ts" time="30.198">
<failure message="navigation.spec.ts:67:3 should open mobile menu" type="FAILURE">
<![CDATA[  [firefox] â€º navigation.spec.ts:67:3 â€º ðŸ§­ Navigation â€º should open mobile menu â”€â”€â”€â”€â”€â”€â”€â”€â”€â”€â”€â”€â”€â”€â”€â”€â”€â”€â”€â”€

    Test timeout of 30000ms exceeded.

    Error: page.goto: Test timeout of 30000ms exceeded.
    Call log:
      - navigating to "http://localhost:3000/dashboard", waiting until "load"


      67 |   test('should open mobile menu', async ({ page }) => {
      68 |     await page.setViewportSize({ width: 375, height: 667 });
    > 69 |     await page.goto('/dashboard');
         |                ^
      70 |     
      71 |     // Click menu button
      72 |     await page.click('[data-testid="menu-button"]');
        at C:\Users\SERVICE-INFO\IA\loft-algerie\tests\e2e\navigation.spec.ts:69:16

    attachment #1: screenshot (image/png) â”€â”€â”€â”€â”€â”€â”€â”€â”€â”€â”€â”€â”€â”€â”€â”€â”€â”€â”€â”€â”€â”€â”€â”€â”€â”€â”€â”€â”€â”€â”€â”€â”€â”€â”€â”€â”€â”€â”€â”€â”€â”€â”€â”€â”€â”€â”€â”€â”€â”€â”€â”€â”€â”€â”€â”€â”€â”€
    ..\..\test-results\navigation-ðŸ§­-Navigation-should-open-mobile-menu-firefox\test-failed-1.png
    â”€â”€â”€â”€â”€â”€â”€â”€â”€â”€â”€â”€â”€â”€â”€â”€â”€â”€â”€â”€â”€â”€â”€â”€â”€â”€â”€â”€â”€â”€â”€â”€â”€â”€â”€â”€â”€â”€â”€â”€â”€â”€â”€â”€â”€â”€â”€â”€â”€â”€â”€â”€â”€â”€â”€â”€â”€â”€â”€â”€â”€â”€â”€â”€â”€â”€â”€â”€â”€â”€â”€â”€â”€â”€â”€â”€â”€â”€â”€â”€â”€â”€â”€â”€â”€â”€â”€â”€â”€â”€â”€â”€â”€â”€â”€â”€

    attachment #2: video (video/webm) â”€â”€â”€â”€â”€â”€â”€â”€â”€â”€â”€â”€â”€â”€â”€â”€â”€â”€â”€â”€â”€â”€â”€â”€â”€â”€â”€â”€â”€â”€â”€â”€â”€â”€â”€â”€â”€â”€â”€â”€â”€â”€â”€â”€â”€â”€â”€â”€â”€â”€â”€â”€â”€â”€â”€â”€â”€â”€â”€â”€â”€â”€
    ..\..\test-results\navigation-ðŸ§­-Navigation-should-open-mobile-menu-firefox\video.webm
    â”€â”€â”€â”€â”€â”€â”€â”€â”€â”€â”€â”€â”€â”€â”€â”€â”€â”€â”€â”€â”€â”€â”€â”€â”€â”€â”€â”€â”€â”€â”€â”€â”€â”€â”€â”€â”€â”€â”€â”€â”€â”€â”€â”€â”€â”€â”€â”€â”€â”€â”€â”€â”€â”€â”€â”€â”€â”€â”€â”€â”€â”€â”€â”€â”€â”€â”€â”€â”€â”€â”€â”€â”€â”€â”€â”€â”€â”€â”€â”€â”€â”€â”€â”€â”€â”€â”€â”€â”€â”€â”€â”€â”€â”€â”€â”€

    Error Context: ..\..\test-results\navigation-ðŸ§­-Navigation-should-open-mobile-menu-firefox\error-context.md
]]>
</failure>
<system-out>
<![CDATA[
[[ATTACHMENT|navigation-ðŸ§­-Navigation-should-open-mobile-menu-firefox\test-failed-1.png]]

[[ATTACHMENT|navigation-ðŸ§­-Navigation-should-open-mobile-menu-firefox\video.webm]]

[[ATTACHMENT|navigation-ðŸ§­-Navigation-should-open-mobile-menu-firefox\error-context.md]]
]]>
</system-out>
</testcase>
<testcase name="ðŸ§­ Navigation â€º should display language selector" classname="navigation.spec.ts" time="30.56">
<failure message="navigation.spec.ts:78:3 should display language selector" type="FAILURE">
<![CDATA[  [firefox] â€º navigation.spec.ts:78:3 â€º ðŸ§­ Navigation â€º should display language selector â”€â”€â”€â”€â”€â”€â”€â”€â”€â”€â”€

    Test timeout of 30000ms exceeded.

    Error: expect(locator).toBeVisible() failed

    Locator:  locator('[data-testid="language-selector"]')
    Expected: visible
    Received: <element(s) not found>

    Call log:
      - Expect "toBeVisible" with timeout 5000ms
      - waiting for locator('[data-testid="language-selector"]')


      80 |     
      81 |     // Should show language selector
    > 82 |     await expect(page.locator('[data-testid="language-selector"]')).toBeVisible();
         |                                                                     ^
      83 |     
      84 |     // Click language selector
      85 |     await page.click('[data-testid="language-selector"]');
        at C:\Users\SERVICE-INFO\IA\loft-algerie\tests\e2e\navigation.spec.ts:82:69

    attachment #1: screenshot (image/png) â”€â”€â”€â”€â”€â”€â”€â”€â”€â”€â”€â”€â”€â”€â”€â”€â”€â”€â”€â”€â”€â”€â”€â”€â”€â”€â”€â”€â”€â”€â”€â”€â”€â”€â”€â”€â”€â”€â”€â”€â”€â”€â”€â”€â”€â”€â”€â”€â”€â”€â”€â”€â”€â”€â”€â”€â”€â”€
    ..\..\test-results\navigation-ðŸ§­-Navigation-should-display-language-selector-firefox\test-failed-1.png
    â”€â”€â”€â”€â”€â”€â”€â”€â”€â”€â”€â”€â”€â”€â”€â”€â”€â”€â”€â”€â”€â”€â”€â”€â”€â”€â”€â”€â”€â”€â”€â”€â”€â”€â”€â”€â”€â”€â”€â”€â”€â”€â”€â”€â”€â”€â”€â”€â”€â”€â”€â”€â”€â”€â”€â”€â”€â”€â”€â”€â”€â”€â”€â”€â”€â”€â”€â”€â”€â”€â”€â”€â”€â”€â”€â”€â”€â”€â”€â”€â”€â”€â”€â”€â”€â”€â”€â”€â”€â”€â”€â”€â”€â”€â”€â”€

    attachment #2: video (video/webm) â”€â”€â”€â”€â”€â”€â”€â”€â”€â”€â”€â”€â”€â”€â”€â”€â”€â”€â”€â”€â”€â”€â”€â”€â”€â”€â”€â”€â”€â”€â”€â”€â”€â”€â”€â”€â”€â”€â”€â”€â”€â”€â”€â”€â”€â”€â”€â”€â”€â”€â”€â”€â”€â”€â”€â”€â”€â”€â”€â”€â”€â”€
    ..\..\test-results\navigation-ðŸ§­-Navigation-should-display-language-selector-firefox\video.webm
    â”€â”€â”€â”€â”€â”€â”€â”€â”€â”€â”€â”€â”€â”€â”€â”€â”€â”€â”€â”€â”€â”€â”€â”€â”€â”€â”€â”€â”€â”€â”€â”€â”€â”€â”€â”€â”€â”€â”€â”€â”€â”€â”€â”€â”€â”€â”€â”€â”€â”€â”€â”€â”€â”€â”€â”€â”€â”€â”€â”€â”€â”€â”€â”€â”€â”€â”€â”€â”€â”€â”€â”€â”€â”€â”€â”€â”€â”€â”€â”€â”€â”€â”€â”€â”€â”€â”€â”€â”€â”€â”€â”€â”€â”€â”€â”€

    Error Context: ..\..\test-results\navigation-ðŸ§­-Navigation-should-display-language-selector-firefox\error-context.md
]]>
</failure>
<system-out>
<![CDATA[
[[ATTACHMENT|navigation-ðŸ§­-Navigation-should-display-language-selector-firefox\test-failed-1.png]]

[[ATTACHMENT|navigation-ðŸ§­-Navigation-should-display-language-selector-firefox\video.webm]]

[[ATTACHMENT|navigation-ðŸ§­-Navigation-should-display-language-selector-firefox\error-context.md]]
]]>
</system-out>
</testcase>
<testcase name="ðŸ§­ Navigation â€º should change language" classname="navigation.spec.ts" time="30.145">
<failure message="navigation.spec.ts:93:3 should change language" type="FAILURE">
<![CDATA[  [firefox] â€º navigation.spec.ts:93:3 â€º ðŸ§­ Navigation â€º should change language â”€â”€â”€â”€â”€â”€â”€â”€â”€â”€â”€â”€â”€â”€â”€â”€â”€â”€â”€â”€â”€

    Test timeout of 30000ms exceeded.

    Error: page.click: Test timeout of 30000ms exceeded.
    Call log:
      - waiting for locator('[data-testid="language-selector"]')


       95 |     
       96 |     // Click language selector
    >  97 |     await page.click('[data-testid="language-selector"]');
          |                ^
       98 |     
       99 |     // Select English
      100 |     await page.click('text=English');
        at C:\Users\SERVICE-INFO\IA\loft-algerie\tests\e2e\navigation.spec.ts:97:16

    attachment #1: screenshot (image/png) â”€â”€â”€â”€â”€â”€â”€â”€â”€â”€â”€â”€â”€â”€â”€â”€â”€â”€â”€â”€â”€â”€â”€â”€â”€â”€â”€â”€â”€â”€â”€â”€â”€â”€â”€â”€â”€â”€â”€â”€â”€â”€â”€â”€â”€â”€â”€â”€â”€â”€â”€â”€â”€â”€â”€â”€â”€â”€
    ..\..\test-results\navigation-ðŸ§­-Navigation-should-change-language-firefox\test-failed-1.png
    â”€â”€â”€â”€â”€â”€â”€â”€â”€â”€â”€â”€â”€â”€â”€â”€â”€â”€â”€â”€â”€â”€â”€â”€â”€â”€â”€â”€â”€â”€â”€â”€â”€â”€â”€â”€â”€â”€â”€â”€â”€â”€â”€â”€â”€â”€â”€â”€â”€â”€â”€â”€â”€â”€â”€â”€â”€â”€â”€â”€â”€â”€â”€â”€â”€â”€â”€â”€â”€â”€â”€â”€â”€â”€â”€â”€â”€â”€â”€â”€â”€â”€â”€â”€â”€â”€â”€â”€â”€â”€â”€â”€â”€â”€â”€â”€

    attachment #2: video (video/webm) â”€â”€â”€â”€â”€â”€â”€â”€â”€â”€â”€â”€â”€â”€â”€â”€â”€â”€â”€â”€â”€â”€â”€â”€â”€â”€â”€â”€â”€â”€â”€â”€â”€â”€â”€â”€â”€â”€â”€â”€â”€â”€â”€â”€â”€â”€â”€â”€â”€â”€â”€â”€â”€â”€â”€â”€â”€â”€â”€â”€â”€â”€
    ..\..\test-results\navigation-ðŸ§­-Navigation-should-change-language-firefox\video.webm
    â”€â”€â”€â”€â”€â”€â”€â”€â”€â”€â”€â”€â”€â”€â”€â”€â”€â”€â”€â”€â”€â”€â”€â”€â”€â”€â”€â”€â”€â”€â”€â”€â”€â”€â”€â”€â”€â”€â”€â”€â”€â”€â”€â”€â”€â”€â”€â”€â”€â”€â”€â”€â”€â”€â”€â”€â”€â”€â”€â”€â”€â”€â”€â”€â”€â”€â”€â”€â”€â”€â”€â”€â”€â”€â”€â”€â”€â”€â”€â”€â”€â”€â”€â”€â”€â”€â”€â”€â”€â”€â”€â”€â”€â”€â”€â”€

    Error Context: ..\..\test-results\navigation-ðŸ§­-Navigation-should-change-language-firefox\error-context.md
]]>
</failure>
<system-out>
<![CDATA[
[[ATTACHMENT|navigation-ðŸ§­-Navigation-should-change-language-firefox\test-failed-1.png]]

[[ATTACHMENT|navigation-ðŸ§­-Navigation-should-change-language-firefox\video.webm]]

[[ATTACHMENT|navigation-ðŸ§­-Navigation-should-change-language-firefox\error-context.md]]
]]>
</system-out>
</testcase>
</testsuite>
<testsuite name="auth.spec.ts" timestamp="2025-08-23T20:20:14.003Z" hostname="webkit" tests="6" failures="4" skipped="0" time="162.733" errors="0">
<testcase name="ðŸ” Authentication â€º should redirect to login when not authenticated" classname="auth.spec.ts" time="25.125">
</testcase>
<testcase name="ðŸ” Authentication â€º should display login form" classname="auth.spec.ts" time="17.614">
<failure message="auth.spec.ts:13:3 should display login form" type="FAILURE">
<![CDATA[  [webkit] â€º auth.spec.ts:13:3 â€º ðŸ” Authentication â€º should display login form â”€â”€â”€â”€â”€â”€â”€â”€â”€â”€â”€â”€â”€â”€â”€â”€â”€â”€â”€â”€â”€

    Error: page.goto: Navigation to "http://localhost:3000/login" is interrupted by another navigation to "http://localhost:3000/login"
    Call log:
      - navigating to "http://localhost:3000/login", waiting until "load"


      12 |
      13 |   test('should display login form', async ({ page }) => {
    > 14 |     await page.goto('/login');
         |                ^
      15 |     
      16 |     // Check login form elements
      17 |     await expect(page.locator('input[type="email"]')).toBeVisible();
        at C:\Users\SERVICE-INFO\IA\loft-algerie\tests\e2e\auth.spec.ts:14:16

    attachment #1: screenshot (image/png) â”€â”€â”€â”€â”€â”€â”€â”€â”€â”€â”€â”€â”€â”€â”€â”€â”€â”€â”€â”€â”€â”€â”€â”€â”€â”€â”€â”€â”€â”€â”€â”€â”€â”€â”€â”€â”€â”€â”€â”€â”€â”€â”€â”€â”€â”€â”€â”€â”€â”€â”€â”€â”€â”€â”€â”€â”€â”€
    ..\..\test-results\auth-ðŸ”-Authentication-should-display-login-form-webkit\test-failed-1.png
    â”€â”€â”€â”€â”€â”€â”€â”€â”€â”€â”€â”€â”€â”€â”€â”€â”€â”€â”€â”€â”€â”€â”€â”€â”€â”€â”€â”€â”€â”€â”€â”€â”€â”€â”€â”€â”€â”€â”€â”€â”€â”€â”€â”€â”€â”€â”€â”€â”€â”€â”€â”€â”€â”€â”€â”€â”€â”€â”€â”€â”€â”€â”€â”€â”€â”€â”€â”€â”€â”€â”€â”€â”€â”€â”€â”€â”€â”€â”€â”€â”€â”€â”€â”€â”€â”€â”€â”€â”€â”€â”€â”€â”€â”€â”€â”€

    attachment #2: video (video/webm) â”€â”€â”€â”€â”€â”€â”€â”€â”€â”€â”€â”€â”€â”€â”€â”€â”€â”€â”€â”€â”€â”€â”€â”€â”€â”€â”€â”€â”€â”€â”€â”€â”€â”€â”€â”€â”€â”€â”€â”€â”€â”€â”€â”€â”€â”€â”€â”€â”€â”€â”€â”€â”€â”€â”€â”€â”€â”€â”€â”€â”€â”€
    ..\..\test-results\auth-ðŸ”-Authentication-should-display-login-form-webkit\video.webm
    â”€â”€â”€â”€â”€â”€â”€â”€â”€â”€â”€â”€â”€â”€â”€â”€â”€â”€â”€â”€â”€â”€â”€â”€â”€â”€â”€â”€â”€â”€â”€â”€â”€â”€â”€â”€â”€â”€â”€â”€â”€â”€â”€â”€â”€â”€â”€â”€â”€â”€â”€â”€â”€â”€â”€â”€â”€â”€â”€â”€â”€â”€â”€â”€â”€â”€â”€â”€â”€â”€â”€â”€â”€â”€â”€â”€â”€â”€â”€â”€â”€â”€â”€â”€â”€â”€â”€â”€â”€â”€â”€â”€â”€â”€â”€â”€

    Error Context: ..\..\test-results\auth-ðŸ”-Authentication-should-display-login-form-webkit\error-context.md
]]>
</failure>
<system-out>
<![CDATA[
[[ATTACHMENT|auth-ðŸ”-Authentication-should-display-login-form-webkit\test-failed-1.png]]

[[ATTACHMENT|auth-ðŸ”-Authentication-should-display-login-form-webkit\video.webm]]

[[ATTACHMENT|auth-ðŸ”-Authentication-should-display-login-form-webkit\error-context.md]]
]]>
</system-out>
</testcase>
<testcase name="ðŸ” Authentication â€º should show validation errors for empty form" classname="auth.spec.ts" time="30.909">
<failure message="auth.spec.ts:22:3 should show validation errors for empty form" type="FAILURE">
<![CDATA[  [webkit] â€º auth.spec.ts:22:3 â€º ðŸ” Authentication â€º should show validation errors for empty form â”€â”€

    Test timeout of 30000ms exceeded.

    Error: page.click: Test timeout of 30000ms exceeded.
    Call log:
      - waiting for locator('button[type="submit"]')


      24 |     
      25 |     // Try to submit empty form
    > 26 |     await page.click('button[type="submit"]');
         |                ^
      27 |     
      28 |     // Should show validation errors
      29 |     await expect(page.locator('text=Email is required')).toBeVisible();
        at C:\Users\SERVICE-INFO\IA\loft-algerie\tests\e2e\auth.spec.ts:26:16

    attachment #1: screenshot (image/png) â”€â”€â”€â”€â”€â”€â”€â”€â”€â”€â”€â”€â”€â”€â”€â”€â”€â”€â”€â”€â”€â”€â”€â”€â”€â”€â”€â”€â”€â”€â”€â”€â”€â”€â”€â”€â”€â”€â”€â”€â”€â”€â”€â”€â”€â”€â”€â”€â”€â”€â”€â”€â”€â”€â”€â”€â”€â”€
    ..\..\test-results\auth-ðŸ”-Authentication-sho-28a5c-ation-errors-for-empty-form-webkit\test-failed-1.png
    â”€â”€â”€â”€â”€â”€â”€â”€â”€â”€â”€â”€â”€â”€â”€â”€â”€â”€â”€â”€â”€â”€â”€â”€â”€â”€â”€â”€â”€â”€â”€â”€â”€â”€â”€â”€â”€â”€â”€â”€â”€â”€â”€â”€â”€â”€â”€â”€â”€â”€â”€â”€â”€â”€â”€â”€â”€â”€â”€â”€â”€â”€â”€â”€â”€â”€â”€â”€â”€â”€â”€â”€â”€â”€â”€â”€â”€â”€â”€â”€â”€â”€â”€â”€â”€â”€â”€â”€â”€â”€â”€â”€â”€â”€â”€â”€

    attachment #2: video (video/webm) â”€â”€â”€â”€â”€â”€â”€â”€â”€â”€â”€â”€â”€â”€â”€â”€â”€â”€â”€â”€â”€â”€â”€â”€â”€â”€â”€â”€â”€â”€â”€â”€â”€â”€â”€â”€â”€â”€â”€â”€â”€â”€â”€â”€â”€â”€â”€â”€â”€â”€â”€â”€â”€â”€â”€â”€â”€â”€â”€â”€â”€â”€
    ..\..\test-results\auth-ðŸ”-Authentication-sho-28a5c-ation-errors-for-empty-form-webkit\video.webm
    â”€â”€â”€â”€â”€â”€â”€â”€â”€â”€â”€â”€â”€â”€â”€â”€â”€â”€â”€â”€â”€â”€â”€â”€â”€â”€â”€â”€â”€â”€â”€â”€â”€â”€â”€â”€â”€â”€â”€â”€â”€â”€â”€â”€â”€â”€â”€â”€â”€â”€â”€â”€â”€â”€â”€â”€â”€â”€â”€â”€â”€â”€â”€â”€â”€â”€â”€â”€â”€â”€â”€â”€â”€â”€â”€â”€â”€â”€â”€â”€â”€â”€â”€â”€â”€â”€â”€â”€â”€â”€â”€â”€â”€â”€â”€â”€

    Error Context: ..\..\test-results\auth-ðŸ”-Authentication-sho-28a5c-ation-errors-for-empty-form-webkit\error-context.md
]]>
</failure>
<system-out>
<![CDATA[
[[ATTACHMENT|auth-ðŸ”-Authentication-sho-28a5c-ation-errors-for-empty-form-webkit\test-failed-1.png]]

[[ATTACHMENT|auth-ðŸ”-Authentication-sho-28a5c-ation-errors-for-empty-form-webkit\video.webm]]

[[ATTACHMENT|auth-ðŸ”-Authentication-sho-28a5c-ation-errors-for-empty-form-webkit\error-context.md]]
]]>
</system-out>
</testcase>
<testcase name="ðŸ” Authentication â€º should show error for invalid credentials" classname="auth.spec.ts" time="30.509">
<failure message="auth.spec.ts:33:3 should show error for invalid credentials" type="FAILURE">
<![CDATA[  [webkit] â€º auth.spec.ts:33:3 â€º ðŸ” Authentication â€º should show error for invalid credentials â”€â”€â”€â”€â”€

    Test timeout of 30000ms exceeded.

    Error: page.fill: Test timeout of 30000ms exceeded.
    Call log:
      - waiting for locator('input[type="email"]')


      35 |     
      36 |     // Fill invalid credentials
    > 37 |     await page.fill('input[type="email"]', 'invalid@example.com');
         |                ^
      38 |     await page.fill('input[type="password"]', 'wrongpassword');
      39 |     await page.click('button[type="submit"]');
      40 |     
        at C:\Users\SERVICE-INFO\IA\loft-algerie\tests\e2e\auth.spec.ts:37:16

    attachment #1: screenshot (image/png) â”€â”€â”€â”€â”€â”€â”€â”€â”€â”€â”€â”€â”€â”€â”€â”€â”€â”€â”€â”€â”€â”€â”€â”€â”€â”€â”€â”€â”€â”€â”€â”€â”€â”€â”€â”€â”€â”€â”€â”€â”€â”€â”€â”€â”€â”€â”€â”€â”€â”€â”€â”€â”€â”€â”€â”€â”€â”€
    ..\..\test-results\auth-ðŸ”-Authentication-sho-49446-ror-for-invalid-credentials-webkit\test-failed-1.png
    â”€â”€â”€â”€â”€â”€â”€â”€â”€â”€â”€â”€â”€â”€â”€â”€â”€â”€â”€â”€â”€â”€â”€â”€â”€â”€â”€â”€â”€â”€â”€â”€â”€â”€â”€â”€â”€â”€â”€â”€â”€â”€â”€â”€â”€â”€â”€â”€â”€â”€â”€â”€â”€â”€â”€â”€â”€â”€â”€â”€â”€â”€â”€â”€â”€â”€â”€â”€â”€â”€â”€â”€â”€â”€â”€â”€â”€â”€â”€â”€â”€â”€â”€â”€â”€â”€â”€â”€â”€â”€â”€â”€â”€â”€â”€â”€

    attachment #2: video (video/webm) â”€â”€â”€â”€â”€â”€â”€â”€â”€â”€â”€â”€â”€â”€â”€â”€â”€â”€â”€â”€â”€â”€â”€â”€â”€â”€â”€â”€â”€â”€â”€â”€â”€â”€â”€â”€â”€â”€â”€â”€â”€â”€â”€â”€â”€â”€â”€â”€â”€â”€â”€â”€â”€â”€â”€â”€â”€â”€â”€â”€â”€â”€
    ..\..\test-results\auth-ðŸ”-Authentication-sho-49446-ror-for-invalid-credentials-webkit\video.webm
    â”€â”€â”€â”€â”€â”€â”€â”€â”€â”€â”€â”€â”€â”€â”€â”€â”€â”€â”€â”€â”€â”€â”€â”€â”€â”€â”€â”€â”€â”€â”€â”€â”€â”€â”€â”€â”€â”€â”€â”€â”€â”€â”€â”€â”€â”€â”€â”€â”€â”€â”€â”€â”€â”€â”€â”€â”€â”€â”€â”€â”€â”€â”€â”€â”€â”€â”€â”€â”€â”€â”€â”€â”€â”€â”€â”€â”€â”€â”€â”€â”€â”€â”€â”€â”€â”€â”€â”€â”€â”€â”€â”€â”€â”€â”€â”€

    Error Context: ..\..\test-results\auth-ðŸ”-Authentication-sho-49446-ror-for-invalid-credentials-webkit\error-context.md
]]>
</failure>
<system-out>
<![CDATA[
[[ATTACHMENT|auth-ðŸ”-Authentication-sho-49446-ror-for-invalid-credentials-webkit\test-failed-1.png]]

[[ATTACHMENT|auth-ðŸ”-Authentication-sho-49446-ror-for-invalid-credentials-webkit\video.webm]]

[[ATTACHMENT|auth-ðŸ”-Authentication-sho-49446-ror-for-invalid-credentials-webkit\error-context.md]]
]]>
</system-out>
</testcase>
<testcase name="ðŸ” Authentication â€º should navigate to register page" classname="auth.spec.ts" time="30.675">
<failure message="auth.spec.ts:45:3 should navigate to register page" type="FAILURE">
<![CDATA[  [webkit] â€º auth.spec.ts:45:3 â€º ðŸ” Authentication â€º should navigate to register page â”€â”€â”€â”€â”€â”€â”€â”€â”€â”€â”€â”€â”€â”€

    Test timeout of 30000ms exceeded.

    Error: page.click: Test timeout of 30000ms exceeded.
    Call log:
      - waiting for locator('text=Create an account')


      47 |     
      48 |     // Click register link
    > 49 |     await page.click('text=Create an account');
         |                ^
      50 |     await expect(page).toHaveURL(/.*\/register/);
      51 |   });
      52 |
        at C:\Users\SERVICE-INFO\IA\loft-algerie\tests\e2e\auth.spec.ts:49:16

    attachment #1: screenshot (image/png) â”€â”€â”€â”€â”€â”€â”€â”€â”€â”€â”€â”€â”€â”€â”€â”€â”€â”€â”€â”€â”€â”€â”€â”€â”€â”€â”€â”€â”€â”€â”€â”€â”€â”€â”€â”€â”€â”€â”€â”€â”€â”€â”€â”€â”€â”€â”€â”€â”€â”€â”€â”€â”€â”€â”€â”€â”€â”€
    ..\..\test-results\auth-ðŸ”-Authentication-should-navigate-to-register-page-webkit\test-failed-1.png
    â”€â”€â”€â”€â”€â”€â”€â”€â”€â”€â”€â”€â”€â”€â”€â”€â”€â”€â”€â”€â”€â”€â”€â”€â”€â”€â”€â”€â”€â”€â”€â”€â”€â”€â”€â”€â”€â”€â”€â”€â”€â”€â”€â”€â”€â”€â”€â”€â”€â”€â”€â”€â”€â”€â”€â”€â”€â”€â”€â”€â”€â”€â”€â”€â”€â”€â”€â”€â”€â”€â”€â”€â”€â”€â”€â”€â”€â”€â”€â”€â”€â”€â”€â”€â”€â”€â”€â”€â”€â”€â”€â”€â”€â”€â”€â”€

    attachment #2: video (video/webm) â”€â”€â”€â”€â”€â”€â”€â”€â”€â”€â”€â”€â”€â”€â”€â”€â”€â”€â”€â”€â”€â”€â”€â”€â”€â”€â”€â”€â”€â”€â”€â”€â”€â”€â”€â”€â”€â”€â”€â”€â”€â”€â”€â”€â”€â”€â”€â”€â”€â”€â”€â”€â”€â”€â”€â”€â”€â”€â”€â”€â”€â”€
    ..\..\test-results\auth-ðŸ”-Authentication-should-navigate-to-register-page-webkit\video.webm
    â”€â”€â”€â”€â”€â”€â”€â”€â”€â”€â”€â”€â”€â”€â”€â”€â”€â”€â”€â”€â”€â”€â”€â”€â”€â”€â”€â”€â”€â”€â”€â”€â”€â”€â”€â”€â”€â”€â”€â”€â”€â”€â”€â”€â”€â”€â”€â”€â”€â”€â”€â”€â”€â”€â”€â”€â”€â”€â”€â”€â”€â”€â”€â”€â”€â”€â”€â”€â”€â”€â”€â”€â”€â”€â”€â”€â”€â”€â”€â”€â”€â”€â”€â”€â”€â”€â”€â”€â”€â”€â”€â”€â”€â”€â”€â”€

    Error Context: ..\..\test-results\auth-ðŸ”-Authentication-should-navigate-to-register-page-webkit\error-context.md
]]>
</failure>
<system-out>
<![CDATA[
[[ATTACHMENT|auth-ðŸ”-Authentication-should-navigate-to-register-page-webkit\test-failed-1.png]]

[[ATTACHMENT|auth-ðŸ”-Authentication-should-navigate-to-register-page-webkit\video.webm]]

[[ATTACHMENT|auth-ðŸ”-Authentication-should-navigate-to-register-page-webkit\error-context.md]]
]]>
</system-out>
</testcase>
<testcase name="ðŸ” Authentication â€º should display register form" classname="auth.spec.ts" time="27.901">
</testcase>
</testsuite>
<testsuite name="dashboard.spec.ts" timestamp="2025-08-23T20:20:14.003Z" hostname="webkit" tests="7" failures="6" skipped="0" time="172.782" errors="0">
<testcase name="ðŸ“Š Dashboard â€º should display dashboard stats cards" classname="dashboard.spec.ts" time="25.72">
<failure message="dashboard.spec.ts:11:3 should display dashboard stats cards" type="FAILURE">
<![CDATA[  [webkit] â€º dashboard.spec.ts:11:3 â€º ðŸ“Š Dashboard â€º should display dashboard stats cards â”€â”€â”€â”€â”€â”€â”€â”€â”€â”€

    Error: expect(locator).toBeVisible() failed

    Locator:  locator('[data-testid="stats-cards"]')
    Expected: visible
    Received: <element(s) not found>
    Timeout:  5000ms

    Call log:
      - Expect "toBeVisible" with timeout 5000ms
      - waiting for locator('[data-testid="stats-cards"]')


      13 |     
      14 |     // Check stats cards are visible
    > 15 |     await expect(page.locator('[data-testid="stats-cards"]')).toBeVisible();
         |                                                               ^
      16 |     
      17 |     // Check individual stat cards
      18 |     await expect(page.locator('text=Total Lofts')).toBeVisible();
        at C:\Users\SERVICE-INFO\IA\loft-algerie\tests\e2e\dashboard.spec.ts:15:63

    attachment #1: screenshot (image/png) â”€â”€â”€â”€â”€â”€â”€â”€â”€â”€â”€â”€â”€â”€â”€â”€â”€â”€â”€â”€â”€â”€â”€â”€â”€â”€â”€â”€â”€â”€â”€â”€â”€â”€â”€â”€â”€â”€â”€â”€â”€â”€â”€â”€â”€â”€â”€â”€â”€â”€â”€â”€â”€â”€â”€â”€â”€â”€
    ..\..\test-results\dashboard-ðŸ“Š-Dashboard-should-display-dashboard-stats-cards-webkit\test-failed-1.png
    â”€â”€â”€â”€â”€â”€â”€â”€â”€â”€â”€â”€â”€â”€â”€â”€â”€â”€â”€â”€â”€â”€â”€â”€â”€â”€â”€â”€â”€â”€â”€â”€â”€â”€â”€â”€â”€â”€â”€â”€â”€â”€â”€â”€â”€â”€â”€â”€â”€â”€â”€â”€â”€â”€â”€â”€â”€â”€â”€â”€â”€â”€â”€â”€â”€â”€â”€â”€â”€â”€â”€â”€â”€â”€â”€â”€â”€â”€â”€â”€â”€â”€â”€â”€â”€â”€â”€â”€â”€â”€â”€â”€â”€â”€â”€â”€

    attachment #2: video (video/webm) â”€â”€â”€â”€â”€â”€â”€â”€â”€â”€â”€â”€â”€â”€â”€â”€â”€â”€â”€â”€â”€â”€â”€â”€â”€â”€â”€â”€â”€â”€â”€â”€â”€â”€â”€â”€â”€â”€â”€â”€â”€â”€â”€â”€â”€â”€â”€â”€â”€â”€â”€â”€â”€â”€â”€â”€â”€â”€â”€â”€â”€â”€
    ..\..\test-results\dashboard-ðŸ“Š-Dashboard-should-display-dashboard-stats-cards-webkit\video.webm
    â”€â”€â”€â”€â”€â”€â”€â”€â”€â”€â”€â”€â”€â”€â”€â”€â”€â”€â”€â”€â”€â”€â”€â”€â”€â”€â”€â”€â”€â”€â”€â”€â”€â”€â”€â”€â”€â”€â”€â”€â”€â”€â”€â”€â”€â”€â”€â”€â”€â”€â”€â”€â”€â”€â”€â”€â”€â”€â”€â”€â”€â”€â”€â”€â”€â”€â”€â”€â”€â”€â”€â”€â”€â”€â”€â”€â”€â”€â”€â”€â”€â”€â”€â”€â”€â”€â”€â”€â”€â”€â”€â”€â”€â”€â”€â”€

    Error Context: ..\..\test-results\dashboard-ðŸ“Š-Dashboard-should-display-dashboard-stats-cards-webkit\error-context.md
]]>
</failure>
<system-out>
<![CDATA[
[[ATTACHMENT|dashboard-ðŸ“Š-Dashboard-should-display-dashboard-stats-cards-webkit\test-failed-1.png]]

[[ATTACHMENT|dashboard-ðŸ“Š-Dashboard-should-display-dashboard-stats-cards-webkit\video.webm]]

[[ATTACHMENT|dashboard-ðŸ“Š-Dashboard-should-display-dashboard-stats-cards-webkit\error-context.md]]
]]>
</system-out>
</testcase>
<testcase name="ðŸ“Š Dashboard â€º should display recent activities" classname="dashboard.spec.ts" time="30.898">
<failure message="dashboard.spec.ts:24:3 should display recent activities" type="FAILURE">
<![CDATA[  [webkit] â€º dashboard.spec.ts:24:3 â€º ðŸ“Š Dashboard â€º should display recent activities â”€â”€â”€â”€â”€â”€â”€â”€â”€â”€â”€â”€â”€â”€

    Test timeout of 30000ms exceeded.

    Error: expect(locator).toBeVisible() failed

    Locator:  locator('text=ActivitÃ©s RÃ©centes')
    Expected: visible
    Received: <element(s) not found>
    Timeout:  5000ms

    Call log:
      - Expect "toBeVisible" with timeout 5000ms
      - waiting for locator('text=ActivitÃ©s RÃ©centes')


      26 |     
      27 |     // Check recent activities section
    > 28 |     await expect(page.locator('text=ActivitÃ©s RÃ©centes')).toBeVisible();
         |                                                           ^
      29 |     await expect(page.locator('[data-testid="recent-activities"]')).toBeVisible();
      30 |   });
      31 |
        at C:\Users\SERVICE-INFO\IA\loft-algerie\tests\e2e\dashboard.spec.ts:28:59

    attachment #1: screenshot (image/png) â”€â”€â”€â”€â”€â”€â”€â”€â”€â”€â”€â”€â”€â”€â”€â”€â”€â”€â”€â”€â”€â”€â”€â”€â”€â”€â”€â”€â”€â”€â”€â”€â”€â”€â”€â”€â”€â”€â”€â”€â”€â”€â”€â”€â”€â”€â”€â”€â”€â”€â”€â”€â”€â”€â”€â”€â”€â”€
    ..\..\test-results\dashboard-ðŸ“Š-Dashboard-should-display-recent-activities-webkit\test-failed-1.png
    â”€â”€â”€â”€â”€â”€â”€â”€â”€â”€â”€â”€â”€â”€â”€â”€â”€â”€â”€â”€â”€â”€â”€â”€â”€â”€â”€â”€â”€â”€â”€â”€â”€â”€â”€â”€â”€â”€â”€â”€â”€â”€â”€â”€â”€â”€â”€â”€â”€â”€â”€â”€â”€â”€â”€â”€â”€â”€â”€â”€â”€â”€â”€â”€â”€â”€â”€â”€â”€â”€â”€â”€â”€â”€â”€â”€â”€â”€â”€â”€â”€â”€â”€â”€â”€â”€â”€â”€â”€â”€â”€â”€â”€â”€â”€â”€

    attachment #2: video (video/webm) â”€â”€â”€â”€â”€â”€â”€â”€â”€â”€â”€â”€â”€â”€â”€â”€â”€â”€â”€â”€â”€â”€â”€â”€â”€â”€â”€â”€â”€â”€â”€â”€â”€â”€â”€â”€â”€â”€â”€â”€â”€â”€â”€â”€â”€â”€â”€â”€â”€â”€â”€â”€â”€â”€â”€â”€â”€â”€â”€â”€â”€â”€
    ..\..\test-results\dashboard-ðŸ“Š-Dashboard-should-display-recent-activities-webkit\video.webm
    â”€â”€â”€â”€â”€â”€â”€â”€â”€â”€â”€â”€â”€â”€â”€â”€â”€â”€â”€â”€â”€â”€â”€â”€â”€â”€â”€â”€â”€â”€â”€â”€â”€â”€â”€â”€â”€â”€â”€â”€â”€â”€â”€â”€â”€â”€â”€â”€â”€â”€â”€â”€â”€â”€â”€â”€â”€â”€â”€â”€â”€â”€â”€â”€â”€â”€â”€â”€â”€â”€â”€â”€â”€â”€â”€â”€â”€â”€â”€â”€â”€â”€â”€â”€â”€â”€â”€â”€â”€â”€â”€â”€â”€â”€â”€â”€

    Error Context: ..\..\test-results\dashboard-ðŸ“Š-Dashboard-should-display-recent-activities-webkit\error-context.md
]]>
</failure>
<system-out>
<![CDATA[
[[ATTACHMENT|dashboard-ðŸ“Š-Dashboard-should-display-recent-activities-webkit\test-failed-1.png]]

[[ATTACHMENT|dashboard-ðŸ“Š-Dashboard-should-display-recent-activities-webkit\video.webm]]

[[ATTACHMENT|dashboard-ðŸ“Š-Dashboard-should-display-recent-activities-webkit\error-context.md]]
]]>
</system-out>
</testcase>
<testcase name="ðŸ“Š Dashboard â€º should display charts and analytics" classname="dashboard.spec.ts" time="27.318">
<failure message="dashboard.spec.ts:32:3 should display charts and analytics" type="FAILURE">
<![CDATA[  [webkit] â€º dashboard.spec.ts:32:3 â€º ðŸ“Š Dashboard â€º should display charts and analytics â”€â”€â”€â”€â”€â”€â”€â”€â”€â”€â”€

    Error: expect(locator).toBeVisible() failed

    Locator:  locator('[data-testid="revenue-chart"]')
    Expected: visible
    Received: <element(s) not found>
    Timeout:  5000ms

    Call log:
      - Expect "toBeVisible" with timeout 5000ms
      - waiting for locator('[data-testid="revenue-chart"]')


      34 |     
      35 |     // Check charts section
    > 36 |     await expect(page.locator('[data-testid="revenue-chart"]')).toBeVisible();
         |                                                                 ^
      37 |     await expect(page.locator('[data-testid="occupancy-chart"]')).toBeVisible();
      38 |   });
      39 |
        at C:\Users\SERVICE-INFO\IA\loft-algerie\tests\e2e\dashboard.spec.ts:36:65

    attachment #1: screenshot (image/png) â”€â”€â”€â”€â”€â”€â”€â”€â”€â”€â”€â”€â”€â”€â”€â”€â”€â”€â”€â”€â”€â”€â”€â”€â”€â”€â”€â”€â”€â”€â”€â”€â”€â”€â”€â”€â”€â”€â”€â”€â”€â”€â”€â”€â”€â”€â”€â”€â”€â”€â”€â”€â”€â”€â”€â”€â”€â”€
    ..\..\test-results\dashboard-ðŸ“Š-Dashboard-should-display-charts-and-analytics-webkit\test-failed-1.png
    â”€â”€â”€â”€â”€â”€â”€â”€â”€â”€â”€â”€â”€â”€â”€â”€â”€â”€â”€â”€â”€â”€â”€â”€â”€â”€â”€â”€â”€â”€â”€â”€â”€â”€â”€â”€â”€â”€â”€â”€â”€â”€â”€â”€â”€â”€â”€â”€â”€â”€â”€â”€â”€â”€â”€â”€â”€â”€â”€â”€â”€â”€â”€â”€â”€â”€â”€â”€â”€â”€â”€â”€â”€â”€â”€â”€â”€â”€â”€â”€â”€â”€â”€â”€â”€â”€â”€â”€â”€â”€â”€â”€â”€â”€â”€â”€

    attachment #2: video (video/webm) â”€â”€â”€â”€â”€â”€â”€â”€â”€â”€â”€â”€â”€â”€â”€â”€â”€â”€â”€â”€â”€â”€â”€â”€â”€â”€â”€â”€â”€â”€â”€â”€â”€â”€â”€â”€â”€â”€â”€â”€â”€â”€â”€â”€â”€â”€â”€â”€â”€â”€â”€â”€â”€â”€â”€â”€â”€â”€â”€â”€â”€â”€
    ..\..\test-results\dashboard-ðŸ“Š-Dashboard-should-display-charts-and-analytics-webkit\video.webm
    â”€â”€â”€â”€â”€â”€â”€â”€â”€â”€â”€â”€â”€â”€â”€â”€â”€â”€â”€â”€â”€â”€â”€â”€â”€â”€â”€â”€â”€â”€â”€â”€â”€â”€â”€â”€â”€â”€â”€â”€â”€â”€â”€â”€â”€â”€â”€â”€â”€â”€â”€â”€â”€â”€â”€â”€â”€â”€â”€â”€â”€â”€â”€â”€â”€â”€â”€â”€â”€â”€â”€â”€â”€â”€â”€â”€â”€â”€â”€â”€â”€â”€â”€â”€â”€â”€â”€â”€â”€â”€â”€â”€â”€â”€â”€â”€

    Error Context: ..\..\test-results\dashboard-ðŸ“Š-Dashboard-should-display-charts-and-analytics-webkit\error-context.md
]]>
</failure>
<system-out>
<![CDATA[
[[ATTACHMENT|dashboard-ðŸ“Š-Dashboard-should-display-charts-and-analytics-webkit\test-failed-1.png]]

[[ATTACHMENT|dashboard-ðŸ“Š-Dashboard-should-display-charts-and-analytics-webkit\video.webm]]

[[ATTACHMENT|dashboard-ðŸ“Š-Dashboard-should-display-charts-and-analytics-webkit\error-context.md]]
]]>
</system-out>
</testcase>
<testcase name="ðŸ“Š Dashboard â€º should be responsive on mobile" classname="dashboard.spec.ts" time="14.313">
<failure message="dashboard.spec.ts:40:3 should be responsive on mobile" type="FAILURE">
<![CDATA[  [webkit] â€º dashboard.spec.ts:40:3 â€º ðŸ“Š Dashboard â€º should be responsive on mobile â”€â”€â”€â”€â”€â”€â”€â”€â”€â”€â”€â”€â”€â”€â”€â”€

    Error: page.goto: Navigation to "http://localhost:3000/dashboard" is interrupted by another navigation to "http://localhost:3000/login"
    Call log:
      - navigating to "http://localhost:3000/dashboard", waiting until "load"


      40 |   test('should be responsive on mobile', async ({ page }) => {
      41 |     await page.setViewportSize({ width: 375, height: 667 });
    > 42 |     await page.goto('/dashboard');
         |                ^
      43 |     
      44 |     // Stats cards should stack vertically on mobile
      45 |     const statsCards = page.locator('[data-testid="stats-card"]');
        at C:\Users\SERVICE-INFO\IA\loft-algerie\tests\e2e\dashboard.spec.ts:42:16

    attachment #1: screenshot (image/png) â”€â”€â”€â”€â”€â”€â”€â”€â”€â”€â”€â”€â”€â”€â”€â”€â”€â”€â”€â”€â”€â”€â”€â”€â”€â”€â”€â”€â”€â”€â”€â”€â”€â”€â”€â”€â”€â”€â”€â”€â”€â”€â”€â”€â”€â”€â”€â”€â”€â”€â”€â”€â”€â”€â”€â”€â”€â”€
    ..\..\test-results\dashboard-ðŸ“Š-Dashboard-should-be-responsive-on-mobile-webkit\test-failed-1.png
    â”€â”€â”€â”€â”€â”€â”€â”€â”€â”€â”€â”€â”€â”€â”€â”€â”€â”€â”€â”€â”€â”€â”€â”€â”€â”€â”€â”€â”€â”€â”€â”€â”€â”€â”€â”€â”€â”€â”€â”€â”€â”€â”€â”€â”€â”€â”€â”€â”€â”€â”€â”€â”€â”€â”€â”€â”€â”€â”€â”€â”€â”€â”€â”€â”€â”€â”€â”€â”€â”€â”€â”€â”€â”€â”€â”€â”€â”€â”€â”€â”€â”€â”€â”€â”€â”€â”€â”€â”€â”€â”€â”€â”€â”€â”€â”€

    attachment #2: video (video/webm) â”€â”€â”€â”€â”€â”€â”€â”€â”€â”€â”€â”€â”€â”€â”€â”€â”€â”€â”€â”€â”€â”€â”€â”€â”€â”€â”€â”€â”€â”€â”€â”€â”€â”€â”€â”€â”€â”€â”€â”€â”€â”€â”€â”€â”€â”€â”€â”€â”€â”€â”€â”€â”€â”€â”€â”€â”€â”€â”€â”€â”€â”€
    ..\..\test-results\dashboard-ðŸ“Š-Dashboard-should-be-responsive-on-mobile-webkit\video.webm
    â”€â”€â”€â”€â”€â”€â”€â”€â”€â”€â”€â”€â”€â”€â”€â”€â”€â”€â”€â”€â”€â”€â”€â”€â”€â”€â”€â”€â”€â”€â”€â”€â”€â”€â”€â”€â”€â”€â”€â”€â”€â”€â”€â”€â”€â”€â”€â”€â”€â”€â”€â”€â”€â”€â”€â”€â”€â”€â”€â”€â”€â”€â”€â”€â”€â”€â”€â”€â”€â”€â”€â”€â”€â”€â”€â”€â”€â”€â”€â”€â”€â”€â”€â”€â”€â”€â”€â”€â”€â”€â”€â”€â”€â”€â”€â”€

    Error Context: ..\..\test-results\dashboard-ðŸ“Š-Dashboard-should-be-responsive-on-mobile-webkit\error-context.md
]]>
</failure>
<system-out>
<![CDATA[
[[ATTACHMENT|dashboard-ðŸ“Š-Dashboard-should-be-responsive-on-mobile-webkit\test-failed-1.png]]

[[ATTACHMENT|dashboard-ðŸ“Š-Dashboard-should-be-responsive-on-mobile-webkit\video.webm]]

[[ATTACHMENT|dashboard-ðŸ“Š-Dashboard-should-be-responsive-on-mobile-webkit\error-context.md]]
]]>
</system-out>
</testcase>
<testcase name="ðŸ“Š Dashboard â€º should navigate to detailed views from dashboard" classname="dashboard.spec.ts" time="30.544">
<failure message="dashboard.spec.ts:56:3 should navigate to detailed views from dashboard" type="FAILURE">
<![CDATA[  [webkit] â€º dashboard.spec.ts:56:3 â€º ðŸ“Š Dashboard â€º should navigate to detailed views from dashboard 

    Test timeout of 30000ms exceeded.

    Error: page.click: Test timeout of 30000ms exceeded.
    Call log:
      - waiting for locator('[data-testid="lofts-stat-card"]')


      58 |     
      59 |     // Click on lofts stat card
    > 60 |     await page.click('[data-testid="lofts-stat-card"]');
         |                ^
      61 |     await expect(page).toHaveURL(/.*\/lofts/);
      62 |     
      63 |     // Go back to dashboard
        at C:\Users\SERVICE-INFO\IA\loft-algerie\tests\e2e\dashboard.spec.ts:60:16

    attachment #1: screenshot (image/png) â”€â”€â”€â”€â”€â”€â”€â”€â”€â”€â”€â”€â”€â”€â”€â”€â”€â”€â”€â”€â”€â”€â”€â”€â”€â”€â”€â”€â”€â”€â”€â”€â”€â”€â”€â”€â”€â”€â”€â”€â”€â”€â”€â”€â”€â”€â”€â”€â”€â”€â”€â”€â”€â”€â”€â”€â”€â”€
    ..\..\test-results\dashboard-ðŸ“Š-Dashboard-sho-00fc2-tailed-views-from-dashboard-webkit\test-failed-1.png
    â”€â”€â”€â”€â”€â”€â”€â”€â”€â”€â”€â”€â”€â”€â”€â”€â”€â”€â”€â”€â”€â”€â”€â”€â”€â”€â”€â”€â”€â”€â”€â”€â”€â”€â”€â”€â”€â”€â”€â”€â”€â”€â”€â”€â”€â”€â”€â”€â”€â”€â”€â”€â”€â”€â”€â”€â”€â”€â”€â”€â”€â”€â”€â”€â”€â”€â”€â”€â”€â”€â”€â”€â”€â”€â”€â”€â”€â”€â”€â”€â”€â”€â”€â”€â”€â”€â”€â”€â”€â”€â”€â”€â”€â”€â”€â”€

    attachment #2: video (video/webm) â”€â”€â”€â”€â”€â”€â”€â”€â”€â”€â”€â”€â”€â”€â”€â”€â”€â”€â”€â”€â”€â”€â”€â”€â”€â”€â”€â”€â”€â”€â”€â”€â”€â”€â”€â”€â”€â”€â”€â”€â”€â”€â”€â”€â”€â”€â”€â”€â”€â”€â”€â”€â”€â”€â”€â”€â”€â”€â”€â”€â”€â”€
    ..\..\test-results\dashboard-ðŸ“Š-Dashboard-sho-00fc2-tailed-views-from-dashboard-webkit\video.webm
    â”€â”€â”€â”€â”€â”€â”€â”€â”€â”€â”€â”€â”€â”€â”€â”€â”€â”€â”€â”€â”€â”€â”€â”€â”€â”€â”€â”€â”€â”€â”€â”€â”€â”€â”€â”€â”€â”€â”€â”€â”€â”€â”€â”€â”€â”€â”€â”€â”€â”€â”€â”€â”€â”€â”€â”€â”€â”€â”€â”€â”€â”€â”€â”€â”€â”€â”€â”€â”€â”€â”€â”€â”€â”€â”€â”€â”€â”€â”€â”€â”€â”€â”€â”€â”€â”€â”€â”€â”€â”€â”€â”€â”€â”€â”€â”€

    Error Context: ..\..\test-results\dashboard-ðŸ“Š-Dashboard-sho-00fc2-tailed-views-from-dashboard-webkit\error-context.md
]]>
</failure>
<system-out>
<![CDATA[
[[ATTACHMENT|dashboard-ðŸ“Š-Dashboard-sho-00fc2-tailed-views-from-dashboard-webkit\test-failed-1.png]]

[[ATTACHMENT|dashboard-ðŸ“Š-Dashboard-sho-00fc2-tailed-views-from-dashboard-webkit\video.webm]]

[[ATTACHMENT|dashboard-ðŸ“Š-Dashboard-sho-00fc2-tailed-views-from-dashboard-webkit\error-context.md]]
]]>
</system-out>
</testcase>
<testcase name="ðŸ“Š Dashboard â€º should display user greeting" classname="dashboard.spec.ts" time="25.909">
<failure message="dashboard.spec.ts:71:3 should display user greeting" type="FAILURE">
<![CDATA[  [webkit] â€º dashboard.spec.ts:71:3 â€º ðŸ“Š Dashboard â€º should display user greeting â”€â”€â”€â”€â”€â”€â”€â”€â”€â”€â”€â”€â”€â”€â”€â”€â”€â”€

    Error: expect(locator).toBeVisible() failed

    Locator:  locator('text=Bonjour')
    Expected: visible
    Received: <element(s) not found>
    Timeout:  5000ms

    Call log:
      - Expect "toBeVisible" with timeout 5000ms
      - waiting for locator('text=Bonjour')


      73 |     
      74 |     // Should show personalized greeting
    > 75 |     await expect(page.locator('text=Bonjour')).toBeVisible();
         |                                                ^
      76 |     await expect(page.locator('[data-testid="user-name"]')).toBeVisible();
      77 |   });
      78 |
        at C:\Users\SERVICE-INFO\IA\loft-algerie\tests\e2e\dashboard.spec.ts:75:48

    attachment #1: screenshot (image/png) â”€â”€â”€â”€â”€â”€â”€â”€â”€â”€â”€â”€â”€â”€â”€â”€â”€â”€â”€â”€â”€â”€â”€â”€â”€â”€â”€â”€â”€â”€â”€â”€â”€â”€â”€â”€â”€â”€â”€â”€â”€â”€â”€â”€â”€â”€â”€â”€â”€â”€â”€â”€â”€â”€â”€â”€â”€â”€
    ..\..\test-results\dashboard-ðŸ“Š-Dashboard-should-display-user-greeting-webkit\test-failed-1.png
    â”€â”€â”€â”€â”€â”€â”€â”€â”€â”€â”€â”€â”€â”€â”€â”€â”€â”€â”€â”€â”€â”€â”€â”€â”€â”€â”€â”€â”€â”€â”€â”€â”€â”€â”€â”€â”€â”€â”€â”€â”€â”€â”€â”€â”€â”€â”€â”€â”€â”€â”€â”€â”€â”€â”€â”€â”€â”€â”€â”€â”€â”€â”€â”€â”€â”€â”€â”€â”€â”€â”€â”€â”€â”€â”€â”€â”€â”€â”€â”€â”€â”€â”€â”€â”€â”€â”€â”€â”€â”€â”€â”€â”€â”€â”€â”€

    attachment #2: video (video/webm) â”€â”€â”€â”€â”€â”€â”€â”€â”€â”€â”€â”€â”€â”€â”€â”€â”€â”€â”€â”€â”€â”€â”€â”€â”€â”€â”€â”€â”€â”€â”€â”€â”€â”€â”€â”€â”€â”€â”€â”€â”€â”€â”€â”€â”€â”€â”€â”€â”€â”€â”€â”€â”€â”€â”€â”€â”€â”€â”€â”€â”€â”€
    ..\..\test-results\dashboard-ðŸ“Š-Dashboard-should-display-user-greeting-webkit\video.webm
    â”€â”€â”€â”€â”€â”€â”€â”€â”€â”€â”€â”€â”€â”€â”€â”€â”€â”€â”€â”€â”€â”€â”€â”€â”€â”€â”€â”€â”€â”€â”€â”€â”€â”€â”€â”€â”€â”€â”€â”€â”€â”€â”€â”€â”€â”€â”€â”€â”€â”€â”€â”€â”€â”€â”€â”€â”€â”€â”€â”€â”€â”€â”€â”€â”€â”€â”€â”€â”€â”€â”€â”€â”€â”€â”€â”€â”€â”€â”€â”€â”€â”€â”€â”€â”€â”€â”€â”€â”€â”€â”€â”€â”€â”€â”€â”€

    Error Context: ..\..\test-results\dashboard-ðŸ“Š-Dashboard-should-display-user-greeting-webkit\error-context.md
]]>
</failure>
<system-out>
<![CDATA[
[[ATTACHMENT|dashboard-ðŸ“Š-Dashboard-should-display-user-greeting-webkit\test-failed-1.png]]

[[ATTACHMENT|dashboard-ðŸ“Š-Dashboard-should-display-user-greeting-webkit\video.webm]]

[[ATTACHMENT|dashboard-ðŸ“Š-Dashboard-should-display-user-greeting-webkit\error-context.md]]
]]>
</system-out>
</testcase>
<testcase name="ðŸ“Š Dashboard â€º should show notifications badge" classname="dashboard.spec.ts" time="18.08">
</testcase>
</testsuite>
<testsuite name="navigation.spec.ts" timestamp="2025-08-23T20:20:14.003Z" hostname="webkit" tests="6" failures="6" skipped="0" time="167.665" errors="0">
<testcase name="ðŸ§­ Navigation â€º should display homepage correctly" classname="navigation.spec.ts" time="27.684">
<failure message="navigation.spec.ts:12:3 should display homepage correctly" type="FAILURE">
<![CDATA[  [webkit] â€º navigation.spec.ts:12:3 â€º ðŸ§­ Navigation â€º should display homepage correctly â”€â”€â”€â”€â”€â”€â”€â”€â”€â”€â”€

    Error: expect(locator).toContainText(expected) failed

    Locator: locator('h1')
    Expected string: "Loft AlgÃ©rie"
    Received: <element(s) not found>
    Timeout: 5000ms

    Call log:
      - Expect "toContainText" with timeout 5000ms
      - waiting for locator('h1')


      14 |     
      15 |     // Check main elements
    > 16 |     await expect(page.locator('h1')).toContainText('Loft AlgÃ©rie');
         |                                      ^
      17 |     await expect(page.locator('text=SystÃ¨me de gestion immobiliÃ¨re')).toBeVisible();
      18 |     
      19 |     // Check navigation cards
        at C:\Users\SERVICE-INFO\IA\loft-algerie\tests\e2e\navigation.spec.ts:16:38

    attachment #1: screenshot (image/png) â”€â”€â”€â”€â”€â”€â”€â”€â”€â”€â”€â”€â”€â”€â”€â”€â”€â”€â”€â”€â”€â”€â”€â”€â”€â”€â”€â”€â”€â”€â”€â”€â”€â”€â”€â”€â”€â”€â”€â”€â”€â”€â”€â”€â”€â”€â”€â”€â”€â”€â”€â”€â”€â”€â”€â”€â”€â”€
    ..\..\test-results\navigation-ðŸ§­-Navigation-should-display-homepage-correctly-webkit\test-failed-1.png
    â”€â”€â”€â”€â”€â”€â”€â”€â”€â”€â”€â”€â”€â”€â”€â”€â”€â”€â”€â”€â”€â”€â”€â”€â”€â”€â”€â”€â”€â”€â”€â”€â”€â”€â”€â”€â”€â”€â”€â”€â”€â”€â”€â”€â”€â”€â”€â”€â”€â”€â”€â”€â”€â”€â”€â”€â”€â”€â”€â”€â”€â”€â”€â”€â”€â”€â”€â”€â”€â”€â”€â”€â”€â”€â”€â”€â”€â”€â”€â”€â”€â”€â”€â”€â”€â”€â”€â”€â”€â”€â”€â”€â”€â”€â”€â”€

    attachment #2: video (video/webm) â”€â”€â”€â”€â”€â”€â”€â”€â”€â”€â”€â”€â”€â”€â”€â”€â”€â”€â”€â”€â”€â”€â”€â”€â”€â”€â”€â”€â”€â”€â”€â”€â”€â”€â”€â”€â”€â”€â”€â”€â”€â”€â”€â”€â”€â”€â”€â”€â”€â”€â”€â”€â”€â”€â”€â”€â”€â”€â”€â”€â”€â”€
    ..\..\test-results\navigation-ðŸ§­-Navigation-should-display-homepage-correctly-webkit\video.webm
    â”€â”€â”€â”€â”€â”€â”€â”€â”€â”€â”€â”€â”€â”€â”€â”€â”€â”€â”€â”€â”€â”€â”€â”€â”€â”€â”€â”€â”€â”€â”€â”€â”€â”€â”€â”€â”€â”€â”€â”€â”€â”€â”€â”€â”€â”€â”€â”€â”€â”€â”€â”€â”€â”€â”€â”€â”€â”€â”€â”€â”€â”€â”€â”€â”€â”€â”€â”€â”€â”€â”€â”€â”€â”€â”€â”€â”€â”€â”€â”€â”€â”€â”€â”€â”€â”€â”€â”€â”€â”€â”€â”€â”€â”€â”€â”€

    Error Context: ..\..\test-results\navigation-ðŸ§­-Navigation-should-display-homepage-correctly-webkit\error-context.md
]]>
</failure>
<system-out>
<![CDATA[
[[ATTACHMENT|navigation-ðŸ§­-Navigation-should-display-homepage-correctly-webkit\test-failed-1.png]]

[[ATTACHMENT|navigation-ðŸ§­-Navigation-should-display-homepage-correctly-webkit\video.webm]]

[[ATTACHMENT|navigation-ðŸ§­-Navigation-should-display-homepage-correctly-webkit\error-context.md]]
]]>
</system-out>
</testcase>
<testcase name="ðŸ§­ Navigation â€º should navigate to different sections from homepage" classname="navigation.spec.ts" time="18.507">
<failure message="navigation.spec.ts:26:3 should navigate to different sections from homepage" type="FAILURE">
<![CDATA[  [webkit] â€º navigation.spec.ts:26:3 â€º ðŸ§­ Navigation â€º should navigate to different sections from homepage 

    Error: page.goto: Navigation to "http://localhost:3000/" is interrupted by another navigation to "http://localhost:3000/login"
    Call log:
      - navigating to "http://localhost:3000/", waiting until "load"


      25 |
      26 |   test('should navigate to different sections from homepage', async ({ page }) => {
    > 27 |     await page.goto('/');
         |                ^
      28 |     
      29 |     // Test navigation to lofts
      30 |     await page.click('text=Voir les Lofts');
        at C:\Users\SERVICE-INFO\IA\loft-algerie\tests\e2e\navigation.spec.ts:27:16

    attachment #1: video (video/webm) â”€â”€â”€â”€â”€â”€â”€â”€â”€â”€â”€â”€â”€â”€â”€â”€â”€â”€â”€â”€â”€â”€â”€â”€â”€â”€â”€â”€â”€â”€â”€â”€â”€â”€â”€â”€â”€â”€â”€â”€â”€â”€â”€â”€â”€â”€â”€â”€â”€â”€â”€â”€â”€â”€â”€â”€â”€â”€â”€â”€â”€â”€
    ..\..\test-results\navigation-ðŸ§­-Navigation-s-d22cd-rent-sections-from-homepage-webkit\video.webm
    â”€â”€â”€â”€â”€â”€â”€â”€â”€â”€â”€â”€â”€â”€â”€â”€â”€â”€â”€â”€â”€â”€â”€â”€â”€â”€â”€â”€â”€â”€â”€â”€â”€â”€â”€â”€â”€â”€â”€â”€â”€â”€â”€â”€â”€â”€â”€â”€â”€â”€â”€â”€â”€â”€â”€â”€â”€â”€â”€â”€â”€â”€â”€â”€â”€â”€â”€â”€â”€â”€â”€â”€â”€â”€â”€â”€â”€â”€â”€â”€â”€â”€â”€â”€â”€â”€â”€â”€â”€â”€â”€â”€â”€â”€â”€â”€

    Error Context: ..\..\test-results\navigation-ðŸ§­-Navigation-s-d22cd-rent-sections-from-homepage-webkit\error-context.md
]]>
</failure>
<system-out>
<![CDATA[
[[ATTACHMENT|navigation-ðŸ§­-Navigation-s-d22cd-rent-sections-from-homepage-webkit\video.webm]]

[[ATTACHMENT|navigation-ðŸ§­-Navigation-s-d22cd-rent-sections-from-homepage-webkit\error-context.md]]
]]>
</system-out>
</testcase>
<testcase name="ðŸ§­ Navigation â€º should display responsive navigation" classname="navigation.spec.ts" time="30.299">
<failure message="navigation.spec.ts:48:3 should display responsive navigation" type="FAILURE">
<![CDATA[  [webkit] â€º navigation.spec.ts:48:3 â€º ðŸ§­ Navigation â€º should display responsive navigation â”€â”€â”€â”€â”€â”€â”€â”€

    Error: expect(locator).toBeVisible() failed

    Locator:  locator('[data-testid="sidebar"]')
    Expected: visible
    Received: <element(s) not found>
    Timeout:  5000ms

    Call log:
      - Expect "toBeVisible" with timeout 5000ms
      - waiting for locator('[data-testid="sidebar"]')


      52 |     
      53 |     // Should show sidebar on desktop
    > 54 |     await expect(page.locator('[data-testid="sidebar"]')).toBeVisible();
         |                                                           ^
      55 |     
      56 |     // Test mobile navigation
      57 |     await page.setViewportSize({ width: 375, height: 667 });
        at C:\Users\SERVICE-INFO\IA\loft-algerie\tests\e2e\navigation.spec.ts:54:59

    attachment #1: screenshot (image/png) â”€â”€â”€â”€â”€â”€â”€â”€â”€â”€â”€â”€â”€â”€â”€â”€â”€â”€â”€â”€â”€â”€â”€â”€â”€â”€â”€â”€â”€â”€â”€â”€â”€â”€â”€â”€â”€â”€â”€â”€â”€â”€â”€â”€â”€â”€â”€â”€â”€â”€â”€â”€â”€â”€â”€â”€â”€â”€
    ..\..\test-results\navigation-ðŸ§­-Navigation-s-63103-splay-responsive-navigation-webkit\test-failed-1.png
    â”€â”€â”€â”€â”€â”€â”€â”€â”€â”€â”€â”€â”€â”€â”€â”€â”€â”€â”€â”€â”€â”€â”€â”€â”€â”€â”€â”€â”€â”€â”€â”€â”€â”€â”€â”€â”€â”€â”€â”€â”€â”€â”€â”€â”€â”€â”€â”€â”€â”€â”€â”€â”€â”€â”€â”€â”€â”€â”€â”€â”€â”€â”€â”€â”€â”€â”€â”€â”€â”€â”€â”€â”€â”€â”€â”€â”€â”€â”€â”€â”€â”€â”€â”€â”€â”€â”€â”€â”€â”€â”€â”€â”€â”€â”€â”€

    attachment #2: video (video/webm) â”€â”€â”€â”€â”€â”€â”€â”€â”€â”€â”€â”€â”€â”€â”€â”€â”€â”€â”€â”€â”€â”€â”€â”€â”€â”€â”€â”€â”€â”€â”€â”€â”€â”€â”€â”€â”€â”€â”€â”€â”€â”€â”€â”€â”€â”€â”€â”€â”€â”€â”€â”€â”€â”€â”€â”€â”€â”€â”€â”€â”€â”€
    ..\..\test-results\navigation-ðŸ§­-Navigation-s-63103-splay-responsive-navigation-webkit\video.webm
    â”€â”€â”€â”€â”€â”€â”€â”€â”€â”€â”€â”€â”€â”€â”€â”€â”€â”€â”€â”€â”€â”€â”€â”€â”€â”€â”€â”€â”€â”€â”€â”€â”€â”€â”€â”€â”€â”€â”€â”€â”€â”€â”€â”€â”€â”€â”€â”€â”€â”€â”€â”€â”€â”€â”€â”€â”€â”€â”€â”€â”€â”€â”€â”€â”€â”€â”€â”€â”€â”€â”€â”€â”€â”€â”€â”€â”€â”€â”€â”€â”€â”€â”€â”€â”€â”€â”€â”€â”€â”€â”€â”€â”€â”€â”€â”€

    Error Context: ..\..\test-results\navigation-ðŸ§­-Navigation-s-63103-splay-responsive-navigation-webkit\error-context.md
]]>
</failure>
<system-out>
<![CDATA[
[[ATTACHMENT|navigation-ðŸ§­-Navigation-s-63103-splay-responsive-navigation-webkit\test-failed-1.png]]

[[ATTACHMENT|navigation-ðŸ§­-Navigation-s-63103-splay-responsive-navigation-webkit\video.webm]]

[[ATTACHMENT|navigation-ðŸ§­-Navigation-s-63103-splay-responsive-navigation-webkit\error-context.md]]
]]>
</system-out>
</testcase>
<testcase name="ðŸ§­ Navigation â€º should open mobile menu" classname="navigation.spec.ts" time="30.426">
<failure message="navigation.spec.ts:67:3 should open mobile menu" type="FAILURE">
<![CDATA[  [webkit] â€º navigation.spec.ts:67:3 â€º ðŸ§­ Navigation â€º should open mobile menu â”€â”€â”€â”€â”€â”€â”€â”€â”€â”€â”€â”€â”€â”€â”€â”€â”€â”€â”€â”€â”€

    Test timeout of 30000ms exceeded.

    Error: page.click: Test timeout of 30000ms exceeded.
    Call log:
      - waiting for locator('[data-testid="menu-button"]')


      70 |     
      71 |     // Click menu button
    > 72 |     await page.click('[data-testid="menu-button"]');
         |                ^
      73 |     
      74 |     // Should show mobile navigation
      75 |     await expect(page.locator('[data-testid="mobile-nav"]')).toBeVisible();
        at C:\Users\SERVICE-INFO\IA\loft-algerie\tests\e2e\navigation.spec.ts:72:16

    attachment #1: screenshot (image/png) â”€â”€â”€â”€â”€â”€â”€â”€â”€â”€â”€â”€â”€â”€â”€â”€â”€â”€â”€â”€â”€â”€â”€â”€â”€â”€â”€â”€â”€â”€â”€â”€â”€â”€â”€â”€â”€â”€â”€â”€â”€â”€â”€â”€â”€â”€â”€â”€â”€â”€â”€â”€â”€â”€â”€â”€â”€â”€
    ..\..\test-results\navigation-ðŸ§­-Navigation-should-open-mobile-menu-webkit\test-failed-1.png
    â”€â”€â”€â”€â”€â”€â”€â”€â”€â”€â”€â”€â”€â”€â”€â”€â”€â”€â”€â”€â”€â”€â”€â”€â”€â”€â”€â”€â”€â”€â”€â”€â”€â”€â”€â”€â”€â”€â”€â”€â”€â”€â”€â”€â”€â”€â”€â”€â”€â”€â”€â”€â”€â”€â”€â”€â”€â”€â”€â”€â”€â”€â”€â”€â”€â”€â”€â”€â”€â”€â”€â”€â”€â”€â”€â”€â”€â”€â”€â”€â”€â”€â”€â”€â”€â”€â”€â”€â”€â”€â”€â”€â”€â”€â”€â”€

    attachment #2: video (video/webm) â”€â”€â”€â”€â”€â”€â”€â”€â”€â”€â”€â”€â”€â”€â”€â”€â”€â”€â”€â”€â”€â”€â”€â”€â”€â”€â”€â”€â”€â”€â”€â”€â”€â”€â”€â”€â”€â”€â”€â”€â”€â”€â”€â”€â”€â”€â”€â”€â”€â”€â”€â”€â”€â”€â”€â”€â”€â”€â”€â”€â”€â”€
    ..\..\test-results\navigation-ðŸ§­-Navigation-should-open-mobile-menu-webkit\video.webm
    â”€â”€â”€â”€â”€â”€â”€â”€â”€â”€â”€â”€â”€â”€â”€â”€â”€â”€â”€â”€â”€â”€â”€â”€â”€â”€â”€â”€â”€â”€â”€â”€â”€â”€â”€â”€â”€â”€â”€â”€â”€â”€â”€â”€â”€â”€â”€â”€â”€â”€â”€â”€â”€â”€â”€â”€â”€â”€â”€â”€â”€â”€â”€â”€â”€â”€â”€â”€â”€â”€â”€â”€â”€â”€â”€â”€â”€â”€â”€â”€â”€â”€â”€â”€â”€â”€â”€â”€â”€â”€â”€â”€â”€â”€â”€â”€

    Error Context: ..\..\test-results\navigation-ðŸ§­-Navigation-should-open-mobile-menu-webkit\error-context.md
]]>
</failure>
<system-out>
<![CDATA[
[[ATTACHMENT|navigation-ðŸ§­-Navigation-should-open-mobile-menu-webkit\test-failed-1.png]]

[[ATTACHMENT|navigation-ðŸ§­-Navigation-should-open-mobile-menu-webkit\video.webm]]

[[ATTACHMENT|navigation-ðŸ§­-Navigation-should-open-mobile-menu-webkit\error-context.md]]
]]>
</system-out>
</testcase>
<testcase name="ðŸ§­ Navigation â€º should display language selector" classname="navigation.spec.ts" time="25.485">
<failure message="navigation.spec.ts:78:3 should display language selector" type="FAILURE">
<![CDATA[  [webkit] â€º navigation.spec.ts:78:3 â€º ðŸ§­ Navigation â€º should display language selector â”€â”€â”€â”€â”€â”€â”€â”€â”€â”€â”€â”€

    Error: expect(locator).toBeVisible() failed

    Locator:  locator('[data-testid="language-selector"]')
    Expected: visible
    Received: <element(s) not found>
    Timeout:  5000ms

    Call log:
      - Expect "toBeVisible" with timeout 5000ms
      - waiting for locator('[data-testid="language-selector"]')


      80 |     
      81 |     // Should show language selector
    > 82 |     await expect(page.locator('[data-testid="language-selector"]')).toBeVisible();
         |                                                                     ^
      83 |     
      84 |     // Click language selector
      85 |     await page.click('[data-testid="language-selector"]');
        at C:\Users\SERVICE-INFO\IA\loft-algerie\tests\e2e\navigation.spec.ts:82:69

    attachment #1: screenshot (image/png) â”€â”€â”€â”€â”€â”€â”€â”€â”€â”€â”€â”€â”€â”€â”€â”€â”€â”€â”€â”€â”€â”€â”€â”€â”€â”€â”€â”€â”€â”€â”€â”€â”€â”€â”€â”€â”€â”€â”€â”€â”€â”€â”€â”€â”€â”€â”€â”€â”€â”€â”€â”€â”€â”€â”€â”€â”€â”€
    ..\..\test-results\navigation-ðŸ§­-Navigation-should-display-language-selector-webkit\test-failed-1.png
    â”€â”€â”€â”€â”€â”€â”€â”€â”€â”€â”€â”€â”€â”€â”€â”€â”€â”€â”€â”€â”€â”€â”€â”€â”€â”€â”€â”€â”€â”€â”€â”€â”€â”€â”€â”€â”€â”€â”€â”€â”€â”€â”€â”€â”€â”€â”€â”€â”€â”€â”€â”€â”€â”€â”€â”€â”€â”€â”€â”€â”€â”€â”€â”€â”€â”€â”€â”€â”€â”€â”€â”€â”€â”€â”€â”€â”€â”€â”€â”€â”€â”€â”€â”€â”€â”€â”€â”€â”€â”€â”€â”€â”€â”€â”€â”€

    attachment #2: video (video/webm) â”€â”€â”€â”€â”€â”€â”€â”€â”€â”€â”€â”€â”€â”€â”€â”€â”€â”€â”€â”€â”€â”€â”€â”€â”€â”€â”€â”€â”€â”€â”€â”€â”€â”€â”€â”€â”€â”€â”€â”€â”€â”€â”€â”€â”€â”€â”€â”€â”€â”€â”€â”€â”€â”€â”€â”€â”€â”€â”€â”€â”€â”€
    ..\..\test-results\navigation-ðŸ§­-Navigation-should-display-language-selector-webkit\video.webm
    â”€â”€â”€â”€â”€â”€â”€â”€â”€â”€â”€â”€â”€â”€â”€â”€â”€â”€â”€â”€â”€â”€â”€â”€â”€â”€â”€â”€â”€â”€â”€â”€â”€â”€â”€â”€â”€â”€â”€â”€â”€â”€â”€â”€â”€â”€â”€â”€â”€â”€â”€â”€â”€â”€â”€â”€â”€â”€â”€â”€â”€â”€â”€â”€â”€â”€â”€â”€â”€â”€â”€â”€â”€â”€â”€â”€â”€â”€â”€â”€â”€â”€â”€â”€â”€â”€â”€â”€â”€â”€â”€â”€â”€â”€â”€â”€

    Error Context: ..\..\test-results\navigation-ðŸ§­-Navigation-should-display-language-selector-webkit\error-context.md
]]>
</failure>
<system-out>
<![CDATA[
[[ATTACHMENT|navigation-ðŸ§­-Navigation-should-display-language-selector-webkit\test-failed-1.png]]

[[ATTACHMENT|navigation-ðŸ§­-Navigation-should-display-language-selector-webkit\video.webm]]

[[ATTACHMENT|navigation-ðŸ§­-Navigation-should-display-language-selector-webkit\error-context.md]]
]]>
</system-out>
</testcase>
<testcase name="ðŸ§­ Navigation â€º should change language" classname="navigation.spec.ts" time="35.264">
<failure message="navigation.spec.ts:93:3 should change language" type="FAILURE">
<![CDATA[  [webkit] â€º navigation.spec.ts:93:3 â€º ðŸ§­ Navigation â€º should change language â”€â”€â”€â”€â”€â”€â”€â”€â”€â”€â”€â”€â”€â”€â”€â”€â”€â”€â”€â”€â”€â”€

    Test timeout of 30000ms exceeded.

    Error: page.goto: Test timeout of 30000ms exceeded.
    Call log:
      - navigating to "http://localhost:3000/dashboard", waiting until "load"


      92 |
      93 |   test('should change language', async ({ page }) => {
    > 94 |     await page.goto('/dashboard');
         |                ^
      95 |     
      96 |     // Click language selector
      97 |     await page.click('[data-testid="language-selector"]');
        at C:\Users\SERVICE-INFO\IA\loft-algerie\tests\e2e\navigation.spec.ts:94:16

    attachment #1: video (video/webm) â”€â”€â”€â”€â”€â”€â”€â”€â”€â”€â”€â”€â”€â”€â”€â”€â”€â”€â”€â”€â”€â”€â”€â”€â”€â”€â”€â”€â”€â”€â”€â”€â”€â”€â”€â”€â”€â”€â”€â”€â”€â”€â”€â”€â”€â”€â”€â”€â”€â”€â”€â”€â”€â”€â”€â”€â”€â”€â”€â”€â”€â”€
    ..\..\test-results\navigation-ðŸ§­-Navigation-should-change-language-webkit\video.webm
    â”€â”€â”€â”€â”€â”€â”€â”€â”€â”€â”€â”€â”€â”€â”€â”€â”€â”€â”€â”€â”€â”€â”€â”€â”€â”€â”€â”€â”€â”€â”€â”€â”€â”€â”€â”€â”€â”€â”€â”€â”€â”€â”€â”€â”€â”€â”€â”€â”€â”€â”€â”€â”€â”€â”€â”€â”€â”€â”€â”€â”€â”€â”€â”€â”€â”€â”€â”€â”€â”€â”€â”€â”€â”€â”€â”€â”€â”€â”€â”€â”€â”€â”€â”€â”€â”€â”€â”€â”€â”€â”€â”€â”€â”€â”€â”€

    Error Context: ..\..\test-results\navigation-ðŸ§­-Navigation-should-change-language-webkit\error-context.md
]]>
</failure>
<system-out>
<![CDATA[
[[ATTACHMENT|navigation-ðŸ§­-Navigation-should-change-language-webkit\video.webm]]

[[ATTACHMENT|navigation-ðŸ§­-Navigation-should-change-language-webkit\error-context.md]]
]]>
</system-out>
</testcase>
</testsuite>
<testsuite name="auth.spec.ts" timestamp="2025-08-23T20:20:14.003Z" hostname="mobile" tests="6" failures="4" skipped="0" time="160.099" errors="0">
<testcase name="ðŸ” Authentication â€º should redirect to login when not authenticated" classname="auth.spec.ts" time="20.309">
</testcase>
<testcase name="ðŸ” Authentication â€º should display login form" classname="auth.spec.ts" time="21.196">
<failure message="auth.spec.ts:13:3 should display login form" type="FAILURE">
<![CDATA[  [mobile] â€º auth.spec.ts:13:3 â€º ðŸ” Authentication â€º should display login form â”€â”€â”€â”€â”€â”€â”€â”€â”€â”€â”€â”€â”€â”€â”€â”€â”€â”€â”€â”€â”€

    Error: expect(locator).toBeVisible() failed

    Locator:  locator('input[type="email"]')
    Expected: visible
    Received: <element(s) not found>
    Timeout:  5000ms

    Call log:
      - Expect "toBeVisible" with timeout 5000ms
      - waiting for locator('input[type="email"]')


      15 |     
      16 |     // Check login form elements
    > 17 |     await expect(page.locator('input[type="email"]')).toBeVisible();
         |                                                       ^
      18 |     await expect(page.locator('input[type="password"]')).toBeVisible();
      19 |     await expect(page.locator('button[type="submit"]')).toBeVisible();
      20 |   });
        at C:\Users\SERVICE-INFO\IA\loft-algerie\tests\e2e\auth.spec.ts:17:55

    attachment #1: screenshot (image/png) â”€â”€â”€â”€â”€â”€â”€â”€â”€â”€â”€â”€â”€â”€â”€â”€â”€â”€â”€â”€â”€â”€â”€â”€â”€â”€â”€â”€â”€â”€â”€â”€â”€â”€â”€â”€â”€â”€â”€â”€â”€â”€â”€â”€â”€â”€â”€â”€â”€â”€â”€â”€â”€â”€â”€â”€â”€â”€
    ..\..\test-results\auth-ðŸ”-Authentication-should-display-login-form-mobile\test-failed-1.png
    â”€â”€â”€â”€â”€â”€â”€â”€â”€â”€â”€â”€â”€â”€â”€â”€â”€â”€â”€â”€â”€â”€â”€â”€â”€â”€â”€â”€â”€â”€â”€â”€â”€â”€â”€â”€â”€â”€â”€â”€â”€â”€â”€â”€â”€â”€â”€â”€â”€â”€â”€â”€â”€â”€â”€â”€â”€â”€â”€â”€â”€â”€â”€â”€â”€â”€â”€â”€â”€â”€â”€â”€â”€â”€â”€â”€â”€â”€â”€â”€â”€â”€â”€â”€â”€â”€â”€â”€â”€â”€â”€â”€â”€â”€â”€â”€

    attachment #2: video (video/webm) â”€â”€â”€â”€â”€â”€â”€â”€â”€â”€â”€â”€â”€â”€â”€â”€â”€â”€â”€â”€â”€â”€â”€â”€â”€â”€â”€â”€â”€â”€â”€â”€â”€â”€â”€â”€â”€â”€â”€â”€â”€â”€â”€â”€â”€â”€â”€â”€â”€â”€â”€â”€â”€â”€â”€â”€â”€â”€â”€â”€â”€â”€
    ..\..\test-results\auth-ðŸ”-Authentication-should-display-login-form-mobile\video.webm
    â”€â”€â”€â”€â”€â”€â”€â”€â”€â”€â”€â”€â”€â”€â”€â”€â”€â”€â”€â”€â”€â”€â”€â”€â”€â”€â”€â”€â”€â”€â”€â”€â”€â”€â”€â”€â”€â”€â”€â”€â”€â”€â”€â”€â”€â”€â”€â”€â”€â”€â”€â”€â”€â”€â”€â”€â”€â”€â”€â”€â”€â”€â”€â”€â”€â”€â”€â”€â”€â”€â”€â”€â”€â”€â”€â”€â”€â”€â”€â”€â”€â”€â”€â”€â”€â”€â”€â”€â”€â”€â”€â”€â”€â”€â”€â”€

    Error Context: ..\..\test-results\auth-ðŸ”-Authentication-should-display-login-form-mobile\error-context.md
]]>
</failure>
<system-out>
<![CDATA[
[[ATTACHMENT|auth-ðŸ”-Authentication-should-display-login-form-mobile\test-failed-1.png]]

[[ATTACHMENT|auth-ðŸ”-Authentication-should-display-login-form-mobile\video.webm]]

[[ATTACHMENT|auth-ðŸ”-Authentication-should-display-login-form-mobile\error-context.md]]
]]>
</system-out>
</testcase>
<testcase name="ðŸ” Authentication â€º should show validation errors for empty form" classname="auth.spec.ts" time="30.624">
<failure message="auth.spec.ts:22:3 should show validation errors for empty form" type="FAILURE">
<![CDATA[  [mobile] â€º auth.spec.ts:22:3 â€º ðŸ” Authentication â€º should show validation errors for empty form â”€â”€

    Test timeout of 30000ms exceeded.

    Error: page.click: Test timeout of 30000ms exceeded.
    Call log:
      - waiting for locator('button[type="submit"]')


      24 |     
      25 |     // Try to submit empty form
    > 26 |     await page.click('button[type="submit"]');
         |                ^
      27 |     
      28 |     // Should show validation errors
      29 |     await expect(page.locator('text=Email is required')).toBeVisible();
        at C:\Users\SERVICE-INFO\IA\loft-algerie\tests\e2e\auth.spec.ts:26:16

    attachment #1: screenshot (image/png) â”€â”€â”€â”€â”€â”€â”€â”€â”€â”€â”€â”€â”€â”€â”€â”€â”€â”€â”€â”€â”€â”€â”€â”€â”€â”€â”€â”€â”€â”€â”€â”€â”€â”€â”€â”€â”€â”€â”€â”€â”€â”€â”€â”€â”€â”€â”€â”€â”€â”€â”€â”€â”€â”€â”€â”€â”€â”€
    ..\..\test-results\auth-ðŸ”-Authentication-sho-28a5c-ation-errors-for-empty-form-mobile\test-failed-1.png
    â”€â”€â”€â”€â”€â”€â”€â”€â”€â”€â”€â”€â”€â”€â”€â”€â”€â”€â”€â”€â”€â”€â”€â”€â”€â”€â”€â”€â”€â”€â”€â”€â”€â”€â”€â”€â”€â”€â”€â”€â”€â”€â”€â”€â”€â”€â”€â”€â”€â”€â”€â”€â”€â”€â”€â”€â”€â”€â”€â”€â”€â”€â”€â”€â”€â”€â”€â”€â”€â”€â”€â”€â”€â”€â”€â”€â”€â”€â”€â”€â”€â”€â”€â”€â”€â”€â”€â”€â”€â”€â”€â”€â”€â”€â”€â”€

    attachment #2: video (video/webm) â”€â”€â”€â”€â”€â”€â”€â”€â”€â”€â”€â”€â”€â”€â”€â”€â”€â”€â”€â”€â”€â”€â”€â”€â”€â”€â”€â”€â”€â”€â”€â”€â”€â”€â”€â”€â”€â”€â”€â”€â”€â”€â”€â”€â”€â”€â”€â”€â”€â”€â”€â”€â”€â”€â”€â”€â”€â”€â”€â”€â”€â”€
    ..\..\test-results\auth-ðŸ”-Authentication-sho-28a5c-ation-errors-for-empty-form-mobile\video.webm
    â”€â”€â”€â”€â”€â”€â”€â”€â”€â”€â”€â”€â”€â”€â”€â”€â”€â”€â”€â”€â”€â”€â”€â”€â”€â”€â”€â”€â”€â”€â”€â”€â”€â”€â”€â”€â”€â”€â”€â”€â”€â”€â”€â”€â”€â”€â”€â”€â”€â”€â”€â”€â”€â”€â”€â”€â”€â”€â”€â”€â”€â”€â”€â”€â”€â”€â”€â”€â”€â”€â”€â”€â”€â”€â”€â”€â”€â”€â”€â”€â”€â”€â”€â”€â”€â”€â”€â”€â”€â”€â”€â”€â”€â”€â”€â”€

    Error Context: ..\..\test-results\auth-ðŸ”-Authentication-sho-28a5c-ation-errors-for-empty-form-mobile\error-context.md
]]>
</failure>
<system-out>
<![CDATA[
[[ATTACHMENT|auth-ðŸ”-Authentication-sho-28a5c-ation-errors-for-empty-form-mobile\test-failed-1.png]]

[[ATTACHMENT|auth-ðŸ”-Authentication-sho-28a5c-ation-errors-for-empty-form-mobile\video.webm]]

[[ATTACHMENT|auth-ðŸ”-Authentication-sho-28a5c-ation-errors-for-empty-form-mobile\error-context.md]]
]]>
</system-out>
</testcase>
<testcase name="ðŸ” Authentication â€º should show error for invalid credentials" classname="auth.spec.ts" time="30.789">
<failure message="auth.spec.ts:33:3 should show error for invalid credentials" type="FAILURE">
<![CDATA[  [mobile] â€º auth.spec.ts:33:3 â€º ðŸ” Authentication â€º should show error for invalid credentials â”€â”€â”€â”€â”€

    Test timeout of 30000ms exceeded.

    Error: page.fill: Test timeout of 30000ms exceeded.
    Call log:
      - waiting for locator('input[type="email"]')


      35 |     
      36 |     // Fill invalid credentials
    > 37 |     await page.fill('input[type="email"]', 'invalid@example.com');
         |                ^
      38 |     await page.fill('input[type="password"]', 'wrongpassword');
      39 |     await page.click('button[type="submit"]');
      40 |     
        at C:\Users\SERVICE-INFO\IA\loft-algerie\tests\e2e\auth.spec.ts:37:16

    attachment #1: screenshot (image/png) â”€â”€â”€â”€â”€â”€â”€â”€â”€â”€â”€â”€â”€â”€â”€â”€â”€â”€â”€â”€â”€â”€â”€â”€â”€â”€â”€â”€â”€â”€â”€â”€â”€â”€â”€â”€â”€â”€â”€â”€â”€â”€â”€â”€â”€â”€â”€â”€â”€â”€â”€â”€â”€â”€â”€â”€â”€â”€
    ..\..\test-results\auth-ðŸ”-Authentication-sho-49446-ror-for-invalid-credentials-mobile\test-failed-1.png
    â”€â”€â”€â”€â”€â”€â”€â”€â”€â”€â”€â”€â”€â”€â”€â”€â”€â”€â”€â”€â”€â”€â”€â”€â”€â”€â”€â”€â”€â”€â”€â”€â”€â”€â”€â”€â”€â”€â”€â”€â”€â”€â”€â”€â”€â”€â”€â”€â”€â”€â”€â”€â”€â”€â”€â”€â”€â”€â”€â”€â”€â”€â”€â”€â”€â”€â”€â”€â”€â”€â”€â”€â”€â”€â”€â”€â”€â”€â”€â”€â”€â”€â”€â”€â”€â”€â”€â”€â”€â”€â”€â”€â”€â”€â”€â”€

    attachment #2: video (video/webm) â”€â”€â”€â”€â”€â”€â”€â”€â”€â”€â”€â”€â”€â”€â”€â”€â”€â”€â”€â”€â”€â”€â”€â”€â”€â”€â”€â”€â”€â”€â”€â”€â”€â”€â”€â”€â”€â”€â”€â”€â”€â”€â”€â”€â”€â”€â”€â”€â”€â”€â”€â”€â”€â”€â”€â”€â”€â”€â”€â”€â”€â”€
    ..\..\test-results\auth-ðŸ”-Authentication-sho-49446-ror-for-invalid-credentials-mobile\video.webm
    â”€â”€â”€â”€â”€â”€â”€â”€â”€â”€â”€â”€â”€â”€â”€â”€â”€â”€â”€â”€â”€â”€â”€â”€â”€â”€â”€â”€â”€â”€â”€â”€â”€â”€â”€â”€â”€â”€â”€â”€â”€â”€â”€â”€â”€â”€â”€â”€â”€â”€â”€â”€â”€â”€â”€â”€â”€â”€â”€â”€â”€â”€â”€â”€â”€â”€â”€â”€â”€â”€â”€â”€â”€â”€â”€â”€â”€â”€â”€â”€â”€â”€â”€â”€â”€â”€â”€â”€â”€â”€â”€â”€â”€â”€â”€â”€

    Error Context: ..\..\test-results\auth-ðŸ”-Authentication-sho-49446-ror-for-invalid-credentials-mobile\error-context.md
]]>
</failure>
<system-out>
<![CDATA[
[[ATTACHMENT|auth-ðŸ”-Authentication-sho-49446-ror-for-invalid-credentials-mobile\test-failed-1.png]]

[[ATTACHMENT|auth-ðŸ”-Authentication-sho-49446-ror-for-invalid-credentials-mobile\video.webm]]

[[ATTACHMENT|auth-ðŸ”-Authentication-sho-49446-ror-for-invalid-credentials-mobile\error-context.md]]
]]>
</system-out>
</testcase>
<testcase name="ðŸ” Authentication â€º should navigate to register page" classname="auth.spec.ts" time="31.51">
<failure message="auth.spec.ts:45:3 should navigate to register page" type="FAILURE">
<![CDATA[  [mobile] â€º auth.spec.ts:45:3 â€º ðŸ” Authentication â€º should navigate to register page â”€â”€â”€â”€â”€â”€â”€â”€â”€â”€â”€â”€â”€â”€

    Test timeout of 30000ms exceeded.

    Error: page.click: Test timeout of 30000ms exceeded.
    Call log:
      - waiting for locator('text=Create an account')


      47 |     
      48 |     // Click register link
    > 49 |     await page.click('text=Create an account');
         |                ^
      50 |     await expect(page).toHaveURL(/.*\/register/);
      51 |   });
      52 |
        at C:\Users\SERVICE-INFO\IA\loft-algerie\tests\e2e\auth.spec.ts:49:16

    attachment #1: screenshot (image/png) â”€â”€â”€â”€â”€â”€â”€â”€â”€â”€â”€â”€â”€â”€â”€â”€â”€â”€â”€â”€â”€â”€â”€â”€â”€â”€â”€â”€â”€â”€â”€â”€â”€â”€â”€â”€â”€â”€â”€â”€â”€â”€â”€â”€â”€â”€â”€â”€â”€â”€â”€â”€â”€â”€â”€â”€â”€â”€
    ..\..\test-results\auth-ðŸ”-Authentication-should-navigate-to-register-page-mobile\test-failed-1.png
    â”€â”€â”€â”€â”€â”€â”€â”€â”€â”€â”€â”€â”€â”€â”€â”€â”€â”€â”€â”€â”€â”€â”€â”€â”€â”€â”€â”€â”€â”€â”€â”€â”€â”€â”€â”€â”€â”€â”€â”€â”€â”€â”€â”€â”€â”€â”€â”€â”€â”€â”€â”€â”€â”€â”€â”€â”€â”€â”€â”€â”€â”€â”€â”€â”€â”€â”€â”€â”€â”€â”€â”€â”€â”€â”€â”€â”€â”€â”€â”€â”€â”€â”€â”€â”€â”€â”€â”€â”€â”€â”€â”€â”€â”€â”€â”€

    attachment #2: video (video/webm) â”€â”€â”€â”€â”€â”€â”€â”€â”€â”€â”€â”€â”€â”€â”€â”€â”€â”€â”€â”€â”€â”€â”€â”€â”€â”€â”€â”€â”€â”€â”€â”€â”€â”€â”€â”€â”€â”€â”€â”€â”€â”€â”€â”€â”€â”€â”€â”€â”€â”€â”€â”€â”€â”€â”€â”€â”€â”€â”€â”€â”€â”€
    ..\..\test-results\auth-ðŸ”-Authentication-should-navigate-to-register-page-mobile\video.webm
    â”€â”€â”€â”€â”€â”€â”€â”€â”€â”€â”€â”€â”€â”€â”€â”€â”€â”€â”€â”€â”€â”€â”€â”€â”€â”€â”€â”€â”€â”€â”€â”€â”€â”€â”€â”€â”€â”€â”€â”€â”€â”€â”€â”€â”€â”€â”€â”€â”€â”€â”€â”€â”€â”€â”€â”€â”€â”€â”€â”€â”€â”€â”€â”€â”€â”€â”€â”€â”€â”€â”€â”€â”€â”€â”€â”€â”€â”€â”€â”€â”€â”€â”€â”€â”€â”€â”€â”€â”€â”€â”€â”€â”€â”€â”€â”€

    Error Context: ..\..\test-results\auth-ðŸ”-Authentication-should-navigate-to-register-page-mobile\error-context.md
]]>
</failure>
<system-out>
<![CDATA[
[[ATTACHMENT|auth-ðŸ”-Authentication-should-navigate-to-register-page-mobile\test-failed-1.png]]

[[ATTACHMENT|auth-ðŸ”-Authentication-should-navigate-to-register-page-mobile\video.webm]]

[[ATTACHMENT|auth-ðŸ”-Authentication-should-navigate-to-register-page-mobile\error-context.md]]
]]>
</system-out>
</testcase>
<testcase name="ðŸ” Authentication â€º should display register form" classname="auth.spec.ts" time="25.671">
</testcase>
</testsuite>
<testsuite name="dashboard.spec.ts" timestamp="2025-08-23T20:20:14.003Z" hostname="mobile" tests="7" failures="6" skipped="0" time="179.074" errors="0">
<testcase name="ðŸ“Š Dashboard â€º should display dashboard stats cards" classname="dashboard.spec.ts" time="22.591">
<failure message="dashboard.spec.ts:11:3 should display dashboard stats cards" type="FAILURE">
<![CDATA[  [mobile] â€º dashboard.spec.ts:11:3 â€º ðŸ“Š Dashboard â€º should display dashboard stats cards â”€â”€â”€â”€â”€â”€â”€â”€â”€â”€

    Error: expect(locator).toBeVisible() failed

    Locator:  locator('[data-testid="stats-cards"]')
    Expected: visible
    Received: <element(s) not found>
    Timeout:  5000ms

    Call log:
      - Expect "toBeVisible" with timeout 5000ms
      - waiting for locator('[data-testid="stats-cards"]')


      13 |     
      14 |     // Check stats cards are visible
    > 15 |     await expect(page.locator('[data-testid="stats-cards"]')).toBeVisible();
         |                                                               ^
      16 |     
      17 |     // Check individual stat cards
      18 |     await expect(page.locator('text=Total Lofts')).toBeVisible();
        at C:\Users\SERVICE-INFO\IA\loft-algerie\tests\e2e\dashboard.spec.ts:15:63

    attachment #1: screenshot (image/png) â”€â”€â”€â”€â”€â”€â”€â”€â”€â”€â”€â”€â”€â”€â”€â”€â”€â”€â”€â”€â”€â”€â”€â”€â”€â”€â”€â”€â”€â”€â”€â”€â”€â”€â”€â”€â”€â”€â”€â”€â”€â”€â”€â”€â”€â”€â”€â”€â”€â”€â”€â”€â”€â”€â”€â”€â”€â”€
    ..\..\test-results\dashboard-ðŸ“Š-Dashboard-should-display-dashboard-stats-cards-mobile\test-failed-1.png
    â”€â”€â”€â”€â”€â”€â”€â”€â”€â”€â”€â”€â”€â”€â”€â”€â”€â”€â”€â”€â”€â”€â”€â”€â”€â”€â”€â”€â”€â”€â”€â”€â”€â”€â”€â”€â”€â”€â”€â”€â”€â”€â”€â”€â”€â”€â”€â”€â”€â”€â”€â”€â”€â”€â”€â”€â”€â”€â”€â”€â”€â”€â”€â”€â”€â”€â”€â”€â”€â”€â”€â”€â”€â”€â”€â”€â”€â”€â”€â”€â”€â”€â”€â”€â”€â”€â”€â”€â”€â”€â”€â”€â”€â”€â”€â”€

    attachment #2: video (video/webm) â”€â”€â”€â”€â”€â”€â”€â”€â”€â”€â”€â”€â”€â”€â”€â”€â”€â”€â”€â”€â”€â”€â”€â”€â”€â”€â”€â”€â”€â”€â”€â”€â”€â”€â”€â”€â”€â”€â”€â”€â”€â”€â”€â”€â”€â”€â”€â”€â”€â”€â”€â”€â”€â”€â”€â”€â”€â”€â”€â”€â”€â”€
    ..\..\test-results\dashboard-ðŸ“Š-Dashboard-should-display-dashboard-stats-cards-mobile\video.webm
    â”€â”€â”€â”€â”€â”€â”€â”€â”€â”€â”€â”€â”€â”€â”€â”€â”€â”€â”€â”€â”€â”€â”€â”€â”€â”€â”€â”€â”€â”€â”€â”€â”€â”€â”€â”€â”€â”€â”€â”€â”€â”€â”€â”€â”€â”€â”€â”€â”€â”€â”€â”€â”€â”€â”€â”€â”€â”€â”€â”€â”€â”€â”€â”€â”€â”€â”€â”€â”€â”€â”€â”€â”€â”€â”€â”€â”€â”€â”€â”€â”€â”€â”€â”€â”€â”€â”€â”€â”€â”€â”€â”€â”€â”€â”€â”€

    Error Context: ..\..\test-results\dashboard-ðŸ“Š-Dashboard-should-display-dashboard-stats-cards-mobile\error-context.md
]]>
</failure>
<system-out>
<![CDATA[
[[ATTACHMENT|dashboard-ðŸ“Š-Dashboard-should-display-dashboard-stats-cards-mobile\test-failed-1.png]]

[[ATTACHMENT|dashboard-ðŸ“Š-Dashboard-should-display-dashboard-stats-cards-mobile\video.webm]]

[[ATTACHMENT|dashboard-ðŸ“Š-Dashboard-should-display-dashboard-stats-cards-mobile\error-context.md]]
]]>
</system-out>
</testcase>
<testcase name="ðŸ“Š Dashboard â€º should display recent activities" classname="dashboard.spec.ts" time="27.411">
<failure message="dashboard.spec.ts:24:3 should display recent activities" type="FAILURE">
<![CDATA[  [mobile] â€º dashboard.spec.ts:24:3 â€º ðŸ“Š Dashboard â€º should display recent activities â”€â”€â”€â”€â”€â”€â”€â”€â”€â”€â”€â”€â”€â”€

    Error: expect(locator).toBeVisible() failed

    Locator:  locator('text=ActivitÃ©s RÃ©centes')
    Expected: visible
    Received: <element(s) not found>
    Timeout:  5000ms

    Call log:
      - Expect "toBeVisible" with timeout 5000ms
      - waiting for locator('text=ActivitÃ©s RÃ©centes')


      26 |     
      27 |     // Check recent activities section
    > 28 |     await expect(page.locator('text=ActivitÃ©s RÃ©centes')).toBeVisible();
         |                                                           ^
      29 |     await expect(page.locator('[data-testid="recent-activities"]')).toBeVisible();
      30 |   });
      31 |
        at C:\Users\SERVICE-INFO\IA\loft-algerie\tests\e2e\dashboard.spec.ts:28:59

    attachment #1: screenshot (image/png) â”€â”€â”€â”€â”€â”€â”€â”€â”€â”€â”€â”€â”€â”€â”€â”€â”€â”€â”€â”€â”€â”€â”€â”€â”€â”€â”€â”€â”€â”€â”€â”€â”€â”€â”€â”€â”€â”€â”€â”€â”€â”€â”€â”€â”€â”€â”€â”€â”€â”€â”€â”€â”€â”€â”€â”€â”€â”€
    ..\..\test-results\dashboard-ðŸ“Š-Dashboard-should-display-recent-activities-mobile\test-failed-1.png
    â”€â”€â”€â”€â”€â”€â”€â”€â”€â”€â”€â”€â”€â”€â”€â”€â”€â”€â”€â”€â”€â”€â”€â”€â”€â”€â”€â”€â”€â”€â”€â”€â”€â”€â”€â”€â”€â”€â”€â”€â”€â”€â”€â”€â”€â”€â”€â”€â”€â”€â”€â”€â”€â”€â”€â”€â”€â”€â”€â”€â”€â”€â”€â”€â”€â”€â”€â”€â”€â”€â”€â”€â”€â”€â”€â”€â”€â”€â”€â”€â”€â”€â”€â”€â”€â”€â”€â”€â”€â”€â”€â”€â”€â”€â”€â”€

    attachment #2: video (video/webm) â”€â”€â”€â”€â”€â”€â”€â”€â”€â”€â”€â”€â”€â”€â”€â”€â”€â”€â”€â”€â”€â”€â”€â”€â”€â”€â”€â”€â”€â”€â”€â”€â”€â”€â”€â”€â”€â”€â”€â”€â”€â”€â”€â”€â”€â”€â”€â”€â”€â”€â”€â”€â”€â”€â”€â”€â”€â”€â”€â”€â”€â”€
    ..\..\test-results\dashboard-ðŸ“Š-Dashboard-should-display-recent-activities-mobile\video.webm
    â”€â”€â”€â”€â”€â”€â”€â”€â”€â”€â”€â”€â”€â”€â”€â”€â”€â”€â”€â”€â”€â”€â”€â”€â”€â”€â”€â”€â”€â”€â”€â”€â”€â”€â”€â”€â”€â”€â”€â”€â”€â”€â”€â”€â”€â”€â”€â”€â”€â”€â”€â”€â”€â”€â”€â”€â”€â”€â”€â”€â”€â”€â”€â”€â”€â”€â”€â”€â”€â”€â”€â”€â”€â”€â”€â”€â”€â”€â”€â”€â”€â”€â”€â”€â”€â”€â”€â”€â”€â”€â”€â”€â”€â”€â”€â”€

    Error Context: ..\..\test-results\dashboard-ðŸ“Š-Dashboard-should-display-recent-activities-mobile\error-context.md
]]>
</failure>
<system-out>
<![CDATA[
[[ATTACHMENT|dashboard-ðŸ“Š-Dashboard-should-display-recent-activities-mobile\test-failed-1.png]]

[[ATTACHMENT|dashboard-ðŸ“Š-Dashboard-should-display-recent-activities-mobile\video.webm]]

[[ATTACHMENT|dashboard-ðŸ“Š-Dashboard-should-display-recent-activities-mobile\error-context.md]]
]]>
</system-out>
</testcase>
<testcase name="ðŸ“Š Dashboard â€º should display charts and analytics" classname="dashboard.spec.ts" time="25.968">
<failure message="dashboard.spec.ts:32:3 should display charts and analytics" type="FAILURE">
<![CDATA[  [mobile] â€º dashboard.spec.ts:32:3 â€º ðŸ“Š Dashboard â€º should display charts and analytics â”€â”€â”€â”€â”€â”€â”€â”€â”€â”€â”€

    Error: expect(locator).toBeVisible() failed

    Locator:  locator('[data-testid="revenue-chart"]')
    Expected: visible
    Received: <element(s) not found>
    Timeout:  5000ms

    Call log:
      - Expect "toBeVisible" with timeout 5000ms
      - waiting for locator('[data-testid="revenue-chart"]')


      34 |     
      35 |     // Check charts section
    > 36 |     await expect(page.locator('[data-testid="revenue-chart"]')).toBeVisible();
         |                                                                 ^
      37 |     await expect(page.locator('[data-testid="occupancy-chart"]')).toBeVisible();
      38 |   });
      39 |
        at C:\Users\SERVICE-INFO\IA\loft-algerie\tests\e2e\dashboard.spec.ts:36:65

    attachment #1: screenshot (image/png) â”€â”€â”€â”€â”€â”€â”€â”€â”€â”€â”€â”€â”€â”€â”€â”€â”€â”€â”€â”€â”€â”€â”€â”€â”€â”€â”€â”€â”€â”€â”€â”€â”€â”€â”€â”€â”€â”€â”€â”€â”€â”€â”€â”€â”€â”€â”€â”€â”€â”€â”€â”€â”€â”€â”€â”€â”€â”€
    ..\..\test-results\dashboard-ðŸ“Š-Dashboard-should-display-charts-and-analytics-mobile\test-failed-1.png
    â”€â”€â”€â”€â”€â”€â”€â”€â”€â”€â”€â”€â”€â”€â”€â”€â”€â”€â”€â”€â”€â”€â”€â”€â”€â”€â”€â”€â”€â”€â”€â”€â”€â”€â”€â”€â”€â”€â”€â”€â”€â”€â”€â”€â”€â”€â”€â”€â”€â”€â”€â”€â”€â”€â”€â”€â”€â”€â”€â”€â”€â”€â”€â”€â”€â”€â”€â”€â”€â”€â”€â”€â”€â”€â”€â”€â”€â”€â”€â”€â”€â”€â”€â”€â”€â”€â”€â”€â”€â”€â”€â”€â”€â”€â”€â”€

    attachment #2: video (video/webm) â”€â”€â”€â”€â”€â”€â”€â”€â”€â”€â”€â”€â”€â”€â”€â”€â”€â”€â”€â”€â”€â”€â”€â”€â”€â”€â”€â”€â”€â”€â”€â”€â”€â”€â”€â”€â”€â”€â”€â”€â”€â”€â”€â”€â”€â”€â”€â”€â”€â”€â”€â”€â”€â”€â”€â”€â”€â”€â”€â”€â”€â”€
    ..\..\test-results\dashboard-ðŸ“Š-Dashboard-should-display-charts-and-analytics-mobile\video.webm
    â”€â”€â”€â”€â”€â”€â”€â”€â”€â”€â”€â”€â”€â”€â”€â”€â”€â”€â”€â”€â”€â”€â”€â”€â”€â”€â”€â”€â”€â”€â”€â”€â”€â”€â”€â”€â”€â”€â”€â”€â”€â”€â”€â”€â”€â”€â”€â”€â”€â”€â”€â”€â”€â”€â”€â”€â”€â”€â”€â”€â”€â”€â”€â”€â”€â”€â”€â”€â”€â”€â”€â”€â”€â”€â”€â”€â”€â”€â”€â”€â”€â”€â”€â”€â”€â”€â”€â”€â”€â”€â”€â”€â”€â”€â”€â”€

    Error Context: ..\..\test-results\dashboard-ðŸ“Š-Dashboard-should-display-charts-and-analytics-mobile\error-context.md
]]>
</failure>
<system-out>
<![CDATA[
[[ATTACHMENT|dashboard-ðŸ“Š-Dashboard-should-display-charts-and-analytics-mobile\test-failed-1.png]]

[[ATTACHMENT|dashboard-ðŸ“Š-Dashboard-should-display-charts-and-analytics-mobile\video.webm]]

[[ATTACHMENT|dashboard-ðŸ“Š-Dashboard-should-display-charts-and-analytics-mobile\error-context.md]]
]]>
</system-out>
</testcase>
<testcase name="ðŸ“Š Dashboard â€º should be responsive on mobile" classname="dashboard.spec.ts" time="30.282">
<failure message="dashboard.spec.ts:40:3 should be responsive on mobile" type="FAILURE">
<![CDATA[  [mobile] â€º dashboard.spec.ts:40:3 â€º ðŸ“Š Dashboard â€º should be responsive on mobile â”€â”€â”€â”€â”€â”€â”€â”€â”€â”€â”€â”€â”€â”€â”€â”€

    Test timeout of 30000ms exceeded.

    Error: locator.boundingBox: Test timeout of 30000ms exceeded.
    Call log:
      - waiting for locator('[data-testid="stats-card"]').first()


      47 |     const secondCard = statsCards.nth(1);
      48 |     
    > 49 |     const firstCardBox = await firstCard.boundingBox();
         |                                          ^
      50 |     const secondCardBox = await secondCard.boundingBox();
      51 |     
      52 |     // Second card should be below first card on mobile
        at C:\Users\SERVICE-INFO\IA\loft-algerie\tests\e2e\dashboard.spec.ts:49:42

    attachment #1: screenshot (image/png) â”€â”€â”€â”€â”€â”€â”€â”€â”€â”€â”€â”€â”€â”€â”€â”€â”€â”€â”€â”€â”€â”€â”€â”€â”€â”€â”€â”€â”€â”€â”€â”€â”€â”€â”€â”€â”€â”€â”€â”€â”€â”€â”€â”€â”€â”€â”€â”€â”€â”€â”€â”€â”€â”€â”€â”€â”€â”€
    ..\..\test-results\dashboard-ðŸ“Š-Dashboard-should-be-responsive-on-mobile-mobile\test-failed-1.png
    â”€â”€â”€â”€â”€â”€â”€â”€â”€â”€â”€â”€â”€â”€â”€â”€â”€â”€â”€â”€â”€â”€â”€â”€â”€â”€â”€â”€â”€â”€â”€â”€â”€â”€â”€â”€â”€â”€â”€â”€â”€â”€â”€â”€â”€â”€â”€â”€â”€â”€â”€â”€â”€â”€â”€â”€â”€â”€â”€â”€â”€â”€â”€â”€â”€â”€â”€â”€â”€â”€â”€â”€â”€â”€â”€â”€â”€â”€â”€â”€â”€â”€â”€â”€â”€â”€â”€â”€â”€â”€â”€â”€â”€â”€â”€â”€

    attachment #2: video (video/webm) â”€â”€â”€â”€â”€â”€â”€â”€â”€â”€â”€â”€â”€â”€â”€â”€â”€â”€â”€â”€â”€â”€â”€â”€â”€â”€â”€â”€â”€â”€â”€â”€â”€â”€â”€â”€â”€â”€â”€â”€â”€â”€â”€â”€â”€â”€â”€â”€â”€â”€â”€â”€â”€â”€â”€â”€â”€â”€â”€â”€â”€â”€
    ..\..\test-results\dashboard-ðŸ“Š-Dashboard-should-be-responsive-on-mobile-mobile\video.webm
    â”€â”€â”€â”€â”€â”€â”€â”€â”€â”€â”€â”€â”€â”€â”€â”€â”€â”€â”€â”€â”€â”€â”€â”€â”€â”€â”€â”€â”€â”€â”€â”€â”€â”€â”€â”€â”€â”€â”€â”€â”€â”€â”€â”€â”€â”€â”€â”€â”€â”€â”€â”€â”€â”€â”€â”€â”€â”€â”€â”€â”€â”€â”€â”€â”€â”€â”€â”€â”€â”€â”€â”€â”€â”€â”€â”€â”€â”€â”€â”€â”€â”€â”€â”€â”€â”€â”€â”€â”€â”€â”€â”€â”€â”€â”€â”€

    Error Context: ..\..\test-results\dashboard-ðŸ“Š-Dashboard-should-be-responsive-on-mobile-mobile\error-context.md
]]>
</failure>
<system-out>
<![CDATA[
[[ATTACHMENT|dashboard-ðŸ“Š-Dashboard-should-be-responsive-on-mobile-mobile\test-failed-1.png]]

[[ATTACHMENT|dashboard-ðŸ“Š-Dashboard-should-be-responsive-on-mobile-mobile\video.webm]]

[[ATTACHMENT|dashboard-ðŸ“Š-Dashboard-should-be-responsive-on-mobile-mobile\error-context.md]]
]]>
</system-out>
</testcase>
<testcase name="ðŸ“Š Dashboard â€º should navigate to detailed views from dashboard" classname="dashboard.spec.ts" time="30.421">
<failure message="dashboard.spec.ts:56:3 should navigate to detailed views from dashboard" type="FAILURE">
<![CDATA[  [mobile] â€º dashboard.spec.ts:56:3 â€º ðŸ“Š Dashboard â€º should navigate to detailed views from dashboard 

    Test timeout of 30000ms exceeded.

    Error: page.click: Test timeout of 30000ms exceeded.
    Call log:
      - waiting for locator('[data-testid="lofts-stat-card"]')


      58 |     
      59 |     // Click on lofts stat card
    > 60 |     await page.click('[data-testid="lofts-stat-card"]');
         |                ^
      61 |     await expect(page).toHaveURL(/.*\/lofts/);
      62 |     
      63 |     // Go back to dashboard
        at C:\Users\SERVICE-INFO\IA\loft-algerie\tests\e2e\dashboard.spec.ts:60:16

    attachment #1: screenshot (image/png) â”€â”€â”€â”€â”€â”€â”€â”€â”€â”€â”€â”€â”€â”€â”€â”€â”€â”€â”€â”€â”€â”€â”€â”€â”€â”€â”€â”€â”€â”€â”€â”€â”€â”€â”€â”€â”€â”€â”€â”€â”€â”€â”€â”€â”€â”€â”€â”€â”€â”€â”€â”€â”€â”€â”€â”€â”€â”€
    ..\..\test-results\dashboard-ðŸ“Š-Dashboard-sho-00fc2-tailed-views-from-dashboard-mobile\test-failed-1.png
    â”€â”€â”€â”€â”€â”€â”€â”€â”€â”€â”€â”€â”€â”€â”€â”€â”€â”€â”€â”€â”€â”€â”€â”€â”€â”€â”€â”€â”€â”€â”€â”€â”€â”€â”€â”€â”€â”€â”€â”€â”€â”€â”€â”€â”€â”€â”€â”€â”€â”€â”€â”€â”€â”€â”€â”€â”€â”€â”€â”€â”€â”€â”€â”€â”€â”€â”€â”€â”€â”€â”€â”€â”€â”€â”€â”€â”€â”€â”€â”€â”€â”€â”€â”€â”€â”€â”€â”€â”€â”€â”€â”€â”€â”€â”€â”€

    attachment #2: video (video/webm) â”€â”€â”€â”€â”€â”€â”€â”€â”€â”€â”€â”€â”€â”€â”€â”€â”€â”€â”€â”€â”€â”€â”€â”€â”€â”€â”€â”€â”€â”€â”€â”€â”€â”€â”€â”€â”€â”€â”€â”€â”€â”€â”€â”€â”€â”€â”€â”€â”€â”€â”€â”€â”€â”€â”€â”€â”€â”€â”€â”€â”€â”€
    ..\..\test-results\dashboard-ðŸ“Š-Dashboard-sho-00fc2-tailed-views-from-dashboard-mobile\video.webm
    â”€â”€â”€â”€â”€â”€â”€â”€â”€â”€â”€â”€â”€â”€â”€â”€â”€â”€â”€â”€â”€â”€â”€â”€â”€â”€â”€â”€â”€â”€â”€â”€â”€â”€â”€â”€â”€â”€â”€â”€â”€â”€â”€â”€â”€â”€â”€â”€â”€â”€â”€â”€â”€â”€â”€â”€â”€â”€â”€â”€â”€â”€â”€â”€â”€â”€â”€â”€â”€â”€â”€â”€â”€â”€â”€â”€â”€â”€â”€â”€â”€â”€â”€â”€â”€â”€â”€â”€â”€â”€â”€â”€â”€â”€â”€â”€

    Error Context: ..\..\test-results\dashboard-ðŸ“Š-Dashboard-sho-00fc2-tailed-views-from-dashboard-mobile\error-context.md
]]>
</failure>
<system-out>
<![CDATA[
[[ATTACHMENT|dashboard-ðŸ“Š-Dashboard-sho-00fc2-tailed-views-from-dashboard-mobile\test-failed-1.png]]

[[ATTACHMENT|dashboard-ðŸ“Š-Dashboard-sho-00fc2-tailed-views-from-dashboard-mobile\video.webm]]

[[ATTACHMENT|dashboard-ðŸ“Š-Dashboard-sho-00fc2-tailed-views-from-dashboard-mobile\error-context.md]]
]]>
</system-out>
</testcase>
<testcase name="ðŸ“Š Dashboard â€º should display user greeting" classname="dashboard.spec.ts" time="19.482">
<failure message="dashboard.spec.ts:71:3 should display user greeting" type="FAILURE">
<![CDATA[  [mobile] â€º dashboard.spec.ts:71:3 â€º ðŸ“Š Dashboard â€º should display user greeting â”€â”€â”€â”€â”€â”€â”€â”€â”€â”€â”€â”€â”€â”€â”€â”€â”€â”€

    Error: expect(locator).toBeVisible() failed

    Locator:  locator('text=Bonjour')
    Expected: visible
    Received: <element(s) not found>
    Timeout:  5000ms

    Call log:
      - Expect "toBeVisible" with timeout 5000ms
      - waiting for locator('text=Bonjour')


      73 |     
      74 |     // Should show personalized greeting
    > 75 |     await expect(page.locator('text=Bonjour')).toBeVisible();
         |                                                ^
      76 |     await expect(page.locator('[data-testid="user-name"]')).toBeVisible();
      77 |   });
      78 |
        at C:\Users\SERVICE-INFO\IA\loft-algerie\tests\e2e\dashboard.spec.ts:75:48

    attachment #1: screenshot (image/png) â”€â”€â”€â”€â”€â”€â”€â”€â”€â”€â”€â”€â”€â”€â”€â”€â”€â”€â”€â”€â”€â”€â”€â”€â”€â”€â”€â”€â”€â”€â”€â”€â”€â”€â”€â”€â”€â”€â”€â”€â”€â”€â”€â”€â”€â”€â”€â”€â”€â”€â”€â”€â”€â”€â”€â”€â”€â”€
    ..\..\test-results\dashboard-ðŸ“Š-Dashboard-should-display-user-greeting-mobile\test-failed-1.png
    â”€â”€â”€â”€â”€â”€â”€â”€â”€â”€â”€â”€â”€â”€â”€â”€â”€â”€â”€â”€â”€â”€â”€â”€â”€â”€â”€â”€â”€â”€â”€â”€â”€â”€â”€â”€â”€â”€â”€â”€â”€â”€â”€â”€â”€â”€â”€â”€â”€â”€â”€â”€â”€â”€â”€â”€â”€â”€â”€â”€â”€â”€â”€â”€â”€â”€â”€â”€â”€â”€â”€â”€â”€â”€â”€â”€â”€â”€â”€â”€â”€â”€â”€â”€â”€â”€â”€â”€â”€â”€â”€â”€â”€â”€â”€â”€

    attachment #2: video (video/webm) â”€â”€â”€â”€â”€â”€â”€â”€â”€â”€â”€â”€â”€â”€â”€â”€â”€â”€â”€â”€â”€â”€â”€â”€â”€â”€â”€â”€â”€â”€â”€â”€â”€â”€â”€â”€â”€â”€â”€â”€â”€â”€â”€â”€â”€â”€â”€â”€â”€â”€â”€â”€â”€â”€â”€â”€â”€â”€â”€â”€â”€â”€
    ..\..\test-results\dashboard-ðŸ“Š-Dashboard-should-display-user-greeting-mobile\video.webm
    â”€â”€â”€â”€â”€â”€â”€â”€â”€â”€â”€â”€â”€â”€â”€â”€â”€â”€â”€â”€â”€â”€â”€â”€â”€â”€â”€â”€â”€â”€â”€â”€â”€â”€â”€â”€â”€â”€â”€â”€â”€â”€â”€â”€â”€â”€â”€â”€â”€â”€â”€â”€â”€â”€â”€â”€â”€â”€â”€â”€â”€â”€â”€â”€â”€â”€â”€â”€â”€â”€â”€â”€â”€â”€â”€â”€â”€â”€â”€â”€â”€â”€â”€â”€â”€â”€â”€â”€â”€â”€â”€â”€â”€â”€â”€â”€

    Error Context: ..\..\test-results\dashboard-ðŸ“Š-Dashboard-should-display-user-greeting-mobile\error-context.md
]]>
</failure>
<system-out>
<![CDATA[
[[ATTACHMENT|dashboard-ðŸ“Š-Dashboard-should-display-user-greeting-mobile\test-failed-1.png]]

[[ATTACHMENT|dashboard-ðŸ“Š-Dashboard-should-display-user-greeting-mobile\video.webm]]

[[ATTACHMENT|dashboard-ðŸ“Š-Dashboard-should-display-user-greeting-mobile\error-context.md]]
]]>
</system-out>
</testcase>
<testcase name="ðŸ“Š Dashboard â€º should show notifications badge" classname="dashboard.spec.ts" time="22.919">
</testcase>
</testsuite>
<testsuite name="navigation.spec.ts" timestamp="2025-08-23T20:20:14.003Z" hostname="mobile" tests="6" failures="6" skipped="0" time="165.764" errors="0">
<testcase name="ðŸ§­ Navigation â€º should display homepage correctly" classname="navigation.spec.ts" time="26.777">
<failure message="navigation.spec.ts:12:3 should display homepage correctly" type="FAILURE">
<![CDATA[  [mobile] â€º navigation.spec.ts:12:3 â€º ðŸ§­ Navigation â€º should display homepage correctly â”€â”€â”€â”€â”€â”€â”€â”€â”€â”€â”€

    Error: expect(locator).toContainText(expected) failed

    Locator: locator('h1')
    Expected string: "Loft AlgÃ©rie"
    Received: <element(s) not found>
    Timeout: 5000ms

    Call log:
      - Expect "toContainText" with timeout 5000ms
      - waiting for locator('h1')


      14 |     
      15 |     // Check main elements
    > 16 |     await expect(page.locator('h1')).toContainText('Loft AlgÃ©rie');
         |                                      ^
      17 |     await expect(page.locator('text=SystÃ¨me de gestion immobiliÃ¨re')).toBeVisible();
      18 |     
      19 |     // Check navigation cards
        at C:\Users\SERVICE-INFO\IA\loft-algerie\tests\e2e\navigation.spec.ts:16:38

    attachment #1: screenshot (image/png) â”€â”€â”€â”€â”€â”€â”€â”€â”€â”€â”€â”€â”€â”€â”€â”€â”€â”€â”€â”€â”€â”€â”€â”€â”€â”€â”€â”€â”€â”€â”€â”€â”€â”€â”€â”€â”€â”€â”€â”€â”€â”€â”€â”€â”€â”€â”€â”€â”€â”€â”€â”€â”€â”€â”€â”€â”€â”€
    ..\..\test-results\navigation-ðŸ§­-Navigation-should-display-homepage-correctly-mobile\test-failed-1.png
    â”€â”€â”€â”€â”€â”€â”€â”€â”€â”€â”€â”€â”€â”€â”€â”€â”€â”€â”€â”€â”€â”€â”€â”€â”€â”€â”€â”€â”€â”€â”€â”€â”€â”€â”€â”€â”€â”€â”€â”€â”€â”€â”€â”€â”€â”€â”€â”€â”€â”€â”€â”€â”€â”€â”€â”€â”€â”€â”€â”€â”€â”€â”€â”€â”€â”€â”€â”€â”€â”€â”€â”€â”€â”€â”€â”€â”€â”€â”€â”€â”€â”€â”€â”€â”€â”€â”€â”€â”€â”€â”€â”€â”€â”€â”€â”€

    attachment #2: video (video/webm) â”€â”€â”€â”€â”€â”€â”€â”€â”€â”€â”€â”€â”€â”€â”€â”€â”€â”€â”€â”€â”€â”€â”€â”€â”€â”€â”€â”€â”€â”€â”€â”€â”€â”€â”€â”€â”€â”€â”€â”€â”€â”€â”€â”€â”€â”€â”€â”€â”€â”€â”€â”€â”€â”€â”€â”€â”€â”€â”€â”€â”€â”€
    ..\..\test-results\navigation-ðŸ§­-Navigation-should-display-homepage-correctly-mobile\video.webm
    â”€â”€â”€â”€â”€â”€â”€â”€â”€â”€â”€â”€â”€â”€â”€â”€â”€â”€â”€â”€â”€â”€â”€â”€â”€â”€â”€â”€â”€â”€â”€â”€â”€â”€â”€â”€â”€â”€â”€â”€â”€â”€â”€â”€â”€â”€â”€â”€â”€â”€â”€â”€â”€â”€â”€â”€â”€â”€â”€â”€â”€â”€â”€â”€â”€â”€â”€â”€â”€â”€â”€â”€â”€â”€â”€â”€â”€â”€â”€â”€â”€â”€â”€â”€â”€â”€â”€â”€â”€â”€â”€â”€â”€â”€â”€â”€

    Error Context: ..\..\test-results\navigation-ðŸ§­-Navigation-should-display-homepage-correctly-mobile\error-context.md
]]>
</failure>
<system-out>
<![CDATA[
[[ATTACHMENT|navigation-ðŸ§­-Navigation-should-display-homepage-correctly-mobile\test-failed-1.png]]

[[ATTACHMENT|navigation-ðŸ§­-Navigation-should-display-homepage-correctly-mobile\video.webm]]

[[ATTACHMENT|navigation-ðŸ§­-Navigation-should-display-homepage-correctly-mobile\error-context.md]]
]]>
</system-out>
</testcase>
<testcase name="ðŸ§­ Navigation â€º should navigate to different sections from homepage" classname="navigation.spec.ts" time="31.683">
<failure message="navigation.spec.ts:26:3 should navigate to different sections from homepage" type="FAILURE">
<![CDATA[  [mobile] â€º navigation.spec.ts:26:3 â€º ðŸ§­ Navigation â€º should navigate to different sections from homepage 

    Test timeout of 30000ms exceeded.

    Error: page.click: Test timeout of 30000ms exceeded.
    Call log:
      - waiting for locator('text=Voir les Lofts')


      28 |     
      29 |     // Test navigation to lofts
    > 30 |     await page.click('text=Voir les Lofts');
         |                ^
      31 |     await expect(page).toHaveURL(/.*\/lofts/);
      32 |     
      33 |     // Go back to homepage
        at C:\Users\SERVICE-INFO\IA\loft-algerie\tests\e2e\navigation.spec.ts:30:16

    attachment #1: screenshot (image/png) â”€â”€â”€â”€â”€â”€â”€â”€â”€â”€â”€â”€â”€â”€â”€â”€â”€â”€â”€â”€â”€â”€â”€â”€â”€â”€â”€â”€â”€â”€â”€â”€â”€â”€â”€â”€â”€â”€â”€â”€â”€â”€â”€â”€â”€â”€â”€â”€â”€â”€â”€â”€â”€â”€â”€â”€â”€â”€
    ..\..\test-results\navigation-ðŸ§­-Navigation-s-d22cd-rent-sections-from-homepage-mobile\test-failed-1.png
    â”€â”€â”€â”€â”€â”€â”€â”€â”€â”€â”€â”€â”€â”€â”€â”€â”€â”€â”€â”€â”€â”€â”€â”€â”€â”€â”€â”€â”€â”€â”€â”€â”€â”€â”€â”€â”€â”€â”€â”€â”€â”€â”€â”€â”€â”€â”€â”€â”€â”€â”€â”€â”€â”€â”€â”€â”€â”€â”€â”€â”€â”€â”€â”€â”€â”€â”€â”€â”€â”€â”€â”€â”€â”€â”€â”€â”€â”€â”€â”€â”€â”€â”€â”€â”€â”€â”€â”€â”€â”€â”€â”€â”€â”€â”€â”€

    attachment #2: video (video/webm) â”€â”€â”€â”€â”€â”€â”€â”€â”€â”€â”€â”€â”€â”€â”€â”€â”€â”€â”€â”€â”€â”€â”€â”€â”€â”€â”€â”€â”€â”€â”€â”€â”€â”€â”€â”€â”€â”€â”€â”€â”€â”€â”€â”€â”€â”€â”€â”€â”€â”€â”€â”€â”€â”€â”€â”€â”€â”€â”€â”€â”€â”€
    ..\..\test-results\navigation-ðŸ§­-Navigation-s-d22cd-rent-sections-from-homepage-mobile\video.webm
    â”€â”€â”€â”€â”€â”€â”€â”€â”€â”€â”€â”€â”€â”€â”€â”€â”€â”€â”€â”€â”€â”€â”€â”€â”€â”€â”€â”€â”€â”€â”€â”€â”€â”€â”€â”€â”€â”€â”€â”€â”€â”€â”€â”€â”€â”€â”€â”€â”€â”€â”€â”€â”€â”€â”€â”€â”€â”€â”€â”€â”€â”€â”€â”€â”€â”€â”€â”€â”€â”€â”€â”€â”€â”€â”€â”€â”€â”€â”€â”€â”€â”€â”€â”€â”€â”€â”€â”€â”€â”€â”€â”€â”€â”€â”€â”€

    Error Context: ..\..\test-results\navigation-ðŸ§­-Navigation-s-d22cd-rent-sections-from-homepage-mobile\error-context.md
]]>
</failure>
<system-out>
<![CDATA[
[[ATTACHMENT|navigation-ðŸ§­-Navigation-s-d22cd-rent-sections-from-homepage-mobile\test-failed-1.png]]

[[ATTACHMENT|navigation-ðŸ§­-Navigation-s-d22cd-rent-sections-from-homepage-mobile\video.webm]]

[[ATTACHMENT|navigation-ðŸ§­-Navigation-s-d22cd-rent-sections-from-homepage-mobile\error-context.md]]
]]>
</system-out>
</testcase>
<testcase name="ðŸ§­ Navigation â€º should display responsive navigation" classname="navigation.spec.ts" time="26.042">
<failure message="navigation.spec.ts:48:3 should display responsive navigation" type="FAILURE">
<![CDATA[  [mobile] â€º navigation.spec.ts:48:3 â€º ðŸ§­ Navigation â€º should display responsive navigation â”€â”€â”€â”€â”€â”€â”€â”€

    Error: expect(locator).toBeVisible() failed

    Locator:  locator('[data-testid="sidebar"]')
    Expected: visible
    Received: <element(s) not found>
    Timeout:  5000ms

    Call log:
      - Expect "toBeVisible" with timeout 5000ms
      - waiting for locator('[data-testid="sidebar"]')


      52 |     
      53 |     // Should show sidebar on desktop
    > 54 |     await expect(page.locator('[data-testid="sidebar"]')).toBeVisible();
         |                                                           ^
      55 |     
      56 |     // Test mobile navigation
      57 |     await page.setViewportSize({ width: 375, height: 667 });
        at C:\Users\SERVICE-INFO\IA\loft-algerie\tests\e2e\navigation.spec.ts:54:59

    attachment #1: screenshot (image/png) â”€â”€â”€â”€â”€â”€â”€â”€â”€â”€â”€â”€â”€â”€â”€â”€â”€â”€â”€â”€â”€â”€â”€â”€â”€â”€â”€â”€â”€â”€â”€â”€â”€â”€â”€â”€â”€â”€â”€â”€â”€â”€â”€â”€â”€â”€â”€â”€â”€â”€â”€â”€â”€â”€â”€â”€â”€â”€
    ..\..\test-results\navigation-ðŸ§­-Navigation-s-63103-splay-responsive-navigation-mobile\test-failed-1.png
    â”€â”€â”€â”€â”€â”€â”€â”€â”€â”€â”€â”€â”€â”€â”€â”€â”€â”€â”€â”€â”€â”€â”€â”€â”€â”€â”€â”€â”€â”€â”€â”€â”€â”€â”€â”€â”€â”€â”€â”€â”€â”€â”€â”€â”€â”€â”€â”€â”€â”€â”€â”€â”€â”€â”€â”€â”€â”€â”€â”€â”€â”€â”€â”€â”€â”€â”€â”€â”€â”€â”€â”€â”€â”€â”€â”€â”€â”€â”€â”€â”€â”€â”€â”€â”€â”€â”€â”€â”€â”€â”€â”€â”€â”€â”€â”€

    attachment #2: video (video/webm) â”€â”€â”€â”€â”€â”€â”€â”€â”€â”€â”€â”€â”€â”€â”€â”€â”€â”€â”€â”€â”€â”€â”€â”€â”€â”€â”€â”€â”€â”€â”€â”€â”€â”€â”€â”€â”€â”€â”€â”€â”€â”€â”€â”€â”€â”€â”€â”€â”€â”€â”€â”€â”€â”€â”€â”€â”€â”€â”€â”€â”€â”€
    ..\..\test-results\navigation-ðŸ§­-Navigation-s-63103-splay-responsive-navigation-mobile\video.webm
    â”€â”€â”€â”€â”€â”€â”€â”€â”€â”€â”€â”€â”€â”€â”€â”€â”€â”€â”€â”€â”€â”€â”€â”€â”€â”€â”€â”€â”€â”€â”€â”€â”€â”€â”€â”€â”€â”€â”€â”€â”€â”€â”€â”€â”€â”€â”€â”€â”€â”€â”€â”€â”€â”€â”€â”€â”€â”€â”€â”€â”€â”€â”€â”€â”€â”€â”€â”€â”€â”€â”€â”€â”€â”€â”€â”€â”€â”€â”€â”€â”€â”€â”€â”€â”€â”€â”€â”€â”€â”€â”€â”€â”€â”€â”€â”€

    Error Context: ..\..\test-results\navigation-ðŸ§­-Navigation-s-63103-splay-responsive-navigation-mobile\error-context.md
]]>
</failure>
<system-out>
<![CDATA[
[[ATTACHMENT|navigation-ðŸ§­-Navigation-s-63103-splay-responsive-navigation-mobile\test-failed-1.png]]

[[ATTACHMENT|navigation-ðŸ§­-Navigation-s-63103-splay-responsive-navigation-mobile\video.webm]]

[[ATTACHMENT|navigation-ðŸ§­-Navigation-s-63103-splay-responsive-navigation-mobile\error-context.md]]
]]>
</system-out>
</testcase>
<testcase name="ðŸ§­ Navigation â€º should open mobile menu" classname="navigation.spec.ts" time="31.113">
<failure message="navigation.spec.ts:67:3 should open mobile menu" type="FAILURE">
<![CDATA[  [mobile] â€º navigation.spec.ts:67:3 â€º ðŸ§­ Navigation â€º should open mobile menu â”€â”€â”€â”€â”€â”€â”€â”€â”€â”€â”€â”€â”€â”€â”€â”€â”€â”€â”€â”€â”€

    Test timeout of 30000ms exceeded.

    Error: page.click: Test timeout of 30000ms exceeded.
    Call log:
      - waiting for locator('[data-testid="menu-button"]')


      70 |     
      71 |     // Click menu button
    > 72 |     await page.click('[data-testid="menu-button"]');
         |                ^
      73 |     
      74 |     // Should show mobile navigation
      75 |     await expect(page.locator('[data-testid="mobile-nav"]')).toBeVisible();
        at C:\Users\SERVICE-INFO\IA\loft-algerie\tests\e2e\navigation.spec.ts:72:16

    attachment #1: screenshot (image/png) â”€â”€â”€â”€â”€â”€â”€â”€â”€â”€â”€â”€â”€â”€â”€â”€â”€â”€â”€â”€â”€â”€â”€â”€â”€â”€â”€â”€â”€â”€â”€â”€â”€â”€â”€â”€â”€â”€â”€â”€â”€â”€â”€â”€â”€â”€â”€â”€â”€â”€â”€â”€â”€â”€â”€â”€â”€â”€
    ..\..\test-results\navigation-ðŸ§­-Navigation-should-open-mobile-menu-mobile\test-failed-1.png
    â”€â”€â”€â”€â”€â”€â”€â”€â”€â”€â”€â”€â”€â”€â”€â”€â”€â”€â”€â”€â”€â”€â”€â”€â”€â”€â”€â”€â”€â”€â”€â”€â”€â”€â”€â”€â”€â”€â”€â”€â”€â”€â”€â”€â”€â”€â”€â”€â”€â”€â”€â”€â”€â”€â”€â”€â”€â”€â”€â”€â”€â”€â”€â”€â”€â”€â”€â”€â”€â”€â”€â”€â”€â”€â”€â”€â”€â”€â”€â”€â”€â”€â”€â”€â”€â”€â”€â”€â”€â”€â”€â”€â”€â”€â”€â”€

    attachment #2: video (video/webm) â”€â”€â”€â”€â”€â”€â”€â”€â”€â”€â”€â”€â”€â”€â”€â”€â”€â”€â”€â”€â”€â”€â”€â”€â”€â”€â”€â”€â”€â”€â”€â”€â”€â”€â”€â”€â”€â”€â”€â”€â”€â”€â”€â”€â”€â”€â”€â”€â”€â”€â”€â”€â”€â”€â”€â”€â”€â”€â”€â”€â”€â”€
    ..\..\test-results\navigation-ðŸ§­-Navigation-should-open-mobile-menu-mobile\video.webm
    â”€â”€â”€â”€â”€â”€â”€â”€â”€â”€â”€â”€â”€â”€â”€â”€â”€â”€â”€â”€â”€â”€â”€â”€â”€â”€â”€â”€â”€â”€â”€â”€â”€â”€â”€â”€â”€â”€â”€â”€â”€â”€â”€â”€â”€â”€â”€â”€â”€â”€â”€â”€â”€â”€â”€â”€â”€â”€â”€â”€â”€â”€â”€â”€â”€â”€â”€â”€â”€â”€â”€â”€â”€â”€â”€â”€â”€â”€â”€â”€â”€â”€â”€â”€â”€â”€â”€â”€â”€â”€â”€â”€â”€â”€â”€â”€

    Error Context: ..\..\test-results\navigation-ðŸ§­-Navigation-should-open-mobile-menu-mobile\error-context.md
]]>
</failure>
<system-out>
<![CDATA[
[[ATTACHMENT|navigation-ðŸ§­-Navigation-should-open-mobile-menu-mobile\test-failed-1.png]]

[[ATTACHMENT|navigation-ðŸ§­-Navigation-should-open-mobile-menu-mobile\video.webm]]

[[ATTACHMENT|navigation-ðŸ§­-Navigation-should-open-mobile-menu-mobile\error-context.md]]
]]>
</system-out>
</testcase>
<testcase name="ðŸ§­ Navigation â€º should display language selector" classname="navigation.spec.ts" time="19.854">
<failure message="navigation.spec.ts:78:3 should display language selector" type="FAILURE">
<![CDATA[  [mobile] â€º navigation.spec.ts:78:3 â€º ðŸ§­ Navigation â€º should display language selector â”€â”€â”€â”€â”€â”€â”€â”€â”€â”€â”€â”€

    Error: expect(locator).toBeVisible() failed

    Locator:  locator('[data-testid="language-selector"]')
    Expected: visible
    Received: <element(s) not found>
    Timeout:  5000ms

    Call log:
      - Expect "toBeVisible" with timeout 5000ms
      - waiting for locator('[data-testid="language-selector"]')


      80 |     
      81 |     // Should show language selector
    > 82 |     await expect(page.locator('[data-testid="language-selector"]')).toBeVisible();
         |                                                                     ^
      83 |     
      84 |     // Click language selector
      85 |     await page.click('[data-testid="language-selector"]');
        at C:\Users\SERVICE-INFO\IA\loft-algerie\tests\e2e\navigation.spec.ts:82:69

    attachment #1: screenshot (image/png) â”€â”€â”€â”€â”€â”€â”€â”€â”€â”€â”€â”€â”€â”€â”€â”€â”€â”€â”€â”€â”€â”€â”€â”€â”€â”€â”€â”€â”€â”€â”€â”€â”€â”€â”€â”€â”€â”€â”€â”€â”€â”€â”€â”€â”€â”€â”€â”€â”€â”€â”€â”€â”€â”€â”€â”€â”€â”€
    ..\..\test-results\navigation-ðŸ§­-Navigation-should-display-language-selector-mobile\test-failed-1.png
    â”€â”€â”€â”€â”€â”€â”€â”€â”€â”€â”€â”€â”€â”€â”€â”€â”€â”€â”€â”€â”€â”€â”€â”€â”€â”€â”€â”€â”€â”€â”€â”€â”€â”€â”€â”€â”€â”€â”€â”€â”€â”€â”€â”€â”€â”€â”€â”€â”€â”€â”€â”€â”€â”€â”€â”€â”€â”€â”€â”€â”€â”€â”€â”€â”€â”€â”€â”€â”€â”€â”€â”€â”€â”€â”€â”€â”€â”€â”€â”€â”€â”€â”€â”€â”€â”€â”€â”€â”€â”€â”€â”€â”€â”€â”€â”€

    attachment #2: video (video/webm) â”€â”€â”€â”€â”€â”€â”€â”€â”€â”€â”€â”€â”€â”€â”€â”€â”€â”€â”€â”€â”€â”€â”€â”€â”€â”€â”€â”€â”€â”€â”€â”€â”€â”€â”€â”€â”€â”€â”€â”€â”€â”€â”€â”€â”€â”€â”€â”€â”€â”€â”€â”€â”€â”€â”€â”€â”€â”€â”€â”€â”€â”€
    ..\..\test-results\navigation-ðŸ§­-Navigation-should-display-language-selector-mobile\video.webm
    â”€â”€â”€â”€â”€â”€â”€â”€â”€â”€â”€â”€â”€â”€â”€â”€â”€â”€â”€â”€â”€â”€â”€â”€â”€â”€â”€â”€â”€â”€â”€â”€â”€â”€â”€â”€â”€â”€â”€â”€â”€â”€â”€â”€â”€â”€â”€â”€â”€â”€â”€â”€â”€â”€â”€â”€â”€â”€â”€â”€â”€â”€â”€â”€â”€â”€â”€â”€â”€â”€â”€â”€â”€â”€â”€â”€â”€â”€â”€â”€â”€â”€â”€â”€â”€â”€â”€â”€â”€â”€â”€â”€â”€â”€â”€â”€

    Error Context: ..\..\test-results\navigation-ðŸ§­-Navigation-should-display-language-selector-mobile\error-context.md
]]>
</failure>
<system-out>
<![CDATA[
[[ATTACHMENT|navigation-ðŸ§­-Navigation-should-display-language-selector-mobile\test-failed-1.png]]

[[ATTACHMENT|navigation-ðŸ§­-Navigation-should-display-language-selector-mobile\video.webm]]

[[ATTACHMENT|navigation-ðŸ§­-Navigation-should-display-language-selector-mobile\error-context.md]]
]]>
</system-out>
</testcase>
<testcase name="ðŸ§­ Navigation â€º should change language" classname="navigation.spec.ts" time="30.295">
<failure message="navigation.spec.ts:93:3 should change language" type="FAILURE">
<![CDATA[  [mobile] â€º navigation.spec.ts:93:3 â€º ðŸ§­ Navigation â€º should change language â”€â”€â”€â”€â”€â”€â”€â”€â”€â”€â”€â”€â”€â”€â”€â”€â”€â”€â”€â”€â”€â”€

    Test timeout of 30000ms exceeded.

    Error: page.click: Test timeout of 30000ms exceeded.
    Call log:
      - waiting for locator('[data-testid="language-selector"]')


       95 |     
       96 |     // Click language selector
    >  97 |     await page.click('[data-testid="language-selector"]');
          |                ^
       98 |     
       99 |     // Select English
      100 |     await page.click('text=English');
        at C:\Users\SERVICE-INFO\IA\loft-algerie\tests\e2e\navigation.spec.ts:97:16

    attachment #1: screenshot (image/png) â”€â”€â”€â”€â”€â”€â”€â”€â”€â”€â”€â”€â”€â”€â”€â”€â”€â”€â”€â”€â”€â”€â”€â”€â”€â”€â”€â”€â”€â”€â”€â”€â”€â”€â”€â”€â”€â”€â”€â”€â”€â”€â”€â”€â”€â”€â”€â”€â”€â”€â”€â”€â”€â”€â”€â”€â”€â”€
    ..\..\test-results\navigation-ðŸ§­-Navigation-should-change-language-mobile\test-failed-1.png
    â”€â”€â”€â”€â”€â”€â”€â”€â”€â”€â”€â”€â”€â”€â”€â”€â”€â”€â”€â”€â”€â”€â”€â”€â”€â”€â”€â”€â”€â”€â”€â”€â”€â”€â”€â”€â”€â”€â”€â”€â”€â”€â”€â”€â”€â”€â”€â”€â”€â”€â”€â”€â”€â”€â”€â”€â”€â”€â”€â”€â”€â”€â”€â”€â”€â”€â”€â”€â”€â”€â”€â”€â”€â”€â”€â”€â”€â”€â”€â”€â”€â”€â”€â”€â”€â”€â”€â”€â”€â”€â”€â”€â”€â”€â”€â”€

    attachment #2: video (video/webm) â”€â”€â”€â”€â”€â”€â”€â”€â”€â”€â”€â”€â”€â”€â”€â”€â”€â”€â”€â”€â”€â”€â”€â”€â”€â”€â”€â”€â”€â”€â”€â”€â”€â”€â”€â”€â”€â”€â”€â”€â”€â”€â”€â”€â”€â”€â”€â”€â”€â”€â”€â”€â”€â”€â”€â”€â”€â”€â”€â”€â”€â”€
    ..\..\test-results\navigation-ðŸ§­-Navigation-should-change-language-mobile\video.webm
    â”€â”€â”€â”€â”€â”€â”€â”€â”€â”€â”€â”€â”€â”€â”€â”€â”€â”€â”€â”€â”€â”€â”€â”€â”€â”€â”€â”€â”€â”€â”€â”€â”€â”€â”€â”€â”€â”€â”€â”€â”€â”€â”€â”€â”€â”€â”€â”€â”€â”€â”€â”€â”€â”€â”€â”€â”€â”€â”€â”€â”€â”€â”€â”€â”€â”€â”€â”€â”€â”€â”€â”€â”€â”€â”€â”€â”€â”€â”€â”€â”€â”€â”€â”€â”€â”€â”€â”€â”€â”€â”€â”€â”€â”€â”€â”€

    Error Context: ..\..\test-results\navigation-ðŸ§­-Navigation-should-change-language-mobile\error-context.md
]]>
</failure>
<system-out>
<![CDATA[
[[ATTACHMENT|navigation-ðŸ§­-Navigation-should-change-language-mobile\test-failed-1.png]]

[[ATTACHMENT|navigation-ðŸ§­-Navigation-should-change-language-mobile\video.webm]]

[[ATTACHMENT|navigation-ðŸ§­-Navigation-should-change-language-mobile\error-context.md]]
]]>
</system-out>
</testcase>
</testsuite>
<testsuite name="auth.spec.ts" timestamp="2025-08-23T20:20:14.003Z" hostname="mobile-safari" tests="6" failures="4" skipped="0" time="145.644" errors="0">
<testcase name="ðŸ” Authentication â€º should redirect to login when not authenticated" classname="auth.spec.ts" time="16.571">
</testcase>
<testcase name="ðŸ” Authentication â€º should display login form" classname="auth.spec.ts" time="24.396">
<failure message="auth.spec.ts:13:3 should display login form" type="FAILURE">
<![CDATA[  [mobile-safari] â€º auth.spec.ts:13:3 â€º ðŸ” Authentication â€º should display login form â”€â”€â”€â”€â”€â”€â”€â”€â”€â”€â”€â”€â”€â”€

    Error: expect(locator).toBeVisible() failed

    Locator:  locator('input[type="email"]')
    Expected: visible
    Received: <element(s) not found>
    Timeout:  5000ms

    Call log:
      - Expect "toBeVisible" with timeout 5000ms
      - waiting for locator('input[type="email"]')


      15 |     
      16 |     // Check login form elements
    > 17 |     await expect(page.locator('input[type="email"]')).toBeVisible();
         |                                                       ^
      18 |     await expect(page.locator('input[type="password"]')).toBeVisible();
      19 |     await expect(page.locator('button[type="submit"]')).toBeVisible();
      20 |   });
        at C:\Users\SERVICE-INFO\IA\loft-algerie\tests\e2e\auth.spec.ts:17:55

    attachment #1: screenshot (image/png) â”€â”€â”€â”€â”€â”€â”€â”€â”€â”€â”€â”€â”€â”€â”€â”€â”€â”€â”€â”€â”€â”€â”€â”€â”€â”€â”€â”€â”€â”€â”€â”€â”€â”€â”€â”€â”€â”€â”€â”€â”€â”€â”€â”€â”€â”€â”€â”€â”€â”€â”€â”€â”€â”€â”€â”€â”€â”€
    ..\..\test-results\auth-ðŸ”-Authentication-should-display-login-form-mobile-safari\test-failed-1.png
    â”€â”€â”€â”€â”€â”€â”€â”€â”€â”€â”€â”€â”€â”€â”€â”€â”€â”€â”€â”€â”€â”€â”€â”€â”€â”€â”€â”€â”€â”€â”€â”€â”€â”€â”€â”€â”€â”€â”€â”€â”€â”€â”€â”€â”€â”€â”€â”€â”€â”€â”€â”€â”€â”€â”€â”€â”€â”€â”€â”€â”€â”€â”€â”€â”€â”€â”€â”€â”€â”€â”€â”€â”€â”€â”€â”€â”€â”€â”€â”€â”€â”€â”€â”€â”€â”€â”€â”€â”€â”€â”€â”€â”€â”€â”€â”€

    attachment #2: video (video/webm) â”€â”€â”€â”€â”€â”€â”€â”€â”€â”€â”€â”€â”€â”€â”€â”€â”€â”€â”€â”€â”€â”€â”€â”€â”€â”€â”€â”€â”€â”€â”€â”€â”€â”€â”€â”€â”€â”€â”€â”€â”€â”€â”€â”€â”€â”€â”€â”€â”€â”€â”€â”€â”€â”€â”€â”€â”€â”€â”€â”€â”€â”€
    ..\..\test-results\auth-ðŸ”-Authentication-should-display-login-form-mobile-safari\video.webm
    â”€â”€â”€â”€â”€â”€â”€â”€â”€â”€â”€â”€â”€â”€â”€â”€â”€â”€â”€â”€â”€â”€â”€â”€â”€â”€â”€â”€â”€â”€â”€â”€â”€â”€â”€â”€â”€â”€â”€â”€â”€â”€â”€â”€â”€â”€â”€â”€â”€â”€â”€â”€â”€â”€â”€â”€â”€â”€â”€â”€â”€â”€â”€â”€â”€â”€â”€â”€â”€â”€â”€â”€â”€â”€â”€â”€â”€â”€â”€â”€â”€â”€â”€â”€â”€â”€â”€â”€â”€â”€â”€â”€â”€â”€â”€â”€

    Error Context: ..\..\test-results\auth-ðŸ”-Authentication-should-display-login-form-mobile-safari\error-context.md
]]>
</failure>
<system-out>
<![CDATA[
[[ATTACHMENT|auth-ðŸ”-Authentication-should-display-login-form-mobile-safari\test-failed-1.png]]

[[ATTACHMENT|auth-ðŸ”-Authentication-should-display-login-form-mobile-safari\video.webm]]

[[ATTACHMENT|auth-ðŸ”-Authentication-should-display-login-form-mobile-safari\error-context.md]]
]]>
</system-out>
</testcase>
<testcase name="ðŸ” Authentication â€º should show validation errors for empty form" classname="auth.spec.ts" time="30.544">
<failure message="auth.spec.ts:22:3 should show validation errors for empty form" type="FAILURE">
<![CDATA[  [mobile-safari] â€º auth.spec.ts:22:3 â€º ðŸ” Authentication â€º should show validation errors for empty form 

    Test timeout of 30000ms exceeded.

    Error: page.click: Test timeout of 30000ms exceeded.
    Call log:
      - waiting for locator('button[type="submit"]')


      24 |     
      25 |     // Try to submit empty form
    > 26 |     await page.click('button[type="submit"]');
         |                ^
      27 |     
      28 |     // Should show validation errors
      29 |     await expect(page.locator('text=Email is required')).toBeVisible();
        at C:\Users\SERVICE-INFO\IA\loft-algerie\tests\e2e\auth.spec.ts:26:16

    attachment #1: screenshot (image/png) â”€â”€â”€â”€â”€â”€â”€â”€â”€â”€â”€â”€â”€â”€â”€â”€â”€â”€â”€â”€â”€â”€â”€â”€â”€â”€â”€â”€â”€â”€â”€â”€â”€â”€â”€â”€â”€â”€â”€â”€â”€â”€â”€â”€â”€â”€â”€â”€â”€â”€â”€â”€â”€â”€â”€â”€â”€â”€
    ..\..\test-results\auth-ðŸ”-Authentication-sho-28a5c-ation-errors-for-empty-form-mobile-safari\test-failed-1.png
    â”€â”€â”€â”€â”€â”€â”€â”€â”€â”€â”€â”€â”€â”€â”€â”€â”€â”€â”€â”€â”€â”€â”€â”€â”€â”€â”€â”€â”€â”€â”€â”€â”€â”€â”€â”€â”€â”€â”€â”€â”€â”€â”€â”€â”€â”€â”€â”€â”€â”€â”€â”€â”€â”€â”€â”€â”€â”€â”€â”€â”€â”€â”€â”€â”€â”€â”€â”€â”€â”€â”€â”€â”€â”€â”€â”€â”€â”€â”€â”€â”€â”€â”€â”€â”€â”€â”€â”€â”€â”€â”€â”€â”€â”€â”€â”€

    attachment #2: video (video/webm) â”€â”€â”€â”€â”€â”€â”€â”€â”€â”€â”€â”€â”€â”€â”€â”€â”€â”€â”€â”€â”€â”€â”€â”€â”€â”€â”€â”€â”€â”€â”€â”€â”€â”€â”€â”€â”€â”€â”€â”€â”€â”€â”€â”€â”€â”€â”€â”€â”€â”€â”€â”€â”€â”€â”€â”€â”€â”€â”€â”€â”€â”€
    ..\..\test-results\auth-ðŸ”-Authentication-sho-28a5c-ation-errors-for-empty-form-mobile-safari\video.webm
    â”€â”€â”€â”€â”€â”€â”€â”€â”€â”€â”€â”€â”€â”€â”€â”€â”€â”€â”€â”€â”€â”€â”€â”€â”€â”€â”€â”€â”€â”€â”€â”€â”€â”€â”€â”€â”€â”€â”€â”€â”€â”€â”€â”€â”€â”€â”€â”€â”€â”€â”€â”€â”€â”€â”€â”€â”€â”€â”€â”€â”€â”€â”€â”€â”€â”€â”€â”€â”€â”€â”€â”€â”€â”€â”€â”€â”€â”€â”€â”€â”€â”€â”€â”€â”€â”€â”€â”€â”€â”€â”€â”€â”€â”€â”€â”€

    Error Context: ..\..\test-results\auth-ðŸ”-Authentication-sho-28a5c-ation-errors-for-empty-form-mobile-safari\error-context.md
]]>
</failure>
<system-out>
<![CDATA[
[[ATTACHMENT|auth-ðŸ”-Authentication-sho-28a5c-ation-errors-for-empty-form-mobile-safari\test-failed-1.png]]

[[ATTACHMENT|auth-ðŸ”-Authentication-sho-28a5c-ation-errors-for-empty-form-mobile-safari\video.webm]]

[[ATTACHMENT|auth-ðŸ”-Authentication-sho-28a5c-ation-errors-for-empty-form-mobile-safari\error-context.md]]
]]>
</system-out>
</testcase>
<testcase name="ðŸ” Authentication â€º should show error for invalid credentials" classname="auth.spec.ts" time="30.202">
<failure message="auth.spec.ts:33:3 should show error for invalid credentials" type="FAILURE">
<![CDATA[  [mobile-safari] â€º auth.spec.ts:33:3 â€º ðŸ” Authentication â€º should show error for invalid credentials 

    Test timeout of 30000ms exceeded.

    Error: page.fill: Test timeout of 30000ms exceeded.
    Call log:
      - waiting for locator('input[type="email"]')


      35 |     
      36 |     // Fill invalid credentials
    > 37 |     await page.fill('input[type="email"]', 'invalid@example.com');
         |                ^
      38 |     await page.fill('input[type="password"]', 'wrongpassword');
      39 |     await page.click('button[type="submit"]');
      40 |     
        at C:\Users\SERVICE-INFO\IA\loft-algerie\tests\e2e\auth.spec.ts:37:16

    attachment #1: screenshot (image/png) â”€â”€â”€â”€â”€â”€â”€â”€â”€â”€â”€â”€â”€â”€â”€â”€â”€â”€â”€â”€â”€â”€â”€â”€â”€â”€â”€â”€â”€â”€â”€â”€â”€â”€â”€â”€â”€â”€â”€â”€â”€â”€â”€â”€â”€â”€â”€â”€â”€â”€â”€â”€â”€â”€â”€â”€â”€â”€
    ..\..\test-results\auth-ðŸ”-Authentication-sho-49446-ror-for-invalid-credentials-mobile-safari\test-failed-1.png
    â”€â”€â”€â”€â”€â”€â”€â”€â”€â”€â”€â”€â”€â”€â”€â”€â”€â”€â”€â”€â”€â”€â”€â”€â”€â”€â”€â”€â”€â”€â”€â”€â”€â”€â”€â”€â”€â”€â”€â”€â”€â”€â”€â”€â”€â”€â”€â”€â”€â”€â”€â”€â”€â”€â”€â”€â”€â”€â”€â”€â”€â”€â”€â”€â”€â”€â”€â”€â”€â”€â”€â”€â”€â”€â”€â”€â”€â”€â”€â”€â”€â”€â”€â”€â”€â”€â”€â”€â”€â”€â”€â”€â”€â”€â”€â”€

    attachment #2: video (video/webm) â”€â”€â”€â”€â”€â”€â”€â”€â”€â”€â”€â”€â”€â”€â”€â”€â”€â”€â”€â”€â”€â”€â”€â”€â”€â”€â”€â”€â”€â”€â”€â”€â”€â”€â”€â”€â”€â”€â”€â”€â”€â”€â”€â”€â”€â”€â”€â”€â”€â”€â”€â”€â”€â”€â”€â”€â”€â”€â”€â”€â”€â”€
    ..\..\test-results\auth-ðŸ”-Authentication-sho-49446-ror-for-invalid-credentials-mobile-safari\video.webm
    â”€â”€â”€â”€â”€â”€â”€â”€â”€â”€â”€â”€â”€â”€â”€â”€â”€â”€â”€â”€â”€â”€â”€â”€â”€â”€â”€â”€â”€â”€â”€â”€â”€â”€â”€â”€â”€â”€â”€â”€â”€â”€â”€â”€â”€â”€â”€â”€â”€â”€â”€â”€â”€â”€â”€â”€â”€â”€â”€â”€â”€â”€â”€â”€â”€â”€â”€â”€â”€â”€â”€â”€â”€â”€â”€â”€â”€â”€â”€â”€â”€â”€â”€â”€â”€â”€â”€â”€â”€â”€â”€â”€â”€â”€â”€â”€

    Error Context: ..\..\test-results\auth-ðŸ”-Authentication-sho-49446-ror-for-invalid-credentials-mobile-safari\error-context.md
]]>
</failure>
<system-out>
<![CDATA[
[[ATTACHMENT|auth-ðŸ”-Authentication-sho-49446-ror-for-invalid-credentials-mobile-safari\test-failed-1.png]]

[[ATTACHMENT|auth-ðŸ”-Authentication-sho-49446-ror-for-invalid-credentials-mobile-safari\video.webm]]

[[ATTACHMENT|auth-ðŸ”-Authentication-sho-49446-ror-for-invalid-credentials-mobile-safari\error-context.md]]
]]>
</system-out>
</testcase>
<testcase name="ðŸ” Authentication â€º should navigate to register page" classname="auth.spec.ts" time="31.083">
<failure message="auth.spec.ts:45:3 should navigate to register page" type="FAILURE">
<![CDATA[  [mobile-safari] â€º auth.spec.ts:45:3 â€º ðŸ” Authentication â€º should navigate to register page â”€â”€â”€â”€â”€â”€â”€

    Test timeout of 30000ms exceeded.

    Error: page.click: Test timeout of 30000ms exceeded.
    Call log:
      - waiting for locator('text=Create an account')


      47 |     
      48 |     // Click register link
    > 49 |     await page.click('text=Create an account');
         |                ^
      50 |     await expect(page).toHaveURL(/.*\/register/);
      51 |   });
      52 |
        at C:\Users\SERVICE-INFO\IA\loft-algerie\tests\e2e\auth.spec.ts:49:16

    attachment #1: screenshot (image/png) â”€â”€â”€â”€â”€â”€â”€â”€â”€â”€â”€â”€â”€â”€â”€â”€â”€â”€â”€â”€â”€â”€â”€â”€â”€â”€â”€â”€â”€â”€â”€â”€â”€â”€â”€â”€â”€â”€â”€â”€â”€â”€â”€â”€â”€â”€â”€â”€â”€â”€â”€â”€â”€â”€â”€â”€â”€â”€
    ..\..\test-results\auth-ðŸ”-Authentication-should-navigate-to-register-page-mobile-safari\test-failed-1.png
    â”€â”€â”€â”€â”€â”€â”€â”€â”€â”€â”€â”€â”€â”€â”€â”€â”€â”€â”€â”€â”€â”€â”€â”€â”€â”€â”€â”€â”€â”€â”€â”€â”€â”€â”€â”€â”€â”€â”€â”€â”€â”€â”€â”€â”€â”€â”€â”€â”€â”€â”€â”€â”€â”€â”€â”€â”€â”€â”€â”€â”€â”€â”€â”€â”€â”€â”€â”€â”€â”€â”€â”€â”€â”€â”€â”€â”€â”€â”€â”€â”€â”€â”€â”€â”€â”€â”€â”€â”€â”€â”€â”€â”€â”€â”€â”€

    attachment #2: video (video/webm) â”€â”€â”€â”€â”€â”€â”€â”€â”€â”€â”€â”€â”€â”€â”€â”€â”€â”€â”€â”€â”€â”€â”€â”€â”€â”€â”€â”€â”€â”€â”€â”€â”€â”€â”€â”€â”€â”€â”€â”€â”€â”€â”€â”€â”€â”€â”€â”€â”€â”€â”€â”€â”€â”€â”€â”€â”€â”€â”€â”€â”€â”€
    ..\..\test-results\auth-ðŸ”-Authentication-should-navigate-to-register-page-mobile-safari\video.webm
    â”€â”€â”€â”€â”€â”€â”€â”€â”€â”€â”€â”€â”€â”€â”€â”€â”€â”€â”€â”€â”€â”€â”€â”€â”€â”€â”€â”€â”€â”€â”€â”€â”€â”€â”€â”€â”€â”€â”€â”€â”€â”€â”€â”€â”€â”€â”€â”€â”€â”€â”€â”€â”€â”€â”€â”€â”€â”€â”€â”€â”€â”€â”€â”€â”€â”€â”€â”€â”€â”€â”€â”€â”€â”€â”€â”€â”€â”€â”€â”€â”€â”€â”€â”€â”€â”€â”€â”€â”€â”€â”€â”€â”€â”€â”€â”€

    Error Context: ..\..\test-results\auth-ðŸ”-Authentication-should-navigate-to-register-page-mobile-safari\error-context.md
]]>
</failure>
<system-out>
<![CDATA[
[[ATTACHMENT|auth-ðŸ”-Authentication-should-navigate-to-register-page-mobile-safari\test-failed-1.png]]

[[ATTACHMENT|auth-ðŸ”-Authentication-should-navigate-to-register-page-mobile-safari\video.webm]]

[[ATTACHMENT|auth-ðŸ”-Authentication-should-navigate-to-register-page-mobile-safari\error-context.md]]
]]>
</system-out>
</testcase>
<testcase name="ðŸ” Authentication â€º should display register form" classname="auth.spec.ts" time="12.848">
</testcase>
</testsuite>
<testsuite name="dashboard.spec.ts" timestamp="2025-08-23T20:20:14.003Z" hostname="mobile-safari" tests="7" failures="7" skipped="0" time="192.815" errors="0">
<testcase name="ðŸ“Š Dashboard â€º should display dashboard stats cards" classname="dashboard.spec.ts" time="23.571">
<failure message="dashboard.spec.ts:11:3 should display dashboard stats cards" type="FAILURE">
<![CDATA[  [mobile-safari] â€º dashboard.spec.ts:11:3 â€º ðŸ“Š Dashboard â€º should display dashboard stats cards â”€â”€â”€

    Error: expect(locator).toBeVisible() failed

    Locator:  locator('[data-testid="stats-cards"]')
    Expected: visible
    Received: <element(s) not found>
    Timeout:  5000ms

    Call log:
      - Expect "toBeVisible" with timeout 5000ms
      - waiting for locator('[data-testid="stats-cards"]')


      13 |     
      14 |     // Check stats cards are visible
    > 15 |     await expect(page.locator('[data-testid="stats-cards"]')).toBeVisible();
         |                                                               ^
      16 |     
      17 |     // Check individual stat cards
      18 |     await expect(page.locator('text=Total Lofts')).toBeVisible();
        at C:\Users\SERVICE-INFO\IA\loft-algerie\tests\e2e\dashboard.spec.ts:15:63

    attachment #1: screenshot (image/png) â”€â”€â”€â”€â”€â”€â”€â”€â”€â”€â”€â”€â”€â”€â”€â”€â”€â”€â”€â”€â”€â”€â”€â”€â”€â”€â”€â”€â”€â”€â”€â”€â”€â”€â”€â”€â”€â”€â”€â”€â”€â”€â”€â”€â”€â”€â”€â”€â”€â”€â”€â”€â”€â”€â”€â”€â”€â”€
    ..\..\test-results\dashboard-ðŸ“Š-Dashboard-should-display-dashboard-stats-cards-mobile-safari\test-failed-1.png
    â”€â”€â”€â”€â”€â”€â”€â”€â”€â”€â”€â”€â”€â”€â”€â”€â”€â”€â”€â”€â”€â”€â”€â”€â”€â”€â”€â”€â”€â”€â”€â”€â”€â”€â”€â”€â”€â”€â”€â”€â”€â”€â”€â”€â”€â”€â”€â”€â”€â”€â”€â”€â”€â”€â”€â”€â”€â”€â”€â”€â”€â”€â”€â”€â”€â”€â”€â”€â”€â”€â”€â”€â”€â”€â”€â”€â”€â”€â”€â”€â”€â”€â”€â”€â”€â”€â”€â”€â”€â”€â”€â”€â”€â”€â”€â”€

    attachment #2: video (video/webm) â”€â”€â”€â”€â”€â”€â”€â”€â”€â”€â”€â”€â”€â”€â”€â”€â”€â”€â”€â”€â”€â”€â”€â”€â”€â”€â”€â”€â”€â”€â”€â”€â”€â”€â”€â”€â”€â”€â”€â”€â”€â”€â”€â”€â”€â”€â”€â”€â”€â”€â”€â”€â”€â”€â”€â”€â”€â”€â”€â”€â”€â”€
    ..\..\test-results\dashboard-ðŸ“Š-Dashboard-should-display-dashboard-stats-cards-mobile-safari\video.webm
    â”€â”€â”€â”€â”€â”€â”€â”€â”€â”€â”€â”€â”€â”€â”€â”€â”€â”€â”€â”€â”€â”€â”€â”€â”€â”€â”€â”€â”€â”€â”€â”€â”€â”€â”€â”€â”€â”€â”€â”€â”€â”€â”€â”€â”€â”€â”€â”€â”€â”€â”€â”€â”€â”€â”€â”€â”€â”€â”€â”€â”€â”€â”€â”€â”€â”€â”€â”€â”€â”€â”€â”€â”€â”€â”€â”€â”€â”€â”€â”€â”€â”€â”€â”€â”€â”€â”€â”€â”€â”€â”€â”€â”€â”€â”€â”€

    Error Context: ..\..\test-results\dashboard-ðŸ“Š-Dashboard-should-display-dashboard-stats-cards-mobile-safari\error-context.md
]]>
</failure>
<system-out>
<![CDATA[
[[ATTACHMENT|dashboard-ðŸ“Š-Dashboard-should-display-dashboard-stats-cards-mobile-safari\test-failed-1.png]]

[[ATTACHMENT|dashboard-ðŸ“Š-Dashboard-should-display-dashboard-stats-cards-mobile-safari\video.webm]]

[[ATTACHMENT|dashboard-ðŸ“Š-Dashboard-should-display-dashboard-stats-cards-mobile-safari\error-context.md]]
]]>
</system-out>
</testcase>
<testcase name="ðŸ“Š Dashboard â€º should display recent activities" classname="dashboard.spec.ts" time="29.926">
<failure message="dashboard.spec.ts:24:3 should display recent activities" type="FAILURE">
<![CDATA[  [mobile-safari] â€º dashboard.spec.ts:24:3 â€º ðŸ“Š Dashboard â€º should display recent activities â”€â”€â”€â”€â”€â”€â”€

    Error: expect(locator).toBeVisible() failed

    Locator:  locator('text=ActivitÃ©s RÃ©centes')
    Expected: visible
    Received: <element(s) not found>
    Timeout:  5000ms

    Call log:
      - Expect "toBeVisible" with timeout 5000ms
      - waiting for locator('text=ActivitÃ©s RÃ©centes')


      26 |     
      27 |     // Check recent activities section
    > 28 |     await expect(page.locator('text=ActivitÃ©s RÃ©centes')).toBeVisible();
         |                                                           ^
      29 |     await expect(page.locator('[data-testid="recent-activities"]')).toBeVisible();
      30 |   });
      31 |
        at C:\Users\SERVICE-INFO\IA\loft-algerie\tests\e2e\dashboard.spec.ts:28:59

    attachment #1: screenshot (image/png) â”€â”€â”€â”€â”€â”€â”€â”€â”€â”€â”€â”€â”€â”€â”€â”€â”€â”€â”€â”€â”€â”€â”€â”€â”€â”€â”€â”€â”€â”€â”€â”€â”€â”€â”€â”€â”€â”€â”€â”€â”€â”€â”€â”€â”€â”€â”€â”€â”€â”€â”€â”€â”€â”€â”€â”€â”€â”€
    ..\..\test-results\dashboard-ðŸ“Š-Dashboard-should-display-recent-activities-mobile-safari\test-failed-1.png
    â”€â”€â”€â”€â”€â”€â”€â”€â”€â”€â”€â”€â”€â”€â”€â”€â”€â”€â”€â”€â”€â”€â”€â”€â”€â”€â”€â”€â”€â”€â”€â”€â”€â”€â”€â”€â”€â”€â”€â”€â”€â”€â”€â”€â”€â”€â”€â”€â”€â”€â”€â”€â”€â”€â”€â”€â”€â”€â”€â”€â”€â”€â”€â”€â”€â”€â”€â”€â”€â”€â”€â”€â”€â”€â”€â”€â”€â”€â”€â”€â”€â”€â”€â”€â”€â”€â”€â”€â”€â”€â”€â”€â”€â”€â”€â”€

    attachment #2: video (video/webm) â”€â”€â”€â”€â”€â”€â”€â”€â”€â”€â”€â”€â”€â”€â”€â”€â”€â”€â”€â”€â”€â”€â”€â”€â”€â”€â”€â”€â”€â”€â”€â”€â”€â”€â”€â”€â”€â”€â”€â”€â”€â”€â”€â”€â”€â”€â”€â”€â”€â”€â”€â”€â”€â”€â”€â”€â”€â”€â”€â”€â”€â”€
    ..\..\test-results\dashboard-ðŸ“Š-Dashboard-should-display-recent-activities-mobile-safari\video.webm
    â”€â”€â”€â”€â”€â”€â”€â”€â”€â”€â”€â”€â”€â”€â”€â”€â”€â”€â”€â”€â”€â”€â”€â”€â”€â”€â”€â”€â”€â”€â”€â”€â”€â”€â”€â”€â”€â”€â”€â”€â”€â”€â”€â”€â”€â”€â”€â”€â”€â”€â”€â”€â”€â”€â”€â”€â”€â”€â”€â”€â”€â”€â”€â”€â”€â”€â”€â”€â”€â”€â”€â”€â”€â”€â”€â”€â”€â”€â”€â”€â”€â”€â”€â”€â”€â”€â”€â”€â”€â”€â”€â”€â”€â”€â”€â”€

    Error Context: ..\..\test-results\dashboard-ðŸ“Š-Dashboard-should-display-recent-activities-mobile-safari\error-context.md
]]>
</failure>
<system-out>
<![CDATA[
[[ATTACHMENT|dashboard-ðŸ“Š-Dashboard-should-display-recent-activities-mobile-safari\test-failed-1.png]]

[[ATTACHMENT|dashboard-ðŸ“Š-Dashboard-should-display-recent-activities-mobile-safari\video.webm]]

[[ATTACHMENT|dashboard-ðŸ“Š-Dashboard-should-display-recent-activities-mobile-safari\error-context.md]]
]]>
</system-out>
</testcase>
<testcase name="ðŸ“Š Dashboard â€º should display charts and analytics" classname="dashboard.spec.ts" time="19.584">
<failure message="dashboard.spec.ts:32:3 should display charts and analytics" type="FAILURE">
<![CDATA[  [mobile-safari] â€º dashboard.spec.ts:32:3 â€º ðŸ“Š Dashboard â€º should display charts and analytics â”€â”€â”€â”€

    Error: page.goto: Navigation to "http://localhost:3000/dashboard" is interrupted by another navigation to "http://localhost:3000/login"
    Call log:
      - navigating to "http://localhost:3000/dashboard", waiting until "load"


      31 |
      32 |   test('should display charts and analytics', async ({ page }) => {
    > 33 |     await page.goto('/dashboard');
         |                ^
      34 |     
      35 |     // Check charts section
      36 |     await expect(page.locator('[data-testid="revenue-chart"]')).toBeVisible();
        at C:\Users\SERVICE-INFO\IA\loft-algerie\tests\e2e\dashboard.spec.ts:33:16

    attachment #1: video (video/webm) â”€â”€â”€â”€â”€â”€â”€â”€â”€â”€â”€â”€â”€â”€â”€â”€â”€â”€â”€â”€â”€â”€â”€â”€â”€â”€â”€â”€â”€â”€â”€â”€â”€â”€â”€â”€â”€â”€â”€â”€â”€â”€â”€â”€â”€â”€â”€â”€â”€â”€â”€â”€â”€â”€â”€â”€â”€â”€â”€â”€â”€â”€
    ..\..\test-results\dashboard-ðŸ“Š-Dashboard-should-display-charts-and-analytics-mobile-safari\video.webm
    â”€â”€â”€â”€â”€â”€â”€â”€â”€â”€â”€â”€â”€â”€â”€â”€â”€â”€â”€â”€â”€â”€â”€â”€â”€â”€â”€â”€â”€â”€â”€â”€â”€â”€â”€â”€â”€â”€â”€â”€â”€â”€â”€â”€â”€â”€â”€â”€â”€â”€â”€â”€â”€â”€â”€â”€â”€â”€â”€â”€â”€â”€â”€â”€â”€â”€â”€â”€â”€â”€â”€â”€â”€â”€â”€â”€â”€â”€â”€â”€â”€â”€â”€â”€â”€â”€â”€â”€â”€â”€â”€â”€â”€â”€â”€â”€

    Error Context: ..\..\test-results\dashboard-ðŸ“Š-Dashboard-should-display-charts-and-analytics-mobile-safari\error-context.md
]]>
</failure>
<system-out>
<![CDATA[
[[ATTACHMENT|dashboard-ðŸ“Š-Dashboard-should-display-charts-and-analytics-mobile-safari\video.webm]]

[[ATTACHMENT|dashboard-ðŸ“Š-Dashboard-should-display-charts-and-analytics-mobile-safari\error-context.md]]
]]>
</system-out>
</testcase>
<testcase name="ðŸ“Š Dashboard â€º should be responsive on mobile" classname="dashboard.spec.ts" time="30.653">
<failure message="dashboard.spec.ts:40:3 should be responsive on mobile" type="FAILURE">
<![CDATA[  [mobile-safari] â€º dashboard.spec.ts:40:3 â€º ðŸ“Š Dashboard â€º should be responsive on mobile â”€â”€â”€â”€â”€â”€â”€â”€â”€

    Test timeout of 30000ms exceeded.

    Error: locator.boundingBox: Test timeout of 30000ms exceeded.
    Call log:
      - waiting for locator('[data-testid="stats-card"]').first()


      47 |     const secondCard = statsCards.nth(1);
      48 |     
    > 49 |     const firstCardBox = await firstCard.boundingBox();
         |                                          ^
      50 |     const secondCardBox = await secondCard.boundingBox();
      51 |     
      52 |     // Second card should be below first card on mobile
        at C:\Users\SERVICE-INFO\IA\loft-algerie\tests\e2e\dashboard.spec.ts:49:42

    attachment #1: screenshot (image/png) â”€â”€â”€â”€â”€â”€â”€â”€â”€â”€â”€â”€â”€â”€â”€â”€â”€â”€â”€â”€â”€â”€â”€â”€â”€â”€â”€â”€â”€â”€â”€â”€â”€â”€â”€â”€â”€â”€â”€â”€â”€â”€â”€â”€â”€â”€â”€â”€â”€â”€â”€â”€â”€â”€â”€â”€â”€â”€
    ..\..\test-results\dashboard-ðŸ“Š-Dashboard-should-be-responsive-on-mobile-mobile-safari\test-failed-1.png
    â”€â”€â”€â”€â”€â”€â”€â”€â”€â”€â”€â”€â”€â”€â”€â”€â”€â”€â”€â”€â”€â”€â”€â”€â”€â”€â”€â”€â”€â”€â”€â”€â”€â”€â”€â”€â”€â”€â”€â”€â”€â”€â”€â”€â”€â”€â”€â”€â”€â”€â”€â”€â”€â”€â”€â”€â”€â”€â”€â”€â”€â”€â”€â”€â”€â”€â”€â”€â”€â”€â”€â”€â”€â”€â”€â”€â”€â”€â”€â”€â”€â”€â”€â”€â”€â”€â”€â”€â”€â”€â”€â”€â”€â”€â”€â”€

    attachment #2: video (video/webm) â”€â”€â”€â”€â”€â”€â”€â”€â”€â”€â”€â”€â”€â”€â”€â”€â”€â”€â”€â”€â”€â”€â”€â”€â”€â”€â”€â”€â”€â”€â”€â”€â”€â”€â”€â”€â”€â”€â”€â”€â”€â”€â”€â”€â”€â”€â”€â”€â”€â”€â”€â”€â”€â”€â”€â”€â”€â”€â”€â”€â”€â”€
    ..\..\test-results\dashboard-ðŸ“Š-Dashboard-should-be-responsive-on-mobile-mobile-safari\video.webm
    â”€â”€â”€â”€â”€â”€â”€â”€â”€â”€â”€â”€â”€â”€â”€â”€â”€â”€â”€â”€â”€â”€â”€â”€â”€â”€â”€â”€â”€â”€â”€â”€â”€â”€â”€â”€â”€â”€â”€â”€â”€â”€â”€â”€â”€â”€â”€â”€â”€â”€â”€â”€â”€â”€â”€â”€â”€â”€â”€â”€â”€â”€â”€â”€â”€â”€â”€â”€â”€â”€â”€â”€â”€â”€â”€â”€â”€â”€â”€â”€â”€â”€â”€â”€â”€â”€â”€â”€â”€â”€â”€â”€â”€â”€â”€â”€

    Error Context: ..\..\test-results\dashboard-ðŸ“Š-Dashboard-should-be-responsive-on-mobile-mobile-safari\error-context.md
]]>
</failure>
<system-out>
<![CDATA[
[[ATTACHMENT|dashboard-ðŸ“Š-Dashboard-should-be-responsive-on-mobile-mobile-safari\test-failed-1.png]]

[[ATTACHMENT|dashboard-ðŸ“Š-Dashboard-should-be-responsive-on-mobile-mobile-safari\video.webm]]

[[ATTACHMENT|dashboard-ðŸ“Š-Dashboard-should-be-responsive-on-mobile-mobile-safari\error-context.md]]
]]>
</system-out>
</testcase>
<testcase name="ðŸ“Š Dashboard â€º should navigate to detailed views from dashboard" classname="dashboard.spec.ts" time="35.168">
<failure message="dashboard.spec.ts:56:3 should navigate to detailed views from dashboard" type="FAILURE">
<![CDATA[  [mobile-safari] â€º dashboard.spec.ts:56:3 â€º ðŸ“Š Dashboard â€º should navigate to detailed views from dashboard 

    Test timeout of 30000ms exceeded.

    Error: page.goto: Test timeout of 30000ms exceeded.
    Call log:
      - navigating to "http://localhost:3000/dashboard", waiting until "load"


      55 |
      56 |   test('should navigate to detailed views from dashboard', async ({ page }) => {
    > 57 |     await page.goto('/dashboard');
         |                ^
      58 |     
      59 |     // Click on lofts stat card
      60 |     await page.click('[data-testid="lofts-stat-card"]');
        at C:\Users\SERVICE-INFO\IA\loft-algerie\tests\e2e\dashboard.spec.ts:57:16

    attachment #1: video (video/webm) â”€â”€â”€â”€â”€â”€â”€â”€â”€â”€â”€â”€â”€â”€â”€â”€â”€â”€â”€â”€â”€â”€â”€â”€â”€â”€â”€â”€â”€â”€â”€â”€â”€â”€â”€â”€â”€â”€â”€â”€â”€â”€â”€â”€â”€â”€â”€â”€â”€â”€â”€â”€â”€â”€â”€â”€â”€â”€â”€â”€â”€â”€
    ..\..\test-results\dashboard-ðŸ“Š-Dashboard-sho-00fc2-tailed-views-from-dashboard-mobile-safari\video.webm
    â”€â”€â”€â”€â”€â”€â”€â”€â”€â”€â”€â”€â”€â”€â”€â”€â”€â”€â”€â”€â”€â”€â”€â”€â”€â”€â”€â”€â”€â”€â”€â”€â”€â”€â”€â”€â”€â”€â”€â”€â”€â”€â”€â”€â”€â”€â”€â”€â”€â”€â”€â”€â”€â”€â”€â”€â”€â”€â”€â”€â”€â”€â”€â”€â”€â”€â”€â”€â”€â”€â”€â”€â”€â”€â”€â”€â”€â”€â”€â”€â”€â”€â”€â”€â”€â”€â”€â”€â”€â”€â”€â”€â”€â”€â”€â”€

    Error Context: ..\..\test-results\dashboard-ðŸ“Š-Dashboard-sho-00fc2-tailed-views-from-dashboard-mobile-safari\error-context.md
]]>
</failure>
<system-out>
<![CDATA[
[[ATTACHMENT|dashboard-ðŸ“Š-Dashboard-sho-00fc2-tailed-views-from-dashboard-mobile-safari\video.webm]]

[[ATTACHMENT|dashboard-ðŸ“Š-Dashboard-sho-00fc2-tailed-views-from-dashboard-mobile-safari\error-context.md]]
]]>
</system-out>
</testcase>
<testcase name="ðŸ“Š Dashboard â€º should display user greeting" classname="dashboard.spec.ts" time="33.231">
<failure message="dashboard.spec.ts:71:3 should display user greeting" type="FAILURE">
<![CDATA[  [mobile-safari] â€º dashboard.spec.ts:71:3 â€º ðŸ“Š Dashboard â€º should display user greeting â”€â”€â”€â”€â”€â”€â”€â”€â”€â”€â”€

    Test timeout of 30000ms exceeded.

    Error: expect(locator).toBeVisible() failed

    Locator:  locator('text=Bonjour')
    Expected: visible
    Received: <element(s) not found>

    Call log:
      - Expect "toBeVisible" with timeout 5000ms
      - waiting for locator('text=Bonjour')


      73 |     
      74 |     // Should show personalized greeting
    > 75 |     await expect(page.locator('text=Bonjour')).toBeVisible();
         |                                                ^
      76 |     await expect(page.locator('[data-testid="user-name"]')).toBeVisible();
      77 |   });
      78 |
        at C:\Users\SERVICE-INFO\IA\loft-algerie\tests\e2e\dashboard.spec.ts:75:48

    attachment #1: screenshot (image/png) â”€â”€â”€â”€â”€â”€â”€â”€â”€â”€â”€â”€â”€â”€â”€â”€â”€â”€â”€â”€â”€â”€â”€â”€â”€â”€â”€â”€â”€â”€â”€â”€â”€â”€â”€â”€â”€â”€â”€â”€â”€â”€â”€â”€â”€â”€â”€â”€â”€â”€â”€â”€â”€â”€â”€â”€â”€â”€
    ..\..\test-results\dashboard-ðŸ“Š-Dashboard-should-display-user-greeting-mobile-safari\test-failed-1.png
    â”€â”€â”€â”€â”€â”€â”€â”€â”€â”€â”€â”€â”€â”€â”€â”€â”€â”€â”€â”€â”€â”€â”€â”€â”€â”€â”€â”€â”€â”€â”€â”€â”€â”€â”€â”€â”€â”€â”€â”€â”€â”€â”€â”€â”€â”€â”€â”€â”€â”€â”€â”€â”€â”€â”€â”€â”€â”€â”€â”€â”€â”€â”€â”€â”€â”€â”€â”€â”€â”€â”€â”€â”€â”€â”€â”€â”€â”€â”€â”€â”€â”€â”€â”€â”€â”€â”€â”€â”€â”€â”€â”€â”€â”€â”€â”€

    attachment #2: video (video/webm) â”€â”€â”€â”€â”€â”€â”€â”€â”€â”€â”€â”€â”€â”€â”€â”€â”€â”€â”€â”€â”€â”€â”€â”€â”€â”€â”€â”€â”€â”€â”€â”€â”€â”€â”€â”€â”€â”€â”€â”€â”€â”€â”€â”€â”€â”€â”€â”€â”€â”€â”€â”€â”€â”€â”€â”€â”€â”€â”€â”€â”€â”€
    ..\..\test-results\dashboard-ðŸ“Š-Dashboard-should-display-user-greeting-mobile-safari\video.webm
    â”€â”€â”€â”€â”€â”€â”€â”€â”€â”€â”€â”€â”€â”€â”€â”€â”€â”€â”€â”€â”€â”€â”€â”€â”€â”€â”€â”€â”€â”€â”€â”€â”€â”€â”€â”€â”€â”€â”€â”€â”€â”€â”€â”€â”€â”€â”€â”€â”€â”€â”€â”€â”€â”€â”€â”€â”€â”€â”€â”€â”€â”€â”€â”€â”€â”€â”€â”€â”€â”€â”€â”€â”€â”€â”€â”€â”€â”€â”€â”€â”€â”€â”€â”€â”€â”€â”€â”€â”€â”€â”€â”€â”€â”€â”€â”€

    Error Context: ..\..\test-results\dashboard-ðŸ“Š-Dashboard-should-display-user-greeting-mobile-safari\error-context.md
]]>
</failure>
<system-out>
<![CDATA[
[[ATTACHMENT|dashboard-ðŸ“Š-Dashboard-should-display-user-greeting-mobile-safari\test-failed-1.png]]

[[ATTACHMENT|dashboard-ðŸ“Š-Dashboard-should-display-user-greeting-mobile-safari\video.webm]]

[[ATTACHMENT|dashboard-ðŸ“Š-Dashboard-should-display-user-greeting-mobile-safari\error-context.md]]
]]>
</system-out>
</testcase>
<testcase name="ðŸ“Š Dashboard â€º should show notifications badge" classname="dashboard.spec.ts" time="20.682">
<failure message="dashboard.spec.ts:79:3 should show notifications badge" type="FAILURE">
<![CDATA[  [mobile-safari] â€º dashboard.spec.ts:79:3 â€º ðŸ“Š Dashboard â€º should show notifications badge â”€â”€â”€â”€â”€â”€â”€â”€

    Error: page.goto: Navigation to "http://localhost:3000/dashboard" is interrupted by another navigation to "http://localhost:3000/login"
    Call log:
      - navigating to "http://localhost:3000/dashboard", waiting until "load"


      78 |
      79 |   test('should show notifications badge', async ({ page }) => {
    > 80 |     await page.goto('/dashboard');
         |                ^
      81 |     
      82 |     // Check if notifications are visible in sidebar
      83 |     const notificationBadge = page.locator('[data-testid="notification-badge"]');
        at C:\Users\SERVICE-INFO\IA\loft-algerie\tests\e2e\dashboard.spec.ts:80:16

    attachment #1: video (video/webm) â”€â”€â”€â”€â”€â”€â”€â”€â”€â”€â”€â”€â”€â”€â”€â”€â”€â”€â”€â”€â”€â”€â”€â”€â”€â”€â”€â”€â”€â”€â”€â”€â”€â”€â”€â”€â”€â”€â”€â”€â”€â”€â”€â”€â”€â”€â”€â”€â”€â”€â”€â”€â”€â”€â”€â”€â”€â”€â”€â”€â”€â”€
    ..\..\test-results\dashboard-ðŸ“Š-Dashboard-should-show-notifications-badge-mobile-safari\video.webm
    â”€â”€â”€â”€â”€â”€â”€â”€â”€â”€â”€â”€â”€â”€â”€â”€â”€â”€â”€â”€â”€â”€â”€â”€â”€â”€â”€â”€â”€â”€â”€â”€â”€â”€â”€â”€â”€â”€â”€â”€â”€â”€â”€â”€â”€â”€â”€â”€â”€â”€â”€â”€â”€â”€â”€â”€â”€â”€â”€â”€â”€â”€â”€â”€â”€â”€â”€â”€â”€â”€â”€â”€â”€â”€â”€â”€â”€â”€â”€â”€â”€â”€â”€â”€â”€â”€â”€â”€â”€â”€â”€â”€â”€â”€â”€â”€

    Error Context: ..\..\test-results\dashboard-ðŸ“Š-Dashboard-should-show-notifications-badge-mobile-safari\error-context.md
]]>
</failure>
<system-out>
<![CDATA[
[[ATTACHMENT|dashboard-ðŸ“Š-Dashboard-should-show-notifications-badge-mobile-safari\video.webm]]

[[ATTACHMENT|dashboard-ðŸ“Š-Dashboard-should-show-notifications-badge-mobile-safari\error-context.md]]
]]>
</system-out>
</testcase>
</testsuite>
<testsuite name="navigation.spec.ts" timestamp="2025-08-23T20:20:14.003Z" hostname="mobile-safari" tests="6" failures="6" skipped="0" time="151.576" errors="0">
<testcase name="ðŸ§­ Navigation â€º should display homepage correctly" classname="navigation.spec.ts" time="29.147">
<failure message="navigation.spec.ts:12:3 should display homepage correctly" type="FAILURE">
<![CDATA[  [mobile-safari] â€º navigation.spec.ts:12:3 â€º ðŸ§­ Navigation â€º should display homepage correctly â”€â”€â”€â”€

    Error: page.goto: Navigation to "http://localhost:3000/" is interrupted by another navigation to "http://localhost:3000/login"
    Call log:
      - navigating to "http://localhost:3000/", waiting until "load"


      11 |
      12 |   test('should display homepage correctly', async ({ page }) => {
    > 13 |     await page.goto('/');
         |                ^
      14 |     
      15 |     // Check main elements
      16 |     await expect(page.locator('h1')).toContainText('Loft AlgÃ©rie');
        at C:\Users\SERVICE-INFO\IA\loft-algerie\tests\e2e\navigation.spec.ts:13:16

    attachment #1: screenshot (image/png) â”€â”€â”€â”€â”€â”€â”€â”€â”€â”€â”€â”€â”€â”€â”€â”€â”€â”€â”€â”€â”€â”€â”€â”€â”€â”€â”€â”€â”€â”€â”€â”€â”€â”€â”€â”€â”€â”€â”€â”€â”€â”€â”€â”€â”€â”€â”€â”€â”€â”€â”€â”€â”€â”€â”€â”€â”€â”€
    ..\..\test-results\navigation-ðŸ§­-Navigation-should-display-homepage-correctly-mobile-safari\test-failed-1.png
    â”€â”€â”€â”€â”€â”€â”€â”€â”€â”€â”€â”€â”€â”€â”€â”€â”€â”€â”€â”€â”€â”€â”€â”€â”€â”€â”€â”€â”€â”€â”€â”€â”€â”€â”€â”€â”€â”€â”€â”€â”€â”€â”€â”€â”€â”€â”€â”€â”€â”€â”€â”€â”€â”€â”€â”€â”€â”€â”€â”€â”€â”€â”€â”€â”€â”€â”€â”€â”€â”€â”€â”€â”€â”€â”€â”€â”€â”€â”€â”€â”€â”€â”€â”€â”€â”€â”€â”€â”€â”€â”€â”€â”€â”€â”€â”€

    attachment #2: video (video/webm) â”€â”€â”€â”€â”€â”€â”€â”€â”€â”€â”€â”€â”€â”€â”€â”€â”€â”€â”€â”€â”€â”€â”€â”€â”€â”€â”€â”€â”€â”€â”€â”€â”€â”€â”€â”€â”€â”€â”€â”€â”€â”€â”€â”€â”€â”€â”€â”€â”€â”€â”€â”€â”€â”€â”€â”€â”€â”€â”€â”€â”€â”€
    ..\..\test-results\navigation-ðŸ§­-Navigation-should-display-homepage-correctly-mobile-safari\video.webm
    â”€â”€â”€â”€â”€â”€â”€â”€â”€â”€â”€â”€â”€â”€â”€â”€â”€â”€â”€â”€â”€â”€â”€â”€â”€â”€â”€â”€â”€â”€â”€â”€â”€â”€â”€â”€â”€â”€â”€â”€â”€â”€â”€â”€â”€â”€â”€â”€â”€â”€â”€â”€â”€â”€â”€â”€â”€â”€â”€â”€â”€â”€â”€â”€â”€â”€â”€â”€â”€â”€â”€â”€â”€â”€â”€â”€â”€â”€â”€â”€â”€â”€â”€â”€â”€â”€â”€â”€â”€â”€â”€â”€â”€â”€â”€â”€

    Error Context: ..\..\test-results\navigation-ðŸ§­-Navigation-should-display-homepage-correctly-mobile-safari\error-context.md
]]>
</failure>
<system-out>
<![CDATA[
[[ATTACHMENT|navigation-ðŸ§­-Navigation-should-display-homepage-correctly-mobile-safari\test-failed-1.png]]

[[ATTACHMENT|navigation-ðŸ§­-Navigation-should-display-homepage-correctly-mobile-safari\video.webm]]

[[ATTACHMENT|navigation-ðŸ§­-Navigation-should-display-homepage-correctly-mobile-safari\error-context.md]]
]]>
</system-out>
</testcase>
<testcase name="ðŸ§­ Navigation â€º should navigate to different sections from homepage" classname="navigation.spec.ts" time="23.959">
<failure message="navigation.spec.ts:26:3 should navigate to different sections from homepage" type="FAILURE">
<![CDATA[  [mobile-safari] â€º navigation.spec.ts:26:3 â€º ðŸ§­ Navigation â€º should navigate to different sections from homepage 

    Error: page.goto: Navigation to "http://localhost:3000/" is interrupted by another navigation to "http://localhost:3000/login"
    Call log:
      - navigating to "http://localhost:3000/", waiting until "load"


      25 |
      26 |   test('should navigate to different sections from homepage', async ({ page }) => {
    > 27 |     await page.goto('/');
         |                ^
      28 |     
      29 |     // Test navigation to lofts
      30 |     await page.click('text=Voir les Lofts');
        at C:\Users\SERVICE-INFO\IA\loft-algerie\tests\e2e\navigation.spec.ts:27:16

    attachment #1: video (video/webm) â”€â”€â”€â”€â”€â”€â”€â”€â”€â”€â”€â”€â”€â”€â”€â”€â”€â”€â”€â”€â”€â”€â”€â”€â”€â”€â”€â”€â”€â”€â”€â”€â”€â”€â”€â”€â”€â”€â”€â”€â”€â”€â”€â”€â”€â”€â”€â”€â”€â”€â”€â”€â”€â”€â”€â”€â”€â”€â”€â”€â”€â”€
    ..\..\test-results\navigation-ðŸ§­-Navigation-s-d22cd-rent-sections-from-homepage-mobile-safari\video.webm
    â”€â”€â”€â”€â”€â”€â”€â”€â”€â”€â”€â”€â”€â”€â”€â”€â”€â”€â”€â”€â”€â”€â”€â”€â”€â”€â”€â”€â”€â”€â”€â”€â”€â”€â”€â”€â”€â”€â”€â”€â”€â”€â”€â”€â”€â”€â”€â”€â”€â”€â”€â”€â”€â”€â”€â”€â”€â”€â”€â”€â”€â”€â”€â”€â”€â”€â”€â”€â”€â”€â”€â”€â”€â”€â”€â”€â”€â”€â”€â”€â”€â”€â”€â”€â”€â”€â”€â”€â”€â”€â”€â”€â”€â”€â”€â”€

    Error Context: ..\..\test-results\navigation-ðŸ§­-Navigation-s-d22cd-rent-sections-from-homepage-mobile-safari\error-context.md
]]>
</failure>
<system-out>
<![CDATA[
[[ATTACHMENT|navigation-ðŸ§­-Navigation-s-d22cd-rent-sections-from-homepage-mobile-safari\video.webm]]

[[ATTACHMENT|navigation-ðŸ§­-Navigation-s-d22cd-rent-sections-from-homepage-mobile-safari\error-context.md]]
]]>
</system-out>
</testcase>
<testcase name="ðŸ§­ Navigation â€º should display responsive navigation" classname="navigation.spec.ts" time="23.288">
<failure message="navigation.spec.ts:48:3 should display responsive navigation" type="FAILURE">
<![CDATA[  [mobile-safari] â€º navigation.spec.ts:48:3 â€º ðŸ§­ Navigation â€º should display responsive navigation â”€

    Error: expect(locator).toBeVisible() failed

    Locator:  locator('[data-testid="sidebar"]')
    Expected: visible
    Received: <element(s) not found>
    Timeout:  5000ms

    Call log:
      - Expect "toBeVisible" with timeout 5000ms
      - waiting for locator('[data-testid="sidebar"]')


      52 |     
      53 |     // Should show sidebar on desktop
    > 54 |     await expect(page.locator('[data-testid="sidebar"]')).toBeVisible();
         |                                                           ^
      55 |     
      56 |     // Test mobile navigation
      57 |     await page.setViewportSize({ width: 375, height: 667 });
        at C:\Users\SERVICE-INFO\IA\loft-algerie\tests\e2e\navigation.spec.ts:54:59

    attachment #1: screenshot (image/png) â”€â”€â”€â”€â”€â”€â”€â”€â”€â”€â”€â”€â”€â”€â”€â”€â”€â”€â”€â”€â”€â”€â”€â”€â”€â”€â”€â”€â”€â”€â”€â”€â”€â”€â”€â”€â”€â”€â”€â”€â”€â”€â”€â”€â”€â”€â”€â”€â”€â”€â”€â”€â”€â”€â”€â”€â”€â”€
    ..\..\test-results\navigation-ðŸ§­-Navigation-s-63103-splay-responsive-navigation-mobile-safari\test-failed-1.png
    â”€â”€â”€â”€â”€â”€â”€â”€â”€â”€â”€â”€â”€â”€â”€â”€â”€â”€â”€â”€â”€â”€â”€â”€â”€â”€â”€â”€â”€â”€â”€â”€â”€â”€â”€â”€â”€â”€â”€â”€â”€â”€â”€â”€â”€â”€â”€â”€â”€â”€â”€â”€â”€â”€â”€â”€â”€â”€â”€â”€â”€â”€â”€â”€â”€â”€â”€â”€â”€â”€â”€â”€â”€â”€â”€â”€â”€â”€â”€â”€â”€â”€â”€â”€â”€â”€â”€â”€â”€â”€â”€â”€â”€â”€â”€â”€

    attachment #2: video (video/webm) â”€â”€â”€â”€â”€â”€â”€â”€â”€â”€â”€â”€â”€â”€â”€â”€â”€â”€â”€â”€â”€â”€â”€â”€â”€â”€â”€â”€â”€â”€â”€â”€â”€â”€â”€â”€â”€â”€â”€â”€â”€â”€â”€â”€â”€â”€â”€â”€â”€â”€â”€â”€â”€â”€â”€â”€â”€â”€â”€â”€â”€â”€
    ..\..\test-results\navigation-ðŸ§­-Navigation-s-63103-splay-responsive-navigation-mobile-safari\video.webm
    â”€â”€â”€â”€â”€â”€â”€â”€â”€â”€â”€â”€â”€â”€â”€â”€â”€â”€â”€â”€â”€â”€â”€â”€â”€â”€â”€â”€â”€â”€â”€â”€â”€â”€â”€â”€â”€â”€â”€â”€â”€â”€â”€â”€â”€â”€â”€â”€â”€â”€â”€â”€â”€â”€â”€â”€â”€â”€â”€â”€â”€â”€â”€â”€â”€â”€â”€â”€â”€â”€â”€â”€â”€â”€â”€â”€â”€â”€â”€â”€â”€â”€â”€â”€â”€â”€â”€â”€â”€â”€â”€â”€â”€â”€â”€â”€

    Error Context: ..\..\test-results\navigation-ðŸ§­-Navigation-s-63103-splay-responsive-navigation-mobile-safari\error-context.md
]]>
</failure>
<system-out>
<![CDATA[
[[ATTACHMENT|navigation-ðŸ§­-Navigation-s-63103-splay-responsive-navigation-mobile-safari\test-failed-1.png]]

[[ATTACHMENT|navigation-ðŸ§­-Navigation-s-63103-splay-responsive-navigation-mobile-safari\video.webm]]

[[ATTACHMENT|navigation-ðŸ§­-Navigation-s-63103-splay-responsive-navigation-mobile-safari\error-context.md]]
]]>
</system-out>
</testcase>
<testcase name="ðŸ§­ Navigation â€º should open mobile menu" classname="navigation.spec.ts" time="30.177">
<failure message="navigation.spec.ts:67:3 should open mobile menu" type="FAILURE">
<![CDATA[  [mobile-safari] â€º navigation.spec.ts:67:3 â€º ðŸ§­ Navigation â€º should open mobile menu â”€â”€â”€â”€â”€â”€â”€â”€â”€â”€â”€â”€â”€â”€

    Test timeout of 30000ms exceeded.

    Error: page.click: Test timeout of 30000ms exceeded.
    Call log:
      - waiting for locator('[data-testid="menu-button"]')


      70 |     
      71 |     // Click menu button
    > 72 |     await page.click('[data-testid="menu-button"]');
         |                ^
      73 |     
      74 |     // Should show mobile navigation
      75 |     await expect(page.locator('[data-testid="mobile-nav"]')).toBeVisible();
        at C:\Users\SERVICE-INFO\IA\loft-algerie\tests\e2e\navigation.spec.ts:72:16

    attachment #1: screenshot (image/png) â”€â”€â”€â”€â”€â”€â”€â”€â”€â”€â”€â”€â”€â”€â”€â”€â”€â”€â”€â”€â”€â”€â”€â”€â”€â”€â”€â”€â”€â”€â”€â”€â”€â”€â”€â”€â”€â”€â”€â”€â”€â”€â”€â”€â”€â”€â”€â”€â”€â”€â”€â”€â”€â”€â”€â”€â”€â”€
    ..\..\test-results\navigation-ðŸ§­-Navigation-should-open-mobile-menu-mobile-safari\test-failed-1.png
    â”€â”€â”€â”€â”€â”€â”€â”€â”€â”€â”€â”€â”€â”€â”€â”€â”€â”€â”€â”€â”€â”€â”€â”€â”€â”€â”€â”€â”€â”€â”€â”€â”€â”€â”€â”€â”€â”€â”€â”€â”€â”€â”€â”€â”€â”€â”€â”€â”€â”€â”€â”€â”€â”€â”€â”€â”€â”€â”€â”€â”€â”€â”€â”€â”€â”€â”€â”€â”€â”€â”€â”€â”€â”€â”€â”€â”€â”€â”€â”€â”€â”€â”€â”€â”€â”€â”€â”€â”€â”€â”€â”€â”€â”€â”€â”€

    attachment #2: video (video/webm) â”€â”€â”€â”€â”€â”€â”€â”€â”€â”€â”€â”€â”€â”€â”€â”€â”€â”€â”€â”€â”€â”€â”€â”€â”€â”€â”€â”€â”€â”€â”€â”€â”€â”€â”€â”€â”€â”€â”€â”€â”€â”€â”€â”€â”€â”€â”€â”€â”€â”€â”€â”€â”€â”€â”€â”€â”€â”€â”€â”€â”€â”€
    ..\..\test-results\navigation-ðŸ§­-Navigation-should-open-mobile-menu-mobile-safari\video.webm
    â”€â”€â”€â”€â”€â”€â”€â”€â”€â”€â”€â”€â”€â”€â”€â”€â”€â”€â”€â”€â”€â”€â”€â”€â”€â”€â”€â”€â”€â”€â”€â”€â”€â”€â”€â”€â”€â”€â”€â”€â”€â”€â”€â”€â”€â”€â”€â”€â”€â”€â”€â”€â”€â”€â”€â”€â”€â”€â”€â”€â”€â”€â”€â”€â”€â”€â”€â”€â”€â”€â”€â”€â”€â”€â”€â”€â”€â”€â”€â”€â”€â”€â”€â”€â”€â”€â”€â”€â”€â”€â”€â”€â”€â”€â”€â”€

    Error Context: ..\..\test-results\navigation-ðŸ§­-Navigation-should-open-mobile-menu-mobile-safari\error-context.md
]]>
</failure>
<system-out>
<![CDATA[
[[ATTACHMENT|navigation-ðŸ§­-Navigation-should-open-mobile-menu-mobile-safari\test-failed-1.png]]

[[ATTACHMENT|navigation-ðŸ§­-Navigation-should-open-mobile-menu-mobile-safari\video.webm]]

[[ATTACHMENT|navigation-ðŸ§­-Navigation-should-open-mobile-menu-mobile-safari\error-context.md]]
]]>
</system-out>
</testcase>
<testcase name="ðŸ§­ Navigation â€º should display language selector" classname="navigation.spec.ts" time="14.718">
<failure message="navigation.spec.ts:78:3 should display language selector" type="FAILURE">
<![CDATA[  [mobile-safari] â€º navigation.spec.ts:78:3 â€º ðŸ§­ Navigation â€º should display language selector â”€â”€â”€â”€â”€

    Error: expect(locator).toBeVisible() failed

    Locator:  locator('[data-testid="language-selector"]')
    Expected: visible
    Received: <element(s) not found>
    Timeout:  5000ms

    Call log:
      - Expect "toBeVisible" with timeout 5000ms
      - waiting for locator('[data-testid="language-selector"]')


      80 |     
      81 |     // Should show language selector
    > 82 |     await expect(page.locator('[data-testid="language-selector"]')).toBeVisible();
         |                                                                     ^
      83 |     
      84 |     // Click language selector
      85 |     await page.click('[data-testid="language-selector"]');
        at C:\Users\SERVICE-INFO\IA\loft-algerie\tests\e2e\navigation.spec.ts:82:69

    attachment #1: screenshot (image/png) â”€â”€â”€â”€â”€â”€â”€â”€â”€â”€â”€â”€â”€â”€â”€â”€â”€â”€â”€â”€â”€â”€â”€â”€â”€â”€â”€â”€â”€â”€â”€â”€â”€â”€â”€â”€â”€â”€â”€â”€â”€â”€â”€â”€â”€â”€â”€â”€â”€â”€â”€â”€â”€â”€â”€â”€â”€â”€
    ..\..\test-results\navigation-ðŸ§­-Navigation-should-display-language-selector-mobile-safari\test-failed-1.png
    â”€â”€â”€â”€â”€â”€â”€â”€â”€â”€â”€â”€â”€â”€â”€â”€â”€â”€â”€â”€â”€â”€â”€â”€â”€â”€â”€â”€â”€â”€â”€â”€â”€â”€â”€â”€â”€â”€â”€â”€â”€â”€â”€â”€â”€â”€â”€â”€â”€â”€â”€â”€â”€â”€â”€â”€â”€â”€â”€â”€â”€â”€â”€â”€â”€â”€â”€â”€â”€â”€â”€â”€â”€â”€â”€â”€â”€â”€â”€â”€â”€â”€â”€â”€â”€â”€â”€â”€â”€â”€â”€â”€â”€â”€â”€â”€

    attachment #2: video (video/webm) â”€â”€â”€â”€â”€â”€â”€â”€â”€â”€â”€â”€â”€â”€â”€â”€â”€â”€â”€â”€â”€â”€â”€â”€â”€â”€â”€â”€â”€â”€â”€â”€â”€â”€â”€â”€â”€â”€â”€â”€â”€â”€â”€â”€â”€â”€â”€â”€â”€â”€â”€â”€â”€â”€â”€â”€â”€â”€â”€â”€â”€â”€
    ..\..\test-results\navigation-ðŸ§­-Navigation-should-display-language-selector-mobile-safari\video.webm
    â”€â”€â”€â”€â”€â”€â”€â”€â”€â”€â”€â”€â”€â”€â”€â”€â”€â”€â”€â”€â”€â”€â”€â”€â”€â”€â”€â”€â”€â”€â”€â”€â”€â”€â”€â”€â”€â”€â”€â”€â”€â”€â”€â”€â”€â”€â”€â”€â”€â”€â”€â”€â”€â”€â”€â”€â”€â”€â”€â”€â”€â”€â”€â”€â”€â”€â”€â”€â”€â”€â”€â”€â”€â”€â”€â”€â”€â”€â”€â”€â”€â”€â”€â”€â”€â”€â”€â”€â”€â”€â”€â”€â”€â”€â”€â”€

    Error Context: ..\..\test-results\navigation-ðŸ§­-Navigation-should-display-language-selector-mobile-safari\error-context.md
]]>
</failure>
<system-out>
<![CDATA[
[[ATTACHMENT|navigation-ðŸ§­-Navigation-should-display-language-selector-mobile-safari\test-failed-1.png]]

[[ATTACHMENT|navigation-ðŸ§­-Navigation-should-display-language-selector-mobile-safari\video.webm]]

[[ATTACHMENT|navigation-ðŸ§­-Navigation-should-display-language-selector-mobile-safari\error-context.md]]
]]>
</system-out>
</testcase>
<testcase name="ðŸ§­ Navigation â€º should change language" classname="navigation.spec.ts" time="30.287">
<failure message="navigation.spec.ts:93:3 should change language" type="FAILURE">
<![CDATA[  [mobile-safari] â€º navigation.spec.ts:93:3 â€º ðŸ§­ Navigation â€º should change language â”€â”€â”€â”€â”€â”€â”€â”€â”€â”€â”€â”€â”€â”€â”€

    Test timeout of 30000ms exceeded.

    Error: page.click: Test timeout of 30000ms exceeded.
    Call log:
      - waiting for locator('[data-testid="language-selector"]')


       95 |     
       96 |     // Click language selector
    >  97 |     await page.click('[data-testid="language-selector"]');
          |                ^
       98 |     
       99 |     // Select English
      100 |     await page.click('text=English');
        at C:\Users\SERVICE-INFO\IA\loft-algerie\tests\e2e\navigation.spec.ts:97:16

    attachment #1: screenshot (image/png) â”€â”€â”€â”€â”€â”€â”€â”€â”€â”€â”€â”€â”€â”€â”€â”€â”€â”€â”€â”€â”€â”€â”€â”€â”€â”€â”€â”€â”€â”€â”€â”€â”€â”€â”€â”€â”€â”€â”€â”€â”€â”€â”€â”€â”€â”€â”€â”€â”€â”€â”€â”€â”€â”€â”€â”€â”€â”€
    ..\..\test-results\navigation-ðŸ§­-Navigation-should-change-language-mobile-safari\test-failed-1.png
    â”€â”€â”€â”€â”€â”€â”€â”€â”€â”€â”€â”€â”€â”€â”€â”€â”€â”€â”€â”€â”€â”€â”€â”€â”€â”€â”€â”€â”€â”€â”€â”€â”€â”€â”€â”€â”€â”€â”€â”€â”€â”€â”€â”€â”€â”€â”€â”€â”€â”€â”€â”€â”€â”€â”€â”€â”€â”€â”€â”€â”€â”€â”€â”€â”€â”€â”€â”€â”€â”€â”€â”€â”€â”€â”€â”€â”€â”€â”€â”€â”€â”€â”€â”€â”€â”€â”€â”€â”€â”€â”€â”€â”€â”€â”€â”€

    attachment #2: video (video/webm) â”€â”€â”€â”€â”€â”€â”€â”€â”€â”€â”€â”€â”€â”€â”€â”€â”€â”€â”€â”€â”€â”€â”€â”€â”€â”€â”€â”€â”€â”€â”€â”€â”€â”€â”€â”€â”€â”€â”€â”€â”€â”€â”€â”€â”€â”€â”€â”€â”€â”€â”€â”€â”€â”€â”€â”€â”€â”€â”€â”€â”€â”€
    ..\..\test-results\navigation-ðŸ§­-Navigation-should-change-language-mobile-safari\video.webm
    â”€â”€â”€â”€â”€â”€â”€â”€â”€â”€â”€â”€â”€â”€â”€â”€â”€â”€â”€â”€â”€â”€â”€â”€â”€â”€â”€â”€â”€â”€â”€â”€â”€â”€â”€â”€â”€â”€â”€â”€â”€â”€â”€â”€â”€â”€â”€â”€â”€â”€â”€â”€â”€â”€â”€â”€â”€â”€â”€â”€â”€â”€â”€â”€â”€â”€â”€â”€â”€â”€â”€â”€â”€â”€â”€â”€â”€â”€â”€â”€â”€â”€â”€â”€â”€â”€â”€â”€â”€â”€â”€â”€â”€â”€â”€â”€

    Error Context: ..\..\test-results\navigation-ðŸ§­-Navigation-should-change-language-mobile-safari\error-context.md
]]>
</failure>
<system-out>
<![CDATA[
[[ATTACHMENT|navigation-ðŸ§­-Navigation-should-change-language-mobile-safari\test-failed-1.png]]

[[ATTACHMENT|navigation-ðŸ§­-Navigation-should-change-language-mobile-safari\video.webm]]

[[ATTACHMENT|navigation-ðŸ§­-Navigation-should-change-language-mobile-safari\error-context.md]]
]]>
</system-out>
</testcase>
</testsuite>
</testsuites>